<?xml version="1.0" encoding="utf-8" standalone="no"?>
<!--This file represents the results of running a test suite-->
<test-results name="/home/kol3/development/umbraco/umbracomono/src/Umbraco.Tests/bin/Debug/Umbraco.Tests.dll" total="916" errors="5" failures="2" not-run="170" inconclusive="0" ignored="170" skipped="0" invalid="0" date="2013-10-20" time="22:38:28">
  <environment nunit-version="2.6.3.13283" clr-version="2.0.50727.1433" os-version="Unix 3.2.0.4" platform="Unix" cwd="/home/kol3/development/NUnit-2.6.3/bin" machine-name="DFG-47" user="kol3" user-domain="DFG-47" />
  <culture-info current-culture="en-GB" current-uiculture="en-GB" />
  <test-suite type="Assembly" name="/home/kol3/development/umbraco/umbracomono/src/Umbraco.Tests/bin/Debug/Umbraco.Tests.dll" executed="True" result="Failure" success="False" time="262.145" asserts="0">
    <results>
      <test-suite type="Namespace" name="Umbraco" executed="True" result="Failure" success="False" time="262.136" asserts="0">
        <results>
          <test-suite type="Namespace" name="Tests" executed="True" result="Failure" success="False" time="262.135" asserts="0">
            <results>
              <test-suite type="TestFixture" name="AsynchronousRollingFileAppenderTests" executed="True" result="Success" success="True" time="3.882" asserts="0">
                <results>
                  <test-case name="Umbraco.Tests.AsynchronousRollingFileAppenderTests.CanLogAtleast1000MessagesASecond" executed="True" result="Success" success="True" time="3.135" asserts="1" />
                  <test-case name="Umbraco.Tests.AsynchronousRollingFileAppenderTests.CanWriteToFile" executed="True" result="Success" success="True" time="0.207" asserts="2" />
                  <test-case name="Umbraco.Tests.AsynchronousRollingFileAppenderTests.ReturnsQuicklyAfterLogging100Messages" executed="True" result="Success" success="True" time="0.514" asserts="3" />
                </results>
              </test-suite>
              <test-suite type="Namespace" name="Auditing" executed="True" result="Success" success="True" time="0.943" asserts="0">
                <results>
                  <test-suite type="TestFixture" name="AuditTests" executed="True" result="Success" success="True" time="0.942" asserts="0">
                    <results>
                      <test-case name="Umbraco.Tests.Auditing.AuditTests.Can_Add_Audit_Entry" executed="True" result="Success" success="True" time="0.941" asserts="2" />
                    </results>
                  </test-suite>
                </results>
              </test-suite>
              <test-suite type="Namespace" name="BootManagers" executed="True" result="Success" success="True" time="0.091" asserts="0">
                <results>
                  <test-suite type="TestFixture" name="CoreBootManagerTests" executed="True" result="Success" success="True" time="0.090" asserts="0">
                    <results>
                      <test-case name="Umbraco.Tests.BootManagers.CoreBootManagerTests.Ensure_Legacy_Startup_Handlers_Not_Started_Until_Complete" executed="True" result="Success" success="True" time="0.083" asserts="5" />
                      <test-case name="Umbraco.Tests.BootManagers.CoreBootManagerTests.Handle_IApplicationEventHandler_Objects_Outside_Web_Context" executed="True" result="Success" success="True" time="0.001" asserts="5" />
                    </results>
                  </test-suite>
                </results>
              </test-suite>
              <test-suite type="Namespace" name="BusinessLogic" executed="True" result="Success" success="True" time="1.649" asserts="0">
                <results>
                  <test-suite type="TestFixture" name="ApplicationTest" executed="True" result="Success" success="True" time="1.216" asserts="0">
                    <results>
                      <test-case name="Umbraco.Tests.BusinessLogic.ApplicationTest.Application_Create_New_User_Assign_Application_And_Delete_User" executed="True" result="Success" success="True" time="0.423" asserts="2" />
                      <test-case name="Umbraco.Tests.BusinessLogic.ApplicationTest.Application_Make_New" executed="True" result="Success" success="True" time="0.397" asserts="2" />
                      <test-case name="Umbraco.Tests.BusinessLogic.ApplicationTest.Application_Make_New_Assign_User_And_Delete" executed="True" result="Success" success="True" time="0.376" asserts="3" />
                    </results>
                  </test-suite>
                  <test-suite type="TestFixture" name="ApplicationTreeTest" executed="True" result="Success" success="True" time="0.394" asserts="0">
                    <results>
                      <test-case name="Umbraco.Tests.BusinessLogic.ApplicationTreeTest.ApplicationTree_Make_New_Then_Delete_App" executed="True" result="Success" success="True" time="0.393" asserts="3" />
                    </results>
                  </test-suite>
                  <test-suite type="TestFixture" name="DictionaryTest" executed="False" result="Ignored">
                    <reason>
                      <message><![CDATA[]]></message>
                    </reason>
                    <results>
                      <test-case name="Umbraco.Tests.BusinessLogic.DictionaryTest.Dictionary_Attempt_Duplicate_Key" executed="False" result="Ignored">
                        <reason>
                          <message><![CDATA[]]></message>
                        </reason>
                      </test-case>
                      <test-case name="Umbraco.Tests.BusinessLogic.DictionaryTest.Dictionary_Change_Key" executed="False" result="Ignored">
                        <reason>
                          <message><![CDATA[]]></message>
                        </reason>
                      </test-case>
                      <test-case name="Umbraco.Tests.BusinessLogic.DictionaryTest.Dictionary_Contructor_Guid" executed="False" result="Ignored">
                        <reason>
                          <message><![CDATA[]]></message>
                        </reason>
                      </test-case>
                      <test-case name="Umbraco.Tests.BusinessLogic.DictionaryTest.Dictionary_Contructor_Key" executed="False" result="Ignored">
                        <reason>
                          <message><![CDATA[]]></message>
                        </reason>
                      </test-case>
                      <test-case name="Umbraco.Tests.BusinessLogic.DictionaryTest.Dictionary_Create_Add_Text_And_Delete" executed="False" result="Ignored">
                        <reason>
                          <message><![CDATA[]]></message>
                        </reason>
                      </test-case>
                      <test-case name="Umbraco.Tests.BusinessLogic.DictionaryTest.Dictionary_Delete_Parent_With_Children" executed="False" result="Ignored">
                        <reason>
                          <message><![CDATA[]]></message>
                        </reason>
                      </test-case>
                      <test-case name="Umbraco.Tests.BusinessLogic.DictionaryTest.Dictionary_Get_Top_Level_Items" executed="False" result="Ignored">
                        <reason>
                          <message><![CDATA[]]></message>
                        </reason>
                      </test-case>
                      <test-case name="Umbraco.Tests.BusinessLogic.DictionaryTest.Dictionary_IsTopMostItem" executed="False" result="Ignored">
                        <reason>
                          <message><![CDATA[]]></message>
                        </reason>
                      </test-case>
                      <test-case name="Umbraco.Tests.BusinessLogic.DictionaryTest.Dictionary_Parent_Child_Relationship" executed="False" result="Ignored">
                        <reason>
                          <message><![CDATA[]]></message>
                        </reason>
                      </test-case>
                      <test-case name="Umbraco.Tests.BusinessLogic.DictionaryTest.Dictionary_ToXml" executed="False" result="Ignored">
                        <reason>
                          <message><![CDATA[]]></message>
                        </reason>
                      </test-case>
                    </results>
                  </test-suite>
                </results>
              </test-suite>
              <test-suite type="TestFixture" name="CacheRefresherFactoryTests" executed="True" result="Success" success="True" time="0.017" asserts="0">
                <results>
                  <test-case name="Umbraco.Tests.CacheRefresherFactoryTests.Get_All_Instances" executed="True" result="Success" success="True" time="0.014" asserts="1" />
                </results>
              </test-suite>
              <test-suite type="Namespace" name="CodeFirst" executed="True" result="Success" success="True" time="7.207" asserts="0">
                <results>
                  <test-suite type="TestFixture" name="CodeFirstTests" executed="True" result="Success" success="True" time="7.177" asserts="0">
                    <results>
                      <test-case name="Umbraco.Tests.CodeFirst.CodeFirstTests.Can_Create_Model_With_NonExisting_DataTypeDefinition" executed="True" result="Success" success="True" time="0.736" asserts="1" />
                      <test-case name="Umbraco.Tests.CodeFirst.CodeFirstTests.Can_Resolve_And_Save_Decorated_Model_To_Database" executed="True" result="Success" success="True" time="0.638" asserts="3" />
                      <test-case name="Umbraco.Tests.CodeFirst.CodeFirstTests.Can_Resolve_ContentType_Composition_And_Save_To_Database" executed="True" result="Success" success="True" time="0.627" asserts="1" />
                      <test-case name="Umbraco.Tests.CodeFirst.CodeFirstTests.Can_Resolve_ContentType_From_Decorated_ContentPage_Model" executed="True" result="Success" success="True" time="0.559" asserts="6" />
                      <test-case name="Umbraco.Tests.CodeFirst.CodeFirstTests.Can_Resolve_ContentType_From_Decorated_Home_Model" executed="True" result="Success" success="True" time="0.631" asserts="4" />
                      <test-case name="Umbraco.Tests.CodeFirst.CodeFirstTests.Can_Resolve_ContentType_From_PlainPocoType_Model" executed="True" result="Success" success="True" time="0.625" asserts="5" />
                      <test-case name="Umbraco.Tests.CodeFirst.CodeFirstTests.Can_Resolve_Existing_ContentType_With_Decorated_Model" executed="True" result="Success" success="True" time="0.676" asserts="1" />
                      <test-case name="Umbraco.Tests.CodeFirst.CodeFirstTests.Can_Resolve_Full_List_Of_Models_Implementing_ContentTypeBase" executed="True" result="Success" success="True" time="0.785" asserts="1" />
                      <test-case name="Umbraco.Tests.CodeFirst.CodeFirstTests.Can_Resolve_Parent_Child_ContentTypes_And_Save_To_Database" executed="True" result="Success" success="True" time="0.604" asserts="2" />
                      <test-case name="Umbraco.Tests.CodeFirst.CodeFirstTests.Can_Retrieve_ContentTypes_After_Resolving" executed="True" result="Success" success="True" time="0.596" asserts="3" />
                      <test-case name="Umbraco.Tests.CodeFirst.CodeFirstTests.Can_Save_Models_To_Database" executed="True" result="Success" success="True" time="0.651" asserts="0" />
                    </results>
                  </test-suite>
                  <test-suite type="TestFixture" name="TypeInheritanceTest" executed="True" result="Success" success="True" time="0.021" asserts="0">
                    <results>
                      <test-case name="Umbraco.Tests.CodeFirst.TypeInheritanceTest.Can_Get_Interfaces_From_Type" executed="True" result="Success" success="True" time="0.003" asserts="3" />
                      <test-case name="Umbraco.Tests.CodeFirst.TypeInheritanceTest.Can_Get_MixinAttribute_From_Types" executed="True" result="Success" success="True" time="0.003" asserts="4" />
                      <test-case name="Umbraco.Tests.CodeFirst.TypeInheritanceTest.Ensure_Only_One_Type_List_Created" executed="True" result="Success" success="True" time="0.004" asserts="2" />
                    </results>
                  </test-suite>
                </results>
              </test-suite>
              <test-suite type="Namespace" name="Configurations" executed="True" result="Success" success="True" time="0.007" asserts="0">
                <results>
                  <test-suite type="TestFixture" name="FileSystemProviderTests" executed="True" result="Success" success="True" time="0.007" asserts="0">
                    <results>
                      <test-case name="Umbraco.Tests.Configurations.FileSystemProviderTests.Can_Get_Media_Provider" executed="True" result="Success" success="True" time="0.004" asserts="2" />
                    </results>
                  </test-suite>
                </results>
              </test-suite>
              <test-suite type="Namespace" name="ContentStores" executed="True" result="Success" success="True" time="8.646" asserts="0">
                <results>
                  <test-suite type="TestFixture" name="PublishContentStoreTests" executed="True" result="Success" success="True" time="0.556" asserts="0">
                    <results>
                      <test-suite type="ParameterizedTest" name="Get_Node_By_Route" executed="True" result="Success" success="True" time="0.289" asserts="0">
                        <results>
                          <test-case name="Umbraco.Tests.ContentStores.PublishContentStoreTests.Get_Node_By_Route(&quot;/home/Sub\'Apostrophe&quot;,1177)" executed="True" result="Success" success="True" time="0.220" asserts="2" />
                          <test-case name="Umbraco.Tests.ContentStores.PublishContentStoreTests.Get_Node_By_Route(&quot;/home/Sub1&quot;,1173)" executed="True" result="Success" success="True" time="0.006" asserts="2" />
                          <test-case name="Umbraco.Tests.ContentStores.PublishContentStoreTests.Get_Node_By_Route(&quot;/Home/sub1&quot;,1173)" executed="True" result="Success" success="True" time="0.007" asserts="2" />
                          <test-case name="Umbraco.Tests.ContentStores.PublishContentStoreTests.Get_Node_By_Route(&quot;/home/sub1&quot;,1173)" executed="True" result="Success" success="True" time="0.006" asserts="2" />
                          <test-case name="Umbraco.Tests.ContentStores.PublishContentStoreTests.Get_Node_By_Route(&quot;/Home&quot;,1046)" executed="True" result="Success" success="True" time="0.006" asserts="2" />
                          <test-case name="Umbraco.Tests.ContentStores.PublishContentStoreTests.Get_Node_By_Route(&quot;/home&quot;,1046)" executed="True" result="Success" success="True" time="0.005" asserts="2" />
                          <test-case name="Umbraco.Tests.ContentStores.PublishContentStoreTests.Get_Node_By_Route(&quot;/&quot;,1046)" executed="True" result="Success" success="True" time="0.006" asserts="2" />
                        </results>
                      </test-suite>
                      <test-suite type="ParameterizedTest" name="Get_Node_By_Route_Hiding_Top_Level_Nodes" executed="True" result="Success" success="True" time="0.050" asserts="0">
                        <results>
                          <test-case name="Umbraco.Tests.ContentStores.PublishContentStoreTests.Get_Node_By_Route_Hiding_Top_Level_Nodes(&quot;/Sub1&quot;,1173)" executed="True" result="Success" success="True" time="0.021" asserts="2" />
                          <test-case name="Umbraco.Tests.ContentStores.PublishContentStoreTests.Get_Node_By_Route_Hiding_Top_Level_Nodes(&quot;/sub1&quot;,1173)" executed="True" result="Success" success="True" time="0.006" asserts="2" />
                          <test-case name="Umbraco.Tests.ContentStores.PublishContentStoreTests.Get_Node_By_Route_Hiding_Top_Level_Nodes(&quot;/&quot;,1046)" executed="True" result="Success" success="True" time="0.005" asserts="2" />
                        </results>
                      </test-suite>
                      <test-suite type="ParameterizedTest" name="Get_Node_By_Route_Hiding_Top_Level_Nodes_LegacySchema" executed="True" result="Success" success="True" time="0.052" asserts="0">
                        <results>
                          <test-case name="Umbraco.Tests.ContentStores.PublishContentStoreTests.Get_Node_By_Route_Hiding_Top_Level_Nodes_LegacySchema(&quot;/Sub1&quot;,1173)" executed="True" result="Success" success="True" time="0.009" asserts="2" />
                          <test-case name="Umbraco.Tests.ContentStores.PublishContentStoreTests.Get_Node_By_Route_Hiding_Top_Level_Nodes_LegacySchema(&quot;/sub1&quot;,1173)" executed="True" result="Success" success="True" time="0.004" asserts="2" />
                          <test-case name="Umbraco.Tests.ContentStores.PublishContentStoreTests.Get_Node_By_Route_Hiding_Top_Level_Nodes_LegacySchema(&quot;/&quot;,1046)" executed="True" result="Success" success="True" time="0.008" asserts="2" />
                        </results>
                      </test-suite>
                      <test-suite type="ParameterizedTest" name="Get_Node_By_Route_LegacySchema" executed="True" result="Success" success="True" time="0.101" asserts="0">
                        <results>
                          <test-case name="Umbraco.Tests.ContentStores.PublishContentStoreTests.Get_Node_By_Route_LegacySchema(&quot;/home/Sub1&quot;,1173)" executed="True" result="Success" success="True" time="0.005" asserts="2" />
                          <test-case name="Umbraco.Tests.ContentStores.PublishContentStoreTests.Get_Node_By_Route_LegacySchema(&quot;/Home/sub1&quot;,1173)" executed="True" result="Success" success="True" time="0.005" asserts="2" />
                          <test-case name="Umbraco.Tests.ContentStores.PublishContentStoreTests.Get_Node_By_Route_LegacySchema(&quot;/home/sub1&quot;,1173)" executed="True" result="Success" success="True" time="0.022" asserts="2" />
                          <test-case name="Umbraco.Tests.ContentStores.PublishContentStoreTests.Get_Node_By_Route_LegacySchema(&quot;/Home&quot;,1046)" executed="True" result="Success" success="True" time="0.004" asserts="2" />
                          <test-case name="Umbraco.Tests.ContentStores.PublishContentStoreTests.Get_Node_By_Route_LegacySchema(&quot;/home&quot;,1046)" executed="True" result="Success" success="True" time="0.004" asserts="2" />
                          <test-case name="Umbraco.Tests.ContentStores.PublishContentStoreTests.Get_Node_By_Route_LegacySchema(&quot;/&quot;,1046)" executed="True" result="Success" success="True" time="0.004" asserts="2" />
                        </results>
                      </test-suite>
                      <test-case name="Umbraco.Tests.ContentStores.PublishContentStoreTests.Get_Root_Docs" executed="True" result="Success" success="True" time="0.005" asserts="3" />
                      <test-case name="Umbraco.Tests.ContentStores.PublishContentStoreTests.Get_Root_Docs_LegacySchema" executed="True" result="Success" success="True" time="0.005" asserts="3" />
                      <test-case name="Umbraco.Tests.ContentStores.PublishContentStoreTests.Has_Content" executed="True" result="Success" success="True" time="0.005" asserts="1" />
                      <test-case name="Umbraco.Tests.ContentStores.PublishContentStoreTests.Has_Content_LegacySchema" executed="True" result="Success" success="True" time="0.004" asserts="1" />
                    </results>
                  </test-suite>
                  <test-suite type="TestFixture" name="PublishMediaStoreTests" executed="True" result="Success" success="True" time="7.978" asserts="0">
                    <results>
                      <test-case name="Umbraco.Tests.ContentStores.PublishMediaStoreTests.Convert_From_Search_Result" executed="True" result="Success" success="True" time="0.621" asserts="15" />
                      <test-case name="Umbraco.Tests.ContentStores.PublishMediaStoreTests.Convert_From_XPath_Navigator" executed="True" result="Success" success="True" time="0.527" asserts="19" />
                      <test-case name="Umbraco.Tests.ContentStores.PublishMediaStoreTests.DictionaryDocument_Get_Children" executed="True" result="Success" success="True" time="0.531" asserts="3" />
                      <test-suite type="ParameterizedTest" name="DictionaryDocument_Id_Keys" executed="True" result="Success" success="True" time="1.665" asserts="0">
                        <results>
                          <test-case name="Umbraco.Tests.ContentStores.PublishMediaStoreTests.DictionaryDocument_Id_Keys(&quot;__NodeId&quot;)" executed="True" result="Success" success="True" time="0.570" asserts="15" />
                          <test-case name="Umbraco.Tests.ContentStores.PublishMediaStoreTests.DictionaryDocument_Id_Keys(&quot;nodeId&quot;)" executed="True" result="Success" success="True" time="0.563" asserts="15" />
                          <test-case name="Umbraco.Tests.ContentStores.PublishMediaStoreTests.DictionaryDocument_Id_Keys(&quot;id&quot;)" executed="True" result="Success" success="True" time="0.519" asserts="15" />
                        </results>
                      </test-suite>
                      <test-suite type="ParameterizedTest" name="DictionaryDocument_NodeName_Keys" executed="True" result="Success" success="True" time="1.067" asserts="0">
                        <results>
                          <test-case name="Umbraco.Tests.ContentStores.PublishMediaStoreTests.DictionaryDocument_NodeName_Keys(&quot;__nodeName&quot;)" executed="True" result="Success" success="True" time="0.516" asserts="15" />
                          <test-case name="Umbraco.Tests.ContentStores.PublishMediaStoreTests.DictionaryDocument_NodeName_Keys(&quot;nodeName&quot;)" executed="True" result="Success" success="True" time="0.540" asserts="15" />
                        </results>
                      </test-suite>
                      <test-suite type="ParameterizedTest" name="DictionaryDocument_NodeTypeAlias_Keys" executed="True" result="Success" success="True" time="1.178" asserts="0">
                        <results>
                          <test-case name="Umbraco.Tests.ContentStores.PublishMediaStoreTests.DictionaryDocument_NodeTypeAlias_Keys(&quot;__NodeTypeAlias&quot;)" executed="True" result="Success" success="True" time="0.583" asserts="15" />
                          <test-case name="Umbraco.Tests.ContentStores.PublishMediaStoreTests.DictionaryDocument_NodeTypeAlias_Keys(&quot;nodeTypeAlias&quot;)" executed="True" result="Success" success="True" time="0.585" asserts="15" />
                        </results>
                      </test-suite>
                      <test-suite type="ParameterizedTest" name="DictionaryDocument_Path_Keys" executed="True" result="Success" success="True" time="1.152" asserts="0">
                        <results>
                          <test-case name="Umbraco.Tests.ContentStores.PublishMediaStoreTests.DictionaryDocument_Path_Keys(&quot;__Path&quot;)" executed="True" result="Success" success="True" time="0.567" asserts="15" />
                          <test-case name="Umbraco.Tests.ContentStores.PublishMediaStoreTests.DictionaryDocument_Path_Keys(&quot;path&quot;)" executed="True" result="Success" success="True" time="0.576" asserts="15" />
                        </results>
                      </test-suite>
                      <test-suite type="ParameterizedTest" name="DictionaryDocument_Template_Keys" executed="True" result="Success" success="True" time="1.178" asserts="0">
                        <results>
                          <test-case name="Umbraco.Tests.ContentStores.PublishMediaStoreTests.DictionaryDocument_Template_Keys(&quot;templateId&quot;)" executed="True" result="Success" success="True" time="0.575" asserts="15" />
                          <test-case name="Umbraco.Tests.ContentStores.PublishMediaStoreTests.DictionaryDocument_Template_Keys(&quot;template&quot;)" executed="True" result="Success" success="True" time="0.594" asserts="15" />
                        </results>
                      </test-suite>
                      <test-case name="Umbraco.Tests.ContentStores.PublishMediaStoreTests.Get_Item_Without_Examine" executed="False" result="Ignored">
                        <reason>
                          <message><![CDATA[]]></message>
                        </reason>
                      </test-case>
                      <test-case name="Umbraco.Tests.ContentStores.PublishMediaStoreTests.Get_Root_Docs" executed="False" result="Ignored">
                        <reason>
                          <message><![CDATA[]]></message>
                        </reason>
                      </test-case>
                    </results>
                  </test-suite>
                </results>
              </test-suite>
              <test-suite type="TestFixture" name="DataTypeFactoryTests" executed="True" result="Success" success="True" time="0.010" asserts="0">
                <results>
                  <test-case name="Umbraco.Tests.DataTypeFactoryTests.Get_All_Instances" executed="True" result="Success" success="True" time="0.008" asserts="1" />
                </results>
              </test-suite>
              <test-suite type="TestFixture" name="EnumerableExtensionsTests" executed="True" result="Success" success="True" time="0.037" asserts="0">
                <results>
                  <test-suite type="ParameterizedTest" name="DistinctBy_ReturnsDistinctElements_AndResetsIteratorCorrectly" executed="True" result="Success" success="True" time="0.009" asserts="0">
                    <results>
                      <test-case name="Umbraco.Tests.EnumerableExtensionsTests.DistinctBy_ReturnsDistinctElements_AndResetsIteratorCorrectly()" executed="True" result="Success" success="True" time="0.002" asserts="2" />
                    </results>
                  </test-suite>
                  <test-case name="Umbraco.Tests.EnumerableExtensionsTests.Flatten_List" executed="True" result="Success" success="True" time="0.002" asserts="1" />
                  <test-case name="Umbraco.Tests.EnumerableExtensionsTests.Flatten_List_2" executed="True" result="Success" success="True" time="0.001" asserts="1" />
                  <test-case name="Umbraco.Tests.EnumerableExtensionsTests.InGroupsOf_ReturnsAllElements" executed="True" result="Success" success="True" time="0.006" asserts="6" />
                </results>
              </test-suite>
              <test-suite type="TestFixture" name="GlobalSettingsTests" executed="True" result="Success" success="True" time="0.437" asserts="0">
                <results>
                  <test-suite type="ParameterizedTest" name="Is_Not_Reserved_Path_Or_Url" executed="True" result="Success" success="True" time="0.105" asserts="0">
                    <results>
                      <test-case name="Umbraco.Tests.GlobalSettingsTests.Is_Not_Reserved_Path_Or_Url(&quot;/install.aspx&quot;)" executed="True" result="Success" success="True" time="0.008" asserts="1" />
                      <test-case name="Umbraco.Tests.GlobalSettingsTests.Is_Not_Reserved_Path_Or_Url(&quot;/install-test&quot;)" executed="True" result="Success" success="True" time="0.004" asserts="1" />
                      <test-case name="Umbraco.Tests.GlobalSettingsTests.Is_Not_Reserved_Path_Or_Url(&quot;/umbraco-test&quot;)" executed="True" result="Success" success="True" time="0.007" asserts="1" />
                      <test-case name="Umbraco.Tests.GlobalSettingsTests.Is_Not_Reserved_Path_Or_Url(&quot;/home.aspx&quot;)" executed="True" result="Success" success="True" time="0.004" asserts="1" />
                      <test-case name="Umbraco.Tests.GlobalSettingsTests.Is_Not_Reserved_Path_Or_Url(&quot;/&quot;)" executed="True" result="Success" success="True" time="0.005" asserts="1" />
                      <test-case name="Umbraco.Tests.GlobalSettingsTests.Is_Not_Reserved_Path_Or_Url(&quot;/base/somebasehandler&quot;)" executed="True" result="Success" success="True" time="0.005" asserts="1" />
                      <test-case name="Umbraco.Tests.GlobalSettingsTests.Is_Not_Reserved_Path_Or_Url(&quot;/umbraco_client/scrollingmenu/style.css&quot;)" executed="True" result="Success" success="True" time="0.012" asserts="1" />
                      <test-case name="Umbraco.Tests.GlobalSettingsTests.Is_Not_Reserved_Path_Or_Url(&quot;/umbraco_client/Tree/Themes/umbraco/style.css&quot;)" executed="True" result="Success" success="True" time="0.006" asserts="1" />
                      <test-case name="Umbraco.Tests.GlobalSettingsTests.Is_Not_Reserved_Path_Or_Url(&quot;/umbraco_client/Tree/treeIcons.css&quot;)" executed="True" result="Success" success="True" time="0.005" asserts="1" />
                    </results>
                  </test-suite>
                  <test-suite type="ParameterizedTest" name="Is_Reserved_By_Route" executed="True" result="Success" success="True" time="0.168" asserts="0">
                    <results>
                      <test-case name="Umbraco.Tests.GlobalSettingsTests.Is_Reserved_By_Route(&quot;/api/WebApiTest/Index/1234&quot;,False)" executed="True" result="Success" success="True" time="0.018" asserts="1" />
                      <test-case name="Umbraco.Tests.GlobalSettingsTests.Is_Reserved_By_Route(&quot;/api/WebApiTest/1234&quot;,True)" executed="True" result="Success" success="True" time="0.009" asserts="1" />
                      <test-case name="Umbraco.Tests.GlobalSettingsTests.Is_Reserved_By_Route(&quot;/api/WebApiTest&quot;,True)" executed="True" result="Success" success="True" time="0.008" asserts="1" />
                      <test-case name="Umbraco.Tests.GlobalSettingsTests.Is_Reserved_By_Route(&quot;/api&quot;,True)" executed="True" result="Success" success="True" time="0.010" asserts="1" />
                      <test-case name="Umbraco.Tests.GlobalSettingsTests.Is_Reserved_By_Route(&quot;/Umbraco/RenderMvc/Index/1234/9876&quot;,False)" executed="True" result="Success" success="True" time="0.019" asserts="1" />
                      <test-case name="Umbraco.Tests.GlobalSettingsTests.Is_Reserved_By_Route(&quot;/Umbraco/RenderMvc/Index/1234&quot;,True)" executed="True" result="Success" success="True" time="0.008" asserts="1" />
                      <test-case name="Umbraco.Tests.GlobalSettingsTests.Is_Reserved_By_Route(&quot;/Umbraco/RenderMvc/Index&quot;,True)" executed="True" result="Success" success="True" time="0.008" asserts="1" />
                      <test-case name="Umbraco.Tests.GlobalSettingsTests.Is_Reserved_By_Route(&quot;/Umbraco/RenderMvc&quot;,True)" executed="True" result="Success" success="True" time="0.009" asserts="1" />
                      <test-case name="Umbraco.Tests.GlobalSettingsTests.Is_Reserved_By_Route(&quot;/Umbraco/RenderMvcs&quot;,False)" executed="True" result="Success" success="True" time="0.009" asserts="1" />
                      <test-case name="Umbraco.Tests.GlobalSettingsTests.Is_Reserved_By_Route(&quot;/Do/Not/match&quot;,False)" executed="True" result="Success" success="True" time="0.022" asserts="1" />
                    </results>
                  </test-suite>
                  <test-suite type="ParameterizedTest" name="Is_Reserved_Path_Or_Url" executed="True" result="Success" success="True" time="0.080" asserts="0">
                    <results>
                      <test-case name="Umbraco.Tests.GlobalSettingsTests.Is_Reserved_Path_Or_Url(&quot;/config/splashes/booting.aspx&quot;)" executed="True" result="Success" success="True" time="0.005" asserts="1" />
                      <test-case name="Umbraco.Tests.GlobalSettingsTests.Is_Reserved_Path_Or_Url(&quot;/install/test.aspx&quot;)" executed="True" result="Success" success="True" time="0.006" asserts="1" />
                      <test-case name="Umbraco.Tests.GlobalSettingsTests.Is_Reserved_Path_Or_Url(&quot;/install/?installStep=asdf&quot;)" executed="True" result="Success" success="True" time="0.007" asserts="1" />
                      <test-case name="Umbraco.Tests.GlobalSettingsTests.Is_Reserved_Path_Or_Url(&quot;/install&quot;)" executed="True" result="Success" success="True" time="0.005" asserts="1" />
                      <test-case name="Umbraco.Tests.GlobalSettingsTests.Is_Reserved_Path_Or_Url(&quot;/install/&quot;)" executed="True" result="Success" success="True" time="0.005" asserts="1" />
                      <test-case name="Umbraco.Tests.GlobalSettingsTests.Is_Reserved_Path_Or_Url(&quot;/install/default.aspx&quot;)" executed="True" result="Success" success="True" time="0.005" asserts="1" />
                      <test-case name="Umbraco.Tests.GlobalSettingsTests.Is_Reserved_Path_Or_Url(&quot;/umbraco/editContent.aspx&quot;)" executed="True" result="Success" success="True" time="0.005" asserts="1" />
                      <test-case name="Umbraco.Tests.GlobalSettingsTests.Is_Reserved_Path_Or_Url(&quot;/umbraco/umbraco.aspx&quot;)" executed="True" result="Success" success="True" time="0.012" asserts="1" />
                    </results>
                  </test-suite>
                  <test-case name="Umbraco.Tests.GlobalSettingsTests.Is_Version_From_Assembly_Correct" executed="False" result="Ignored">
                    <reason>
                      <message><![CDATA[]]></message>
                    </reason>
                  </test-case>
                  <test-suite type="ParameterizedTest" name="Umbraco_Mvc_Area" executed="True" result="Success" success="True" time="0.054" asserts="0">
                    <results>
                      <test-case name="Umbraco.Tests.GlobalSettingsTests.Umbraco_Mvc_Area(&quot;~/some-wacky/nestedPath&quot;,&quot;/MyVirtualDir/NestedVDir/&quot;,&quot;some-wacky-nestedpath&quot;)" executed="True" result="Success" success="True" time="0.005" asserts="1" />
                      <test-case name="Umbraco.Tests.GlobalSettingsTests.Umbraco_Mvc_Area(&quot;~/some-wacky/nestedPath&quot;,&quot;/MyVirtualDir&quot;,&quot;some-wacky-nestedpath&quot;)" executed="True" result="Success" success="True" time="0.005" asserts="1" />
                      <test-case name="Umbraco.Tests.GlobalSettingsTests.Umbraco_Mvc_Area(&quot;~/customPath&quot;,&quot;/MyVirtualDir/&quot;,&quot;custompath&quot;)" executed="True" result="Success" success="True" time="0.006" asserts="1" />
                      <test-case name="Umbraco.Tests.GlobalSettingsTests.Umbraco_Mvc_Area(&quot;~/umbraco&quot;,&quot;/MyVirtualDir&quot;,&quot;umbraco&quot;)" executed="True" result="Success" success="True" time="0.005" asserts="1" />
                      <test-case name="Umbraco.Tests.GlobalSettingsTests.Umbraco_Mvc_Area(&quot;~/umbraco&quot;,&quot;/&quot;,&quot;umbraco&quot;)" executed="True" result="Success" success="True" time="0.005" asserts="1" />
                    </results>
                  </test-suite>
                </results>
              </test-suite>
              <test-suite type="TestFixture" name="HashCodeCombinerTests" executed="True" result="Success" success="True" time="0.253" asserts="1">
                <results>
                  <test-case name="Umbraco.Tests.HashCodeCombinerTests.HashCombiner_Test_DateTime" executed="True" result="Success" success="True" time="0.016" asserts="1">
                    <reason>
                      <message><![CDATA[SetUp : Automatically avoided running test in full trust as it passed in partial trust]]></message>
                    </reason>
                  </test-case>
                  <test-case name="Umbraco.Tests.HashCodeCombinerTests.HashCombiner_Test_File" executed="True" result="Success" success="True" time="0.021" asserts="1">
                    <reason>
                      <message><![CDATA[SetUp : Automatically avoided running test in full trust as it passed in partial trust]]></message>
                    </reason>
                  </test-case>
                  <test-case name="Umbraco.Tests.HashCodeCombinerTests.HashCombiner_Test_Folder" executed="True" result="Success" success="True" time="0.004" asserts="1">
                    <reason>
                      <message><![CDATA[SetUp : Automatically avoided running test in full trust as it passed in partial trust]]></message>
                    </reason>
                  </test-case>
                  <test-case name="Umbraco.Tests.HashCodeCombinerTests.HashCombiner_Test_Int" executed="True" result="Success" success="True" time="0.005" asserts="1">
                    <reason>
                      <message><![CDATA[SetUp : Automatically avoided running test in full trust as it passed in partial trust]]></message>
                    </reason>
                  </test-case>
                  <test-case name="Umbraco.Tests.HashCodeCombinerTests.HashCombiner_Test_String" executed="True" result="Success" success="True" time="0.005" asserts="1">
                    <reason>
                      <message><![CDATA[SetUp : Automatically avoided running test in full trust as it passed in partial trust]]></message>
                    </reason>
                  </test-case>
                </results>
              </test-suite>
              <test-suite type="TestFixture" name="HtmlHelperExtensionMethodsTests" executed="True" result="Success" success="True" time="0.025" asserts="0">
                <results>
                  <test-case name="Umbraco.Tests.HtmlHelperExtensionMethodsTests.Wrap_Object_Attributes" executed="True" result="Success" success="True" time="0.019" asserts="1" />
                  <test-case name="Umbraco.Tests.HtmlHelperExtensionMethodsTests.Wrap_Simple" executed="True" result="Success" success="True" time="0.000" asserts="1" />
                </results>
              </test-suite>
              <test-suite type="Namespace" name="Integration" executed="True" result="Inconclusive" success="False" time="0.009" asserts="0">
                <results>
                  <test-suite type="TestFixture" name="CreateContent" executed="False" result="Ignored">
                    <reason>
                      <message><![CDATA[We don't want to run Selenium tests on TeamCity]]></message>
                    </reason>
                    <results>
                      <test-case name="Umbraco.Tests.Integration.CreateContent.Install_StarterKit_And_Create_Textpage" executed="False" result="Ignored">
                        <reason>
                          <message><![CDATA[We don't want to run Selenium tests on TeamCity]]></message>
                        </reason>
                      </test-case>
                    </results>
                  </test-suite>
                  <test-suite type="TestFixture" name="InstallPackage" executed="False" result="Ignored">
                    <reason>
                      <message><![CDATA[We don't want to run Selenium tests on TeamCity]]></message>
                    </reason>
                    <results>
                      <test-case name="Umbraco.Tests.Integration.InstallPackage.Install_Contour_Package" executed="False" result="Ignored">
                        <reason>
                          <message><![CDATA[We don't want to run Selenium tests on TeamCity]]></message>
                        </reason>
                      </test-case>
                      <test-case name="Umbraco.Tests.Integration.InstallPackage.Install_Courier_Package" executed="False" result="Ignored">
                        <reason>
                          <message><![CDATA[We don't want to run Selenium tests on TeamCity]]></message>
                        </reason>
                      </test-case>
                    </results>
                  </test-suite>
                </results>
              </test-suite>
              <test-suite type="Namespace" name="IO" executed="True" result="Success" success="True" time="0.132" asserts="0">
                <results>
                  <test-suite type="TestFixture" name="FileSystemProviderManagerTests" executed="True" result="Success" success="True" time="0.029" asserts="0">
                    <results>
                      <test-case name="Umbraco.Tests.IO.FileSystemProviderManagerTests.Can_Get_Base_File_System" executed="True" result="Success" success="True" time="0.010" asserts="1" />
                      <test-case name="Umbraco.Tests.IO.FileSystemProviderManagerTests.Can_Get_Typed_File_System" executed="True" result="Success" success="True" time="0.005" asserts="1" />
                      <test-case name="Umbraco.Tests.IO.FileSystemProviderManagerTests.Exception_Thrown_On_Invalid_Typed_File_System" executed="True" result="Success" success="True" time="0.001" asserts="1" />
                    </results>
                  </test-suite>
                  <test-suite type="TestFixture" name="IOHelperTest" executed="True" result="Success" success="True" time="0.012" asserts="0">
                    <results>
                      <test-case name="Umbraco.Tests.IO.IOHelperTest.IOHelper_MapPathTestVDirTraversal" executed="True" result="Success" success="True" time="0.002" asserts="17" />
                      <test-case name="Umbraco.Tests.IO.IOHelperTest.IOHelper_ResolveUrl" executed="True" result="Success" success="True" time="0.000" asserts="1" />
                    </results>
                  </test-suite>
                  <test-suite type="TestFixture" name="PhysicalFileSystemTests" executed="True" result="Success" success="True" time="0.077" asserts="0">
                    <properties>
                      <property name="APARTMENT_STATE" value="STA" />
                    </properties>
                    <results>
                      <test-case name="Umbraco.Tests.IO.PhysicalFileSystemTests.AbstractFileSystemTests.Can_Convert_Full_Path_And_Url_To_Relative_Path" executed="True" result="Success" success="True" time="0.002" asserts="4" />
                      <test-case name="Umbraco.Tests.IO.PhysicalFileSystemTests.AbstractFileSystemTests.Can_Create_And_Delete_Files" executed="True" result="Success" success="True" time="0.001" asserts="2" />
                      <test-case name="Umbraco.Tests.IO.PhysicalFileSystemTests.AbstractFileSystemTests.Can_Get_Directories" executed="True" result="Success" success="True" time="0.004" asserts="4" />
                      <test-case name="Umbraco.Tests.IO.PhysicalFileSystemTests.AbstractFileSystemTests.Can_Get_File_Dates" executed="True" result="Success" success="True" time="0.002" asserts="6" />
                      <test-case name="Umbraco.Tests.IO.PhysicalFileSystemTests.AbstractFileSystemTests.Can_Get_File_Url" executed="True" result="Success" success="True" time="0.001" asserts="1" />
                      <test-case name="Umbraco.Tests.IO.PhysicalFileSystemTests.AbstractFileSystemTests.Can_Get_Files" executed="True" result="Success" success="True" time="0.002" asserts="2" />
                      <test-case name="Umbraco.Tests.IO.PhysicalFileSystemTests.AbstractFileSystemTests.Can_Get_Size" executed="True" result="Success" success="True" time="0.001" asserts="1" />
                      <test-case name="Umbraco.Tests.IO.PhysicalFileSystemTests.AbstractFileSystemTests.Can_Overwrite_File" executed="True" result="Success" success="True" time="0.001" asserts="1" />
                      <test-case name="Umbraco.Tests.IO.PhysicalFileSystemTests.AbstractFileSystemTests.Can_Read_File" executed="True" result="Success" success="True" time="0.001" asserts="1" />
                      <test-case name="Umbraco.Tests.IO.PhysicalFileSystemTests.AbstractFileSystemTests.Cant_Overwrite_File" executed="True" result="Success" success="True" time="0.002" asserts="0" />
                    </results>
                  </test-suite>
                </results>
              </test-suite>
              <test-suite type="Namespace" name="LegacyApi" executed="True" result="Inconclusive" success="False" time="0.006" asserts="0">
                <results>
                  <test-suite type="TestFixture" name="MediaTypeTests" executed="False" result="Ignored">
                    <reason>
                      <message><![CDATA[]]></message>
                    </reason>
                    <results>
                      <test-case name="Umbraco.Tests.LegacyApi.MediaTypeTests.Can_Set_Tab_On_PropertyType" executed="False" result="Ignored">
                        <reason>
                          <message><![CDATA[]]></message>
                        </reason>
                      </test-case>
                      <test-case name="Umbraco.Tests.LegacyApi.MediaTypeTests.Can_Verify_AllowedChildContentTypes_On_MediaType" executed="False" result="Ignored">
                        <reason>
                          <message><![CDATA[]]></message>
                        </reason>
                      </test-case>
                    </results>
                  </test-suite>
                </results>
              </test-suite>
              <test-suite type="TestFixture" name="LibraryTests" executed="True" result="Success" success="True" time="0.097" asserts="0">
                <results>
                  <test-case name="Umbraco.Tests.LibraryTests.Get_Item_Document_Property" executed="True" result="Success" success="True" time="0.044" asserts="13" />
                  <test-case name="Umbraco.Tests.LibraryTests.Get_Item_Invalid_Property" executed="True" result="Success" success="True" time="0.011" asserts="2" />
                  <test-case name="Umbraco.Tests.LibraryTests.Get_Item_User_Property" executed="True" result="Success" success="True" time="0.027" asserts="2" />
                </results>
              </test-suite>
              <test-suite type="TestFixture" name="MacroEngineFactoryTests" executed="True" result="Success" success="True" time="0.031" asserts="0">
                <results>
                  <test-case name="Umbraco.Tests.MacroEngineFactoryTests.Get_All" executed="True" result="Success" success="True" time="0.004" asserts="1" />
                  <test-case name="Umbraco.Tests.MacroEngineFactoryTests.Get_By_Extension" executed="True" result="Success" success="True" time="0.003" asserts="3" />
                  <test-case name="Umbraco.Tests.MacroEngineFactoryTests.Get_By_Filename" executed="True" result="Success" success="True" time="0.002" asserts="3" />
                  <test-case name="Umbraco.Tests.MacroEngineFactoryTests.Get_Engine" executed="True" result="Success" success="True" time="0.002" asserts="1" />
                </results>
              </test-suite>
              <test-suite type="TestFixture" name="MediaFactoryTests" executed="True" result="Success" success="True" time="0.007" asserts="0">
                <results>
                  <test-case name="Umbraco.Tests.MediaFactoryTests.Find_Media_Factories" executed="True" result="Success" success="True" time="0.005" asserts="1" />
                </results>
              </test-suite>
              <test-suite type="Namespace" name="Migrations" executed="True" result="Success" success="True" time="0.224" asserts="0">
                <results>
                  <test-suite type="TestFixture" name="AlterMigrationTests" executed="True" result="Success" success="True" time="0.008" asserts="0">
                    <results>
                      <test-case name="Umbraco.Tests.Migrations.AlterMigrationTests.Can_Get_Up_Migration_From_MigrationStub" executed="True" result="Success" success="True" time="0.006" asserts="1" />
                    </results>
                  </test-suite>
                  <test-suite type="TestFixture" name="FindingMigrationsTest" executed="True" result="Success" success="True" time="0.005" asserts="0">
                    <results>
                      <test-case name="Umbraco.Tests.Migrations.FindingMigrationsTest.Can_Find_Migrations_With_Targtet_Version_Six" executed="True" result="Success" success="True" time="0.004" asserts="2" />
                    </results>
                  </test-suite>
                  <test-suite type="TestFixture" name="TargetVersionSixthMigrationsTest" executed="True" result="Success" success="True" time="0.027" asserts="0">
                    <results>
                      <test-case name="Umbraco.Tests.Migrations.TargetVersionSixthMigrationsTest.Can_Find_Targetted_Migrations" executed="True" result="Success" success="True" time="0.025" asserts="1" />
                    </results>
                  </test-suite>
                  <test-suite type="Namespace" name="Upgrades" executed="True" result="Inconclusive" success="False" time="0.024" asserts="0">
                    <results>
                      <test-suite type="TestFixture" name="MySqlUpgradeTest" executed="False" result="Ignored">
                        <reason>
                          <message><![CDATA[]]></message>
                        </reason>
                        <results>
                          <test-case name="Umbraco.Tests.Migrations.Upgrades.MySqlUpgradeTest.BaseUpgradeTest.Can_Upgrade_From_470_To_600" executed="False" result="Ignored">
                            <reason>
                              <message><![CDATA[]]></message>
                            </reason>
                          </test-case>
                        </results>
                      </test-suite>
                      <test-suite type="TestFixture" name="SqlCeDataUpgradeTest" executed="False" result="Ignored">
                        <reason>
                          <message><![CDATA[]]></message>
                        </reason>
                        <results>
                          <test-case name="Umbraco.Tests.Migrations.Upgrades.SqlCeDataUpgradeTest.Can_Upgrade_From_470_To_600" executed="False" result="Ignored">
                            <reason>
                              <message><![CDATA[]]></message>
                            </reason>
                          </test-case>
                        </results>
                      </test-suite>
                      <test-suite type="TestFixture" name="SqlCeUpgradeTest" executed="False" result="Ignored">
                        <reason>
                          <message><![CDATA[Does not run under mono]]></message>
                        </reason>
                        <results>
                          <test-case name="Umbraco.Tests.Migrations.Upgrades.SqlCeUpgradeTest.BaseUpgradeTest.Can_Upgrade_From_470_To_600" executed="False" result="Ignored">
                            <reason>
                              <message><![CDATA[Does not run under mono]]></message>
                            </reason>
                          </test-case>
                        </results>
                      </test-suite>
                      <test-suite type="TestFixture" name="SqlServerUpgradeTest" executed="False" result="Ignored">
                        <reason>
                          <message><![CDATA[]]></message>
                        </reason>
                        <results>
                          <test-case name="Umbraco.Tests.Migrations.Upgrades.SqlServerUpgradeTest.BaseUpgradeTest.Can_Upgrade_From_470_To_600" executed="False" result="Ignored">
                            <reason>
                              <message><![CDATA[]]></message>
                            </reason>
                          </test-case>
                        </results>
                      </test-suite>
                      <test-suite type="TestFixture" name="ValidateOlderSchemaTest" executed="False" result="Ignored">
                        <reason>
                          <message><![CDATA[Do not test in mono until mysql test is done]]></message>
                        </reason>
                        <results>
                          <test-case name="Umbraco.Tests.Migrations.Upgrades.ValidateOlderSchemaTest.DatabaseSchemaCreation_Returns_DatabaseSchemaResult_Where_DetermineInstalledVersion_Is_4_7_0" executed="False" result="Ignored">
                            <reason>
                              <message><![CDATA[Do not test in mono until mysql test is done]]></message>
                            </reason>
                          </test-case>
                        </results>
                      </test-suite>
                    </results>
                  </test-suite>
                </results>
              </test-suite>
              <test-suite type="Namespace" name="Models" executed="True" result="Success" success="True" time="2.174" asserts="0">
                <results>
                  <test-suite type="Namespace" name="Collections" executed="True" result="Success" success="True" time="0.036" asserts="0">
                    <results>
                      <test-suite type="TestFixture" name="PropertyCollectionTests" executed="True" result="Success" success="True" time="0.036" asserts="0">
                        <results>
                          <test-case name="Umbraco.Tests.Models.Collections.PropertyCollectionTests.PropertyCollection_Returns_Null_On_FirstOrDefault_When_Empty" executed="True" result="Success" success="True" time="0.002" asserts="3" />
                          <test-case name="Umbraco.Tests.Models.Collections.PropertyCollectionTests.PropertyGroupCollection_Returns_Null_On_FirstOrDefault_When_Empty" executed="True" result="Success" success="True" time="0.001" asserts="2" />
                          <test-case name="Umbraco.Tests.Models.Collections.PropertyCollectionTests.PropertyGroups_Collection_FirstOrDefault_Returns_Null" executed="True" result="Success" success="True" time="0.001" asserts="4" />
                          <test-case name="Umbraco.Tests.Models.Collections.PropertyCollectionTests.PropertyTypeCollection_Returns_Null_On_FirstOrDefault_When_Empty" executed="True" result="Success" success="True" time="0.001" asserts="2" />
                          <test-case name="Umbraco.Tests.Models.Collections.PropertyCollectionTests.SimpleOrder_Returns_Null_On_FirstOrDefault_When_Empty" executed="True" result="Success" success="True" time="0.001" asserts="1" />
                        </results>
                      </test-suite>
                    </results>
                  </test-suite>
                  <test-suite type="TestFixture" name="ContentTests" executed="True" result="Success" success="True" time="0.525" asserts="0">
                    <results>
                      <test-case name="Umbraco.Tests.Models.ContentTests.Adding_PropertyGroup_To_ContentType_Results_In_Dirty_Entity" executed="True" result="Success" success="True" time="0.001" asserts="2" />
                      <test-case name="Umbraco.Tests.Models.ContentTests.Adding_PropertyType_To_PropertyGroup_On_ContentType_Results_In_Dirty_Entity" executed="True" result="Success" success="True" time="0.001" asserts="3" />
                      <test-case name="Umbraco.Tests.Models.ContentTests.Can_Add_New_Property_To_New_PropertyType" executed="True" result="Success" success="True" time="0.012" asserts="2" />
                      <test-case name="Umbraco.Tests.Models.ContentTests.Can_Add_New_Property_To_New_PropertyType_In_New_PropertyGroup" executed="True" result="Success" success="True" time="0.002" asserts="5" />
                      <test-case name="Umbraco.Tests.Models.ContentTests.Can_Add_PropertyGroup_On_ContentType" executed="True" result="Success" success="True" time="0.001" asserts="2" />
                      <test-case name="Umbraco.Tests.Models.ContentTests.Can_Add_PropertyType_To_Group_On_ContentType" executed="True" result="Success" success="True" time="0.001" asserts="2" />
                      <test-case name="Umbraco.Tests.Models.ContentTests.Can_Avoid_Circular_Dependencies_In_Composition" executed="True" result="Success" success="True" time="0.003" asserts="13" />
                      <test-case name="Umbraco.Tests.Models.ContentTests.Can_Change_ContentType_On_Content" executed="True" result="Success" success="True" time="0.001" asserts="4" />
                      <test-case name="Umbraco.Tests.Models.ContentTests.Can_Change_ContentType_On_Content_And_Clear_Old_PropertyTypes" executed="True" result="Success" success="True" time="0.003" asserts="3" />
                      <test-case name="Umbraco.Tests.Models.ContentTests.Can_Change_ContentType_On_Content_And_Set_Property_Value" executed="True" result="Success" success="True" time="0.282" asserts="2" />
                      <test-case name="Umbraco.Tests.Models.ContentTests.Can_Change_ContentType_On_Content_And_Still_Get_Old_Properties" executed="True" result="Success" success="True" time="0.001" asserts="5" />
                      <test-case name="Umbraco.Tests.Models.ContentTests.Can_Change_Property_Value" executed="True" result="Success" success="True" time="0.001" asserts="3" />
                      <test-case name="Umbraco.Tests.Models.ContentTests.Can_Change_Property_Value_Through_Anonymous_Object" executed="True" result="Success" success="True" time="0.001" asserts="5" />
                      <test-case name="Umbraco.Tests.Models.ContentTests.Can_Clone_Content" executed="True" result="Success" success="True" time="0.002" asserts="4" />
                      <test-case name="Umbraco.Tests.Models.ContentTests.Can_Compose_Composite_ContentType_Collection" executed="True" result="Success" success="True" time="0.001" asserts="3" />
                      <test-case name="Umbraco.Tests.Models.ContentTests.Can_Compose_Nested_Composite_ContentType_Collection" executed="True" result="Success" success="True" time="0.001" asserts="5" />
                      <test-case name="Umbraco.Tests.Models.ContentTests.Can_Remove_PropertyGroup_From_ContentType" executed="True" result="Success" success="True" time="0.001" asserts="1" />
                      <test-case name="Umbraco.Tests.Models.ContentTests.Can_Set_Property_Value_As_HttpPostedFileBase" executed="True" result="Success" success="True" time="0.041" asserts="3" />
                      <test-case name="Umbraco.Tests.Models.ContentTests.Can_Set_Property_Value_As_String" executed="True" result="Success" success="True" time="0.001" asserts="3" />
                      <test-case name="Umbraco.Tests.Models.ContentTests.Can_Update_PropertyType_Through_Content_Properties" executed="True" result="Success" success="True" time="0.002" asserts="3" />
                      <test-case name="Umbraco.Tests.Models.ContentTests.Can_Verify_Content_Is_Published" executed="True" result="Success" success="True" time="0.001" asserts="3" />
                      <test-case name="Umbraco.Tests.Models.ContentTests.Can_Verify_Content_Is_Trashed" executed="True" result="Success" success="True" time="0.001" asserts="3" />
                      <test-case name="Umbraco.Tests.Models.ContentTests.Can_Verify_Dirty_Property_On_Content" executed="True" result="Success" success="True" time="0.001" asserts="2" />
                      <test-case name="Umbraco.Tests.Models.ContentTests.Can_Verify_Mocked_Content" executed="True" result="Success" success="True" time="0.000" asserts="1" />
                    </results>
                  </test-suite>
                  <test-suite type="TestFixture" name="ContentXmlTest" executed="True" result="Success" success="True" time="0.740" asserts="0">
                    <results>
                      <test-case name="Umbraco.Tests.Models.ContentXmlTest.Can_Generate_Xml_Representation_Of_Content" executed="True" result="Success" success="True" time="0.739" asserts="22" />
                    </results>
                  </test-suite>
                  <test-suite type="TestFixture" name="MacroTests" executed="True" result="Success" success="True" time="0.063" asserts="0">
                    <results>
                      <test-case name="Umbraco.Tests.Models.MacroTests.Can_Create_And_Serialize_Macro" executed="True" result="Success" success="True" time="0.012" asserts="5" />
                      <test-case name="Umbraco.Tests.Models.MacroTests.Can_Create_And_Serialize_Then_Deserialize_Macro" executed="True" result="Success" success="True" time="0.033" asserts="8" />
                      <test-case name="Umbraco.Tests.Models.MacroTests.Can_Read_And_Deserialize_Macro_From_Disc" executed="True" result="Success" success="True" time="0.002" asserts="6" />
                      <test-case name="Umbraco.Tests.Models.MacroTests.Can_Write_Serialized_Macro_To_Disc" executed="True" result="Success" success="True" time="0.001" asserts="3" />
                    </results>
                  </test-suite>
                  <test-suite type="TestFixture" name="MediaXmlTest" executed="True" result="Success" success="True" time="0.616" asserts="0">
                    <results>
                      <test-case name="Umbraco.Tests.Models.MediaXmlTest.Can_Generate_Xml_Representation_Of_Media" executed="True" result="Success" success="True" time="0.614" asserts="22" />
                    </results>
                  </test-suite>
                  <test-suite type="TestFixture" name="StylesheetTests" executed="True" result="Success" success="True" time="0.156" asserts="0">
                    <results>
                      <test-case name="Umbraco.Tests.Models.StylesheetTests.Can_Create_Stylesheet" executed="True" result="Success" success="True" time="0.001" asserts="2" />
                      <test-case name="Umbraco.Tests.Models.StylesheetTests.Can_Get_Properties_From_Css" executed="True" result="Success" success="True" time="0.015" asserts="3" />
                      <test-case name="Umbraco.Tests.Models.StylesheetTests.Can_InValidate_Stylesheet" executed="True" result="Success" success="True" time="0.002" asserts="2" />
                      <test-case name="Umbraco.Tests.Models.StylesheetTests.Can_Validate_Css3_Stylesheet" executed="True" result="Success" success="True" time="0.002" asserts="2" />
                      <test-case name="Umbraco.Tests.Models.StylesheetTests.Can_Validate_Stylesheet" executed="True" result="Success" success="True" time="0.001" asserts="2" />
                      <test-case name="Umbraco.Tests.Models.StylesheetTests.Can_Verify_Mixed_Css_Css3_Property_From_Css" executed="True" result="Success" success="True" time="0.001" asserts="3" />
                      <test-case name="Umbraco.Tests.Models.StylesheetTests.Can_Verify_Multiple_Properties_From_Css_Selectors" executed="True" result="Success" success="True" time="0.001" asserts="2" />
                      <test-case name="Umbraco.Tests.Models.StylesheetTests.Can_Verify_Property_From_Css" executed="True" result="Success" success="True" time="0.001" asserts="3" />
                    </results>
                  </test-suite>
                </results>
              </test-suite>
              <test-suite type="TestFixture" name="ObjectExtensionsTests" executed="True" result="Success" success="True" time="0.207" asserts="1">
                <results>
                  <test-case name="Umbraco.Tests.ObjectExtensionsTests.CanConvertIntToNullableInt" executed="True" result="Success" success="True" time="0.003" asserts="1" />
                  <test-case name="Umbraco.Tests.ObjectExtensionsTests.CanConvertNullableIntToInt" executed="True" result="Success" success="True" time="0.001" asserts="1" />
                  <test-case name="Umbraco.Tests.ObjectExtensionsTests.CanConvertStringToBool" executed="True" result="Success" success="True" time="0.002" asserts="18" />
                  <test-case name="Umbraco.Tests.ObjectExtensionsTests.CanConvertStringToDateTime" executed="True" result="Success" success="True" time="0.003" asserts="20" />
                  <test-case name="Umbraco.Tests.ObjectExtensionsTests.ObjectExtensions_Object_To_Dictionary" executed="True" result="Success" success="True" time="0.018" asserts="1">
                    <reason>
                      <message><![CDATA[SetUp : Automatically avoided running test in full trust as it passed in partial trust]]></message>
                    </reason>
                  </test-case>
                </results>
              </test-suite>
              <test-suite type="Namespace" name="PartialTrust" executed="True" result="Failure" success="False" time="0.381" asserts="0">
                <results>
                  <test-suite type="TestFixture" name="PartialTrustFixtureFixture" executed="True" result="Failure" success="False" time="0.201" asserts="1">
                    <results>
                      <test-case name="Umbraco.Tests.PartialTrust.PartialTrustFixtureFixture.InPartialTrust_WhenMethodShouldNotSucceed_PartialTrustHelper_ReportsFailure" executed="True" result="Failure" success="False" time="0.012" asserts="1">
                        <failure>
                          <message><![CDATA[SetUp : NUnit.Framework.AssertionException: CAS Support experimental in mono - cannot get this work yet. http://www.mono-project.com/CAS
  at NUnit.Framework.Assert.Fail (System.String message, System.Object[] args) [0x00000] in <filename unknown>:0 
  at NUnit.Framework.Assert.Fail (System.String message) [0x00000] in <filename unknown>:0 
  at Umbraco.Tests.PartialTrust.PartialTrustFixtureFixture.InPartialTrust_WhenMethodShouldNotSucceed_PartialTrustHelper_ReportsFailure () [0x00000] in <filename unknown>:0 
  at (wrapper managed-to-native) System.Reflection.MonoMethod:InternalInvoke (System.Reflection.MonoMethod,object,object[],System.Exception&)
  at System.Reflection.MonoMethod.Invoke (System.Object obj, BindingFlags invokeAttr, System.Reflection.Binder binder, System.Object[] parameters, System.Globalization.CultureInfo culture) [0x00000] in <filename unknown>:0 ]]></message>
                          <stack-trace><![CDATA[at Umbraco.Tests.PartialTrust.PartialTrustHelper`1[Umbraco.Tests.PartialTrust.PartialTrustFixtureFixture].RunInPartial (System.Reflection.MethodInfo methodInfo, System.AppDomain partiallyTrustedDomain, Umbraco.Tests.PartialTrust.PartialTrustMethodRunner`1 marshaller) [0x00000] in <filename unknown>:0
at Umbraco.Tests.PartialTrust.PartialTrustHelper`1[Umbraco.Tests.PartialTrust.PartialTrustFixtureFixture].CheckRunNUnitTestInPartialTrust (System.AppDomain withAppDomain, Umbraco.Tests.PartialTrust.PartialTrustMethodRunner`1 marshaller) [0x00000] in <filename unknown>:0
at Umbraco.Tests.PartialTrust.AbstractPartialTrustFixture`1[Umbraco.Tests.PartialTrust.PartialTrustFixtureFixture].PartialTrustSetup () [0x00000] in <filename unknown>:0
]]></stack-trace>
                        </failure>
                      </test-case>
                      <test-case name="Umbraco.Tests.PartialTrust.PartialTrustFixtureFixture.InPartialTrust_WhenMethodShouldSucceed_PartialTrustHelper_ReportsSuccess" executed="True" result="Success" success="True" time="0.004" asserts="1">
                        <reason>
                          <message><![CDATA[SetUp : Automatically avoided running test in full trust as it passed in partial trust]]></message>
                        </reason>
                      </test-case>
                    </results>
                  </test-suite>
                  <test-suite type="TestFixture" name="PartialTrustHelperFixture" executed="True" result="Failure" success="False" time="0.177" asserts="0">
                    <results>
                      <test-case name="Umbraco.Tests.PartialTrust.PartialTrustHelperFixture.InPartialTrust_WhenMethodShouldNotSucceed_PartialTrustHelper_ReportsFailure" executed="True" result="Failure" success="False" time="0.001" asserts="0">
                        <failure>
                          <message><![CDATA[CAS Support experimental in mono - cannot get this work yet. http://www.mono-project.com/CAS]]></message>
                          <stack-trace><![CDATA[at Umbraco.Tests.PartialTrust.PartialTrustHelperFixture.InPartialTrust_WhenMethodShouldNotSucceed_PartialTrustHelper_ReportsFailure () [0x00000] in <filename unknown>:0
]]></stack-trace>
                        </failure>
                      </test-case>
                      <test-case name="Umbraco.Tests.PartialTrust.PartialTrustHelperFixture.InPartialTrust_WhenMethodShouldSucceed_PartialTrustHelper_ReportsSuccess" executed="True" result="Success" success="True" time="0.167" asserts="2">
                        <reason>
                          <message><![CDATA[]]></message>
                        </reason>
                      </test-case>
                    </results>
                  </test-suite>
                </results>
              </test-suite>
              <test-suite type="Namespace" name="Persistence" executed="True" result="Success" success="True" time="67.041" asserts="0">
                <results>
                  <test-suite type="Namespace" name="Caching" executed="True" result="Success" success="True" time="0.074" asserts="0">
                    <results>
                      <test-suite type="TestFixture" name="InMemoryCacheProviderTest" executed="True" result="Success" success="True" time="0.031" asserts="0">
                        <results>
                          <test-case name="Umbraco.Tests.Persistence.Caching.InMemoryCacheProviderTest.Can_Delete_Entity_From_Registry" executed="True" result="Success" success="True" time="0.005" asserts="2" />
                          <test-case name="Umbraco.Tests.Persistence.Caching.InMemoryCacheProviderTest.Can_Get_Entities_By_Ids_From_Registry" executed="True" result="Success" success="True" time="0.004" asserts="4" />
                          <test-case name="Umbraco.Tests.Persistence.Caching.InMemoryCacheProviderTest.Can_Get_Entities_By_Type_From_Registry" executed="True" result="Success" success="True" time="0.001" asserts="3" />
                          <test-case name="Umbraco.Tests.Persistence.Caching.InMemoryCacheProviderTest.Can_Get_Entity_From_Registry" executed="True" result="Success" success="True" time="0.001" asserts="3" />
                        </results>
                      </test-suite>
                      <test-suite type="TestFixture" name="RuntimeCacheProviderTest" executed="True" result="Success" success="True" time="0.032" asserts="0">
                        <results>
                          <test-case name="Umbraco.Tests.Persistence.Caching.RuntimeCacheProviderTest.Can_Delete_Entity_From_Registry" executed="True" result="Success" success="True" time="0.009" asserts="2" />
                          <test-case name="Umbraco.Tests.Persistence.Caching.RuntimeCacheProviderTest.Can_Get_Entities_By_Ids_From_Registry" executed="True" result="Success" success="True" time="0.003" asserts="4" />
                          <test-case name="Umbraco.Tests.Persistence.Caching.RuntimeCacheProviderTest.Can_Get_Entities_By_Type_From_Registry" executed="True" result="Success" success="True" time="0.001" asserts="3" />
                          <test-case name="Umbraco.Tests.Persistence.Caching.RuntimeCacheProviderTest.Can_Get_Entity_From_Registry" executed="True" result="Success" success="True" time="0.001" asserts="3" />
                        </results>
                      </test-suite>
                    </results>
                  </test-suite>
                  <test-suite type="TestFixture" name="DatabaseContextTests" executed="True" result="Success" success="True" time="0.630" asserts="0">
                    <results>
                      <test-suite type="ParameterizedTest" name="Build_Azure_Connection_String_CustomServer" executed="True" result="Success" success="True" time="0.038" asserts="0">
                        <results>
                          <test-case name="Umbraco.Tests.Persistence.DatabaseContextTests.Build_Azure_Connection_String_CustomServer(&quot;tcp:kzeej5z8ty.ssmsawacluster4.windowsazure.mscds.com&quot;,&quot;MyDatabase&quot;,&quot;MyUser@kzeej5z8ty&quot;,&quot;MyPassword&quot;)" executed="True" result="Success" success="True" time="0.003" asserts="1" />
                          <test-case name="Umbraco.Tests.Persistence.DatabaseContextTests.Build_Azure_Connection_String_CustomServer(&quot;tcp:kzeej5z8ty.ssmsawacluster4.windowsazure.mscds.com&quot;,&quot;MyDatabase&quot;,&quot;MyUser&quot;,&quot;MyPassword&quot;)" executed="True" result="Success" success="True" time="0.003" asserts="1" />
                          <test-case name="Umbraco.Tests.Persistence.DatabaseContextTests.Build_Azure_Connection_String_CustomServer(&quot;tcp:kzeej5z8ty.ssmsawacluster4.windowsazure.mscds.com,1433&quot;,&quot;MyDatabase&quot;,&quot;MyUser@kzeej5z8ty&quot;,&quot;MyPassword&quot;)" executed="True" result="Success" success="True" time="0.003" asserts="1" />
                          <test-case name="Umbraco.Tests.Persistence.DatabaseContextTests.Build_Azure_Connection_String_CustomServer(&quot;tcp:kzeej5z8ty.ssmsawacluster4.windowsazure.mscds.com,1433&quot;,&quot;MyDatabase&quot;,&quot;MyUser&quot;,&quot;MyPassword&quot;)" executed="True" result="Success" success="True" time="0.002" asserts="1" />
                        </results>
                      </test-suite>
                      <test-suite type="ParameterizedTest" name="Build_Azure_Connection_String_Regular" executed="True" result="Success" success="True" time="0.085" asserts="0">
                        <results>
                          <test-case name="Umbraco.Tests.Persistence.DatabaseContextTests.Build_Azure_Connection_String_Regular(&quot;tcp:MyServer.database.windows.net,1433&quot;,&quot;MyDatabase&quot;,&quot;MyUser@MyServer&quot;,&quot;MyPassword&quot;)" executed="True" result="Success" success="True" time="0.003" asserts="1" />
                          <test-case name="Umbraco.Tests.Persistence.DatabaseContextTests.Build_Azure_Connection_String_Regular(&quot;tcp:MyServer.database.windows.net,1433&quot;,&quot;MyDatabase&quot;,&quot;MyUser&quot;,&quot;MyPassword&quot;)" executed="True" result="Success" success="True" time="0.002" asserts="1" />
                          <test-case name="Umbraco.Tests.Persistence.DatabaseContextTests.Build_Azure_Connection_String_Regular(&quot;tcp:MyServer.database.windows.net&quot;,&quot;MyDatabase&quot;,&quot;MyUser@MyServer&quot;,&quot;MyPassword&quot;)" executed="True" result="Success" success="True" time="0.003" asserts="1" />
                          <test-case name="Umbraco.Tests.Persistence.DatabaseContextTests.Build_Azure_Connection_String_Regular(&quot;tcp:MyServer.database.windows.net&quot;,&quot;MyDatabase&quot;,&quot;MyUser&quot;,&quot;MyPassword&quot;)" executed="True" result="Success" success="True" time="0.004" asserts="1" />
                          <test-case name="Umbraco.Tests.Persistence.DatabaseContextTests.Build_Azure_Connection_String_Regular(&quot;tcp:MyServer,1433&quot;,&quot;MyDatabase&quot;,&quot;MyUser@MyServer&quot;,&quot;MyPassword&quot;)" executed="True" result="Success" success="True" time="0.002" asserts="1" />
                          <test-case name="Umbraco.Tests.Persistence.DatabaseContextTests.Build_Azure_Connection_String_Regular(&quot;tcp:MyServer,1433&quot;,&quot;MyDatabase&quot;,&quot;MyUser&quot;,&quot;MyPassword&quot;)" executed="True" result="Success" success="True" time="0.003" asserts="1" />
                          <test-case name="Umbraco.Tests.Persistence.DatabaseContextTests.Build_Azure_Connection_String_Regular(&quot;tcp:MyServer&quot;,&quot;MyDatabase&quot;,&quot;MyUser@MyServer&quot;,&quot;MyPassword&quot;)" executed="True" result="Success" success="True" time="0.005" asserts="1" />
                          <test-case name="Umbraco.Tests.Persistence.DatabaseContextTests.Build_Azure_Connection_String_Regular(&quot;tcp:MyServer&quot;,&quot;MyDatabase&quot;,&quot;MyUser&quot;,&quot;MyPassword&quot;)" executed="True" result="Success" success="True" time="0.003" asserts="1" />
                          <test-case name="Umbraco.Tests.Persistence.DatabaseContextTests.Build_Azure_Connection_String_Regular(&quot;MyServer&quot;,&quot;MyDatabase&quot;,&quot;MyUser@MyServer&quot;,&quot;MyPassword&quot;)" executed="True" result="Success" success="True" time="0.002" asserts="1" />
                          <test-case name="Umbraco.Tests.Persistence.DatabaseContextTests.Build_Azure_Connection_String_Regular(&quot;MyServer&quot;,&quot;MyDatabase&quot;,&quot;MyUser&quot;,&quot;MyPassword&quot;)" executed="True" result="Success" success="True" time="0.003" asserts="1" />
                        </results>
                      </test-suite>
                      <test-case name="Umbraco.Tests.Persistence.DatabaseContextTests.Can_Assert_Created_Database" executed="True" result="Success" success="True" time="0.473" asserts="3" />
                      <test-case name="Umbraco.Tests.Persistence.DatabaseContextTests.Can_Assert_DatabaseProvider" executed="True" result="Success" success="True" time="0.003" asserts="1" />
                      <test-case name="Umbraco.Tests.Persistence.DatabaseContextTests.Can_Verify_Single_Database_Instance" executed="True" result="Success" success="True" time="0.003" asserts="1" />
                    </results>
                  </test-suite>
                  <test-suite type="Namespace" name="Mappers" executed="True" result="Success" success="True" time="0.307" asserts="0">
                    <results>
                      <test-suite type="TestFixture" name="ContentMapperTest" executed="True" result="Success" success="True" time="0.021" asserts="0">
                        <results>
                          <test-case name="Umbraco.Tests.Persistence.Mappers.ContentMapperTest.Can_Map_Id_Property" executed="True" result="Success" success="True" time="0.001" asserts="1" />
                          <test-case name="Umbraco.Tests.Persistence.Mappers.ContentMapperTest.Can_Map_Published_Property" executed="True" result="Success" success="True" time="0.000" asserts="1" />
                          <test-case name="Umbraco.Tests.Persistence.Mappers.ContentMapperTest.Can_Map_Trashed_Property" executed="True" result="Success" success="True" time="0.000" asserts="1" />
                          <test-case name="Umbraco.Tests.Persistence.Mappers.ContentMapperTest.Can_Map_Version_Property" executed="True" result="Success" success="True" time="0.001" asserts="1" />
                        </results>
                      </test-suite>
                      <test-suite type="TestFixture" name="ContentTypeMapperTest" executed="True" result="Success" success="True" time="0.016" asserts="0">
                        <results>
                          <test-case name="Umbraco.Tests.Persistence.Mappers.ContentTypeMapperTest.Can_Map_Description_Property" executed="True" result="Success" success="True" time="0.000" asserts="1" />
                          <test-case name="Umbraco.Tests.Persistence.Mappers.ContentTypeMapperTest.Can_Map_Id_Property" executed="True" result="Success" success="True" time="0.000" asserts="1" />
                          <test-case name="Umbraco.Tests.Persistence.Mappers.ContentTypeMapperTest.Can_Map_Name_Property" executed="True" result="Success" success="True" time="0.000" asserts="1" />
                          <test-case name="Umbraco.Tests.Persistence.Mappers.ContentTypeMapperTest.Can_Map_Thumbnail_Property" executed="True" result="Success" success="True" time="0.001" asserts="1" />
                        </results>
                      </test-suite>
                      <test-suite type="TestFixture" name="DataTypeDefinitionMapperTest" executed="True" result="Success" success="True" time="0.019" asserts="0">
                        <results>
                          <test-case name="Umbraco.Tests.Persistence.Mappers.DataTypeDefinitionMapperTest.Can_Map_ControlId_Property" executed="True" result="Success" success="True" time="0.000" asserts="1" />
                          <test-case name="Umbraco.Tests.Persistence.Mappers.DataTypeDefinitionMapperTest.Can_Map_DatabaseType_Property" executed="True" result="Success" success="True" time="0.000" asserts="1" />
                          <test-case name="Umbraco.Tests.Persistence.Mappers.DataTypeDefinitionMapperTest.Can_Map_Id_Property" executed="True" result="Success" success="True" time="0.001" asserts="1" />
                          <test-case name="Umbraco.Tests.Persistence.Mappers.DataTypeDefinitionMapperTest.Can_Map_Key_Property" executed="True" result="Success" success="True" time="0.000" asserts="1" />
                        </results>
                      </test-suite>
                      <test-suite type="TestFixture" name="DictionaryMapperTest" executed="True" result="Success" success="True" time="0.017" asserts="0">
                        <results>
                          <test-case name="Umbraco.Tests.Persistence.Mappers.DictionaryMapperTest.Can_Map_Id_Property" executed="True" result="Success" success="True" time="0.001" asserts="1" />
                          <test-case name="Umbraco.Tests.Persistence.Mappers.DictionaryMapperTest.Can_Map_ItemKey_Property" executed="True" result="Success" success="True" time="0.000" asserts="1" />
                          <test-case name="Umbraco.Tests.Persistence.Mappers.DictionaryMapperTest.Can_Map_Key_Property" executed="True" result="Success" success="True" time="0.001" asserts="1" />
                        </results>
                      </test-suite>
                      <test-suite type="TestFixture" name="DictionaryTranslationMapperTest" executed="True" result="Success" success="True" time="0.012" asserts="0">
                        <results>
                          <test-case name="Umbraco.Tests.Persistence.Mappers.DictionaryTranslationMapperTest.Can_Map_Key_Property" executed="True" result="Success" success="True" time="0.000" asserts="1" />
                          <test-case name="Umbraco.Tests.Persistence.Mappers.DictionaryTranslationMapperTest.Can_Map_Language_Property" executed="True" result="Success" success="True" time="0.000" asserts="1" />
                          <test-case name="Umbraco.Tests.Persistence.Mappers.DictionaryTranslationMapperTest.Can_Map_Value_Property" executed="True" result="Success" success="True" time="0.002" asserts="1" />
                        </results>
                      </test-suite>
                      <test-suite type="TestFixture" name="LanguageMapperTest" executed="True" result="Success" success="True" time="0.016" asserts="0">
                        <results>
                          <test-case name="Umbraco.Tests.Persistence.Mappers.LanguageMapperTest.Can_Map_CultureName_Property" executed="True" result="Success" success="True" time="0.000" asserts="1" />
                          <test-case name="Umbraco.Tests.Persistence.Mappers.LanguageMapperTest.Can_Map_Id_Property" executed="True" result="Success" success="True" time="0.001" asserts="1" />
                          <test-case name="Umbraco.Tests.Persistence.Mappers.LanguageMapperTest.Can_Map_IsoCode_Property" executed="True" result="Success" success="True" time="0.000" asserts="1" />
                        </results>
                      </test-suite>
                      <test-suite type="TestFixture" name="MappingResolverTests" executed="True" result="Success" success="True" time="0.015" asserts="0">
                        <results>
                          <test-case name="Umbraco.Tests.Persistence.Mappers.MappingResolverTests.Can_Map_Alias_Property_On_ContentType" executed="True" result="Success" success="True" time="0.001" asserts="1" />
                          <test-case name="Umbraco.Tests.Persistence.Mappers.MappingResolverTests.Can_Map_Id_Property_On_Content" executed="True" result="Success" success="True" time="0.000" asserts="1" />
                          <test-case name="Umbraco.Tests.Persistence.Mappers.MappingResolverTests.Can_Resolve_ContentType_Mapper" executed="True" result="Success" success="True" time="0.000" asserts="1" />
                          <test-case name="Umbraco.Tests.Persistence.Mappers.MappingResolverTests.Can_Resolve_Dictionary_Mapper" executed="True" result="Success" success="True" time="0.000" asserts="1" />
                        </results>
                      </test-suite>
                      <test-suite type="TestFixture" name="MediaMapperTest" executed="True" result="Success" success="True" time="0.015" asserts="0">
                        <results>
                          <test-case name="Umbraco.Tests.Persistence.Mappers.MediaMapperTest.Can_Map_Id_Property" executed="True" result="Success" success="True" time="0.000" asserts="1" />
                          <test-case name="Umbraco.Tests.Persistence.Mappers.MediaMapperTest.Can_Map_Trashed_Property" executed="True" result="Success" success="True" time="0.000" asserts="1" />
                          <test-case name="Umbraco.Tests.Persistence.Mappers.MediaMapperTest.Can_Map_UpdateDate_Property" executed="True" result="Success" success="True" time="0.000" asserts="1" />
                          <test-case name="Umbraco.Tests.Persistence.Mappers.MediaMapperTest.Can_Map_Version_Property" executed="True" result="Success" success="True" time="0.000" asserts="1" />
                        </results>
                      </test-suite>
                      <test-suite type="TestFixture" name="PropertyGroupMapperTest" executed="True" result="Success" success="True" time="0.018" asserts="0">
                        <results>
                          <test-case name="Umbraco.Tests.Persistence.Mappers.PropertyGroupMapperTest.Can_Map_Id_Property" executed="True" result="Success" success="True" time="0.001" asserts="1" />
                          <test-case name="Umbraco.Tests.Persistence.Mappers.PropertyGroupMapperTest.Can_Map_Name_Property" executed="True" result="Success" success="True" time="0.000" asserts="1" />
                          <test-case name="Umbraco.Tests.Persistence.Mappers.PropertyGroupMapperTest.Can_Map_ParentId_Property" executed="True" result="Success" success="True" time="0.000" asserts="1" />
                          <test-case name="Umbraco.Tests.Persistence.Mappers.PropertyGroupMapperTest.Can_Map_SortOrder_Property" executed="True" result="Success" success="True" time="0.000" asserts="1" />
                        </results>
                      </test-suite>
                      <test-suite type="TestFixture" name="PropertyTypeMapperTest" executed="True" result="Success" success="True" time="0.033" asserts="0">
                        <results>
                          <test-case name="Umbraco.Tests.Persistence.Mappers.PropertyTypeMapperTest.Can_Map_Alias_Property" executed="True" result="Success" success="True" time="0.000" asserts="1" />
                          <test-case name="Umbraco.Tests.Persistence.Mappers.PropertyTypeMapperTest.Can_Map_DataTypeControlId_Property" executed="True" result="Success" success="True" time="0.000" asserts="1" />
                          <test-case name="Umbraco.Tests.Persistence.Mappers.PropertyTypeMapperTest.Can_Map_DataTypeDatabaseType_Property" executed="True" result="Success" success="True" time="0.000" asserts="1" />
                          <test-case name="Umbraco.Tests.Persistence.Mappers.PropertyTypeMapperTest.Can_Map_DataTypeDefinitionId_Property" executed="True" result="Success" success="True" time="0.001" asserts="1" />
                          <test-case name="Umbraco.Tests.Persistence.Mappers.PropertyTypeMapperTest.Can_Map_Id_Property" executed="True" result="Success" success="True" time="0.001" asserts="1" />
                          <test-case name="Umbraco.Tests.Persistence.Mappers.PropertyTypeMapperTest.Can_Map_SortOrder_Property" executed="True" result="Success" success="True" time="0.001" asserts="1" />
                        </results>
                      </test-suite>
                      <test-suite type="TestFixture" name="RelationMapperTest" executed="True" result="Success" success="True" time="0.031" asserts="0">
                        <results>
                          <test-case name="Umbraco.Tests.Persistence.Mappers.RelationMapperTest.Can_Map_ChildId_Property" executed="True" result="Success" success="True" time="0.001" asserts="1" />
                          <test-case name="Umbraco.Tests.Persistence.Mappers.RelationMapperTest.Can_Map_Comment_Property" executed="True" result="Success" success="True" time="0.001" asserts="1" />
                          <test-case name="Umbraco.Tests.Persistence.Mappers.RelationMapperTest.Can_Map_Datetime_Property" executed="True" result="Success" success="True" time="0.000" asserts="1" />
                          <test-case name="Umbraco.Tests.Persistence.Mappers.RelationMapperTest.Can_Map_Id_Property" executed="True" result="Success" success="True" time="0.000" asserts="1" />
                          <test-case name="Umbraco.Tests.Persistence.Mappers.RelationMapperTest.Can_Map_RelationType_Property" executed="True" result="Success" success="True" time="0.001" asserts="1" />
                        </results>
                      </test-suite>
                      <test-suite type="TestFixture" name="RelationTypeMapperTest" executed="True" result="Success" success="True" time="0.023" asserts="0">
                        <results>
                          <test-case name="Umbraco.Tests.Persistence.Mappers.RelationTypeMapperTest.Can_Map_Alias_Property" executed="True" result="Success" success="True" time="0.001" asserts="1" />
                          <test-case name="Umbraco.Tests.Persistence.Mappers.RelationTypeMapperTest.Can_Map_ChildObjectType_Property" executed="True" result="Success" success="True" time="0.000" asserts="1" />
                          <test-case name="Umbraco.Tests.Persistence.Mappers.RelationTypeMapperTest.Can_Map_Id_Property" executed="True" result="Success" success="True" time="0.000" asserts="1" />
                          <test-case name="Umbraco.Tests.Persistence.Mappers.RelationTypeMapperTest.Can_Map_IsBidirectional_Property" executed="True" result="Success" success="True" time="0.000" asserts="1" />
                        </results>
                      </test-suite>
                    </results>
                  </test-suite>
                  <test-suite type="TestFixture" name="MySqlDatabaseCreationTest" executed="False" result="Ignored">
                    <reason>
                      <message><![CDATA[]]></message>
                    </reason>
                    <results>
                      <test-case name="Umbraco.Tests.Persistence.MySqlDatabaseCreationTest.Can_Assert_Created_Database" executed="False" result="Ignored">
                        <reason>
                          <message><![CDATA[]]></message>
                        </reason>
                      </test-case>
                    </results>
                  </test-suite>
                  <test-suite type="TestFixture" name="MySqlTableByTableTest" executed="False" result="Ignored">
                    <reason>
                      <message><![CDATA[]]></message>
                    </reason>
                    <results>
                      <test-case name="Umbraco.Tests.Persistence.MySqlTableByTableTest.BaseTableByTableTest.Can_Create_cmsContentType_Table" executed="False" result="Ignored">
                        <reason>
                          <message><![CDATA[]]></message>
                        </reason>
                      </test-case>
                      <test-case name="Umbraco.Tests.Persistence.MySqlTableByTableTest.BaseTableByTableTest.Can_Create_cmsContentType2ContentType_Table" executed="False" result="Ignored">
                        <reason>
                          <message><![CDATA[]]></message>
                        </reason>
                      </test-case>
                      <test-case name="Umbraco.Tests.Persistence.MySqlTableByTableTest.BaseTableByTableTest.Can_Create_cmsContentTypeAllowedContentType_Table" executed="False" result="Ignored">
                        <reason>
                          <message><![CDATA[]]></message>
                        </reason>
                      </test-case>
                      <test-case name="Umbraco.Tests.Persistence.MySqlTableByTableTest.BaseTableByTableTest.Can_Create_cmsContentVersion_Table" executed="False" result="Ignored">
                        <reason>
                          <message><![CDATA[]]></message>
                        </reason>
                      </test-case>
                      <test-case name="Umbraco.Tests.Persistence.MySqlTableByTableTest.BaseTableByTableTest.Can_Create_cmsContentXml_Table" executed="False" result="Ignored">
                        <reason>
                          <message><![CDATA[]]></message>
                        </reason>
                      </test-case>
                      <test-case name="Umbraco.Tests.Persistence.MySqlTableByTableTest.BaseTableByTableTest.Can_Create_cmsDataType_Table" executed="False" result="Ignored">
                        <reason>
                          <message><![CDATA[]]></message>
                        </reason>
                      </test-case>
                      <test-case name="Umbraco.Tests.Persistence.MySqlTableByTableTest.BaseTableByTableTest.Can_Create_cmsDataTypePreValues_Table" executed="False" result="Ignored">
                        <reason>
                          <message><![CDATA[]]></message>
                        </reason>
                      </test-case>
                      <test-case name="Umbraco.Tests.Persistence.MySqlTableByTableTest.BaseTableByTableTest.Can_Create_cmsDictionary_Table" executed="False" result="Ignored">
                        <reason>
                          <message><![CDATA[]]></message>
                        </reason>
                      </test-case>
                      <test-case name="Umbraco.Tests.Persistence.MySqlTableByTableTest.BaseTableByTableTest.Can_Create_cmsDocument_Table" executed="False" result="Ignored">
                        <reason>
                          <message><![CDATA[]]></message>
                        </reason>
                      </test-case>
                      <test-case name="Umbraco.Tests.Persistence.MySqlTableByTableTest.BaseTableByTableTest.Can_Create_cmsDocumentType_Table" executed="False" result="Ignored">
                        <reason>
                          <message><![CDATA[]]></message>
                        </reason>
                      </test-case>
                      <test-case name="Umbraco.Tests.Persistence.MySqlTableByTableTest.BaseTableByTableTest.Can_Create_cmsLanguageText_Table" executed="False" result="Ignored">
                        <reason>
                          <message><![CDATA[]]></message>
                        </reason>
                      </test-case>
                      <test-case name="Umbraco.Tests.Persistence.MySqlTableByTableTest.BaseTableByTableTest.Can_Create_cmsMacro_Table" executed="False" result="Ignored">
                        <reason>
                          <message><![CDATA[]]></message>
                        </reason>
                      </test-case>
                      <test-case name="Umbraco.Tests.Persistence.MySqlTableByTableTest.BaseTableByTableTest.Can_Create_cmsMacroProperty_Table" executed="False" result="Ignored">
                        <reason>
                          <message><![CDATA[]]></message>
                        </reason>
                      </test-case>
                      <test-case name="Umbraco.Tests.Persistence.MySqlTableByTableTest.BaseTableByTableTest.Can_Create_cmsMacroPropertyType_Table" executed="False" result="Ignored">
                        <reason>
                          <message><![CDATA[]]></message>
                        </reason>
                      </test-case>
                      <test-case name="Umbraco.Tests.Persistence.MySqlTableByTableTest.BaseTableByTableTest.Can_Create_cmsMember_Table" executed="False" result="Ignored">
                        <reason>
                          <message><![CDATA[]]></message>
                        </reason>
                      </test-case>
                      <test-case name="Umbraco.Tests.Persistence.MySqlTableByTableTest.BaseTableByTableTest.Can_Create_cmsMember2MemberGroup_Table" executed="False" result="Ignored">
                        <reason>
                          <message><![CDATA[]]></message>
                        </reason>
                      </test-case>
                      <test-case name="Umbraco.Tests.Persistence.MySqlTableByTableTest.BaseTableByTableTest.Can_Create_cmsMemberType_Table" executed="False" result="Ignored">
                        <reason>
                          <message><![CDATA[]]></message>
                        </reason>
                      </test-case>
                      <test-case name="Umbraco.Tests.Persistence.MySqlTableByTableTest.BaseTableByTableTest.Can_Create_cmsPreviewXml_Table" executed="False" result="Ignored">
                        <reason>
                          <message><![CDATA[]]></message>
                        </reason>
                      </test-case>
                      <test-case name="Umbraco.Tests.Persistence.MySqlTableByTableTest.BaseTableByTableTest.Can_Create_cmsPropertyData_Table" executed="False" result="Ignored">
                        <reason>
                          <message><![CDATA[]]></message>
                        </reason>
                      </test-case>
                      <test-case name="Umbraco.Tests.Persistence.MySqlTableByTableTest.BaseTableByTableTest.Can_Create_cmsPropertyType_Table" executed="False" result="Ignored">
                        <reason>
                          <message><![CDATA[]]></message>
                        </reason>
                      </test-case>
                      <test-case name="Umbraco.Tests.Persistence.MySqlTableByTableTest.BaseTableByTableTest.Can_Create_cmsPropertyTypeGroup_Table" executed="False" result="Ignored">
                        <reason>
                          <message><![CDATA[]]></message>
                        </reason>
                      </test-case>
                      <test-case name="Umbraco.Tests.Persistence.MySqlTableByTableTest.BaseTableByTableTest.Can_Create_cmsStylesheet_Table" executed="False" result="Ignored">
                        <reason>
                          <message><![CDATA[]]></message>
                        </reason>
                      </test-case>
                      <test-case name="Umbraco.Tests.Persistence.MySqlTableByTableTest.BaseTableByTableTest.Can_Create_cmsStylesheetProperty_Table" executed="False" result="Ignored">
                        <reason>
                          <message><![CDATA[]]></message>
                        </reason>
                      </test-case>
                      <test-case name="Umbraco.Tests.Persistence.MySqlTableByTableTest.BaseTableByTableTest.Can_Create_cmsTagRelationship_Table" executed="False" result="Ignored">
                        <reason>
                          <message><![CDATA[]]></message>
                        </reason>
                      </test-case>
                      <test-case name="Umbraco.Tests.Persistence.MySqlTableByTableTest.BaseTableByTableTest.Can_Create_cmsTags_Table" executed="False" result="Ignored">
                        <reason>
                          <message><![CDATA[]]></message>
                        </reason>
                      </test-case>
                      <test-case name="Umbraco.Tests.Persistence.MySqlTableByTableTest.BaseTableByTableTest.Can_Create_cmsTask_Table" executed="False" result="Ignored">
                        <reason>
                          <message><![CDATA[]]></message>
                        </reason>
                      </test-case>
                      <test-case name="Umbraco.Tests.Persistence.MySqlTableByTableTest.BaseTableByTableTest.Can_Create_cmsTaskType_Table" executed="False" result="Ignored">
                        <reason>
                          <message><![CDATA[]]></message>
                        </reason>
                      </test-case>
                      <test-case name="Umbraco.Tests.Persistence.MySqlTableByTableTest.BaseTableByTableTest.Can_Create_cmsTemplate_Table" executed="False" result="Ignored">
                        <reason>
                          <message><![CDATA[]]></message>
                        </reason>
                      </test-case>
                      <test-case name="Umbraco.Tests.Persistence.MySqlTableByTableTest.BaseTableByTableTest.Can_Create_umbracoApp_Table" executed="False" result="Ignored">
                        <reason>
                          <message><![CDATA[]]></message>
                        </reason>
                      </test-case>
                      <test-case name="Umbraco.Tests.Persistence.MySqlTableByTableTest.BaseTableByTableTest.Can_Create_umbracoAppTree_Table" executed="False" result="Ignored">
                        <reason>
                          <message><![CDATA[]]></message>
                        </reason>
                      </test-case>
                      <test-case name="Umbraco.Tests.Persistence.MySqlTableByTableTest.BaseTableByTableTest.Can_Create_umbracoDomains_Table" executed="False" result="Ignored">
                        <reason>
                          <message><![CDATA[]]></message>
                        </reason>
                      </test-case>
                      <test-case name="Umbraco.Tests.Persistence.MySqlTableByTableTest.BaseTableByTableTest.Can_Create_umbracoLanguage_Table" executed="False" result="Ignored">
                        <reason>
                          <message><![CDATA[]]></message>
                        </reason>
                      </test-case>
                      <test-case name="Umbraco.Tests.Persistence.MySqlTableByTableTest.BaseTableByTableTest.Can_Create_umbracoLog_Table" executed="False" result="Ignored">
                        <reason>
                          <message><![CDATA[]]></message>
                        </reason>
                      </test-case>
                      <test-case name="Umbraco.Tests.Persistence.MySqlTableByTableTest.BaseTableByTableTest.Can_Create_umbracoNode_Table" executed="False" result="Ignored">
                        <reason>
                          <message><![CDATA[]]></message>
                        </reason>
                      </test-case>
                      <test-case name="Umbraco.Tests.Persistence.MySqlTableByTableTest.BaseTableByTableTest.Can_Create_umbracoRelation_Table" executed="False" result="Ignored">
                        <reason>
                          <message><![CDATA[]]></message>
                        </reason>
                      </test-case>
                      <test-case name="Umbraco.Tests.Persistence.MySqlTableByTableTest.BaseTableByTableTest.Can_Create_umbracoRelationType_Table" executed="False" result="Ignored">
                        <reason>
                          <message><![CDATA[]]></message>
                        </reason>
                      </test-case>
                      <test-case name="Umbraco.Tests.Persistence.MySqlTableByTableTest.BaseTableByTableTest.Can_Create_umbracoUser_Table" executed="False" result="Ignored">
                        <reason>
                          <message><![CDATA[]]></message>
                        </reason>
                      </test-case>
                      <test-case name="Umbraco.Tests.Persistence.MySqlTableByTableTest.BaseTableByTableTest.Can_Create_umbracoUser2app_Table" executed="False" result="Ignored">
                        <reason>
                          <message><![CDATA[]]></message>
                        </reason>
                      </test-case>
                      <test-case name="Umbraco.Tests.Persistence.MySqlTableByTableTest.BaseTableByTableTest.Can_Create_umbracoUser2NodeNotify_Table" executed="False" result="Ignored">
                        <reason>
                          <message><![CDATA[]]></message>
                        </reason>
                      </test-case>
                      <test-case name="Umbraco.Tests.Persistence.MySqlTableByTableTest.BaseTableByTableTest.Can_Create_umbracoUser2NodePermission_Table" executed="False" result="Ignored">
                        <reason>
                          <message><![CDATA[]]></message>
                        </reason>
                      </test-case>
                      <test-case name="Umbraco.Tests.Persistence.MySqlTableByTableTest.BaseTableByTableTest.Can_Create_umbracoUserLogins_Table" executed="False" result="Ignored">
                        <reason>
                          <message><![CDATA[]]></message>
                        </reason>
                      </test-case>
                      <test-case name="Umbraco.Tests.Persistence.MySqlTableByTableTest.BaseTableByTableTest.Can_Create_umbracoUserType_Table" executed="False" result="Ignored">
                        <reason>
                          <message><![CDATA[]]></message>
                        </reason>
                      </test-case>
                    </results>
                  </test-suite>
                  <test-suite type="Namespace" name="Querying" executed="True" result="Success" success="True" time="0.450" asserts="0">
                    <results>
                      <test-suite type="TestFixture" name="ContentRepositorySqlClausesTest" executed="True" result="Success" success="True" time="0.064" asserts="0">
                        <results>
                          <test-case name="Umbraco.Tests.Persistence.Querying.ContentRepositorySqlClausesTest.Can_Verify_Base_Clause" executed="True" result="Success" success="True" time="0.004" asserts="1" />
                          <test-case name="Umbraco.Tests.Persistence.Querying.ContentRepositorySqlClausesTest.Can_Verify_Base_Where_Clause" executed="True" result="Success" success="True" time="0.003" asserts="1" />
                          <test-case name="Umbraco.Tests.Persistence.Querying.ContentRepositorySqlClausesTest.Can_Verify_Base_Where_With_Version_Clause" executed="True" result="Success" success="True" time="0.004" asserts="1" />
                          <test-case name="Umbraco.Tests.Persistence.Querying.ContentRepositorySqlClausesTest.Can_Verify_Property_Collection_Query" executed="True" result="Success" success="True" time="0.002" asserts="1" />
                        </results>
                      </test-suite>
                      <test-suite type="TestFixture" name="ContentTypeRepositorySqlClausesTest" executed="True" result="Success" success="True" time="0.077" asserts="0">
                        <results>
                          <test-case name="Umbraco.Tests.Persistence.Querying.ContentTypeRepositorySqlClausesTest.Can_Verify_AllowedContentTypeIds_Clause" executed="True" result="Success" success="True" time="0.001" asserts="1" />
                          <test-case name="Umbraco.Tests.Persistence.Querying.ContentTypeRepositorySqlClausesTest.Can_Verify_Base_Clause" executed="True" result="Success" success="True" time="0.002" asserts="1" />
                          <test-case name="Umbraco.Tests.Persistence.Querying.ContentTypeRepositorySqlClausesTest.Can_Verify_Base_Where_Clause" executed="True" result="Success" success="True" time="0.003" asserts="1" />
                          <test-case name="Umbraco.Tests.Persistence.Querying.ContentTypeRepositorySqlClausesTest.Can_Verify_PerformQuery_Clause" executed="True" result="Success" success="True" time="0.002" asserts="1" />
                          <test-case name="Umbraco.Tests.Persistence.Querying.ContentTypeRepositorySqlClausesTest.Can_Verify_PropertyGroupCollection_Clause" executed="True" result="Success" success="True" time="0.002" asserts="1" />
                        </results>
                      </test-suite>
                      <test-suite type="TestFixture" name="DataTypeDefinitionRepositorySqlClausesTest" executed="True" result="Success" success="True" time="0.003" asserts="0">
                        <results>
                          <test-case name="Umbraco.Tests.Persistence.Querying.DataTypeDefinitionRepositorySqlClausesTest.Can_Verify_Base_Clause" executed="True" result="Success" success="True" time="0.002" asserts="1" />
                        </results>
                      </test-suite>
                      <test-suite type="TestFixture" name="ExpressionTests" executed="True" result="Success" success="True" time="0.020" asserts="0">
                        <results>
                          <test-case name="Umbraco.Tests.Persistence.Querying.ExpressionTests.Can_Verify_ParentId_StartsWith_Predicate_In_Same_Result" executed="True" result="Success" success="True" time="0.001" asserts="1" />
                          <test-case name="Umbraco.Tests.Persistence.Querying.ExpressionTests.Can_Verify_Path_StartsWith_Predicate_In_Same_Result" executed="True" result="Success" success="True" time="0.003" asserts="1" />
                        </results>
                      </test-suite>
                      <test-suite type="TestFixture" name="MediaRepositorySqlClausesTest" executed="True" result="Success" success="True" time="0.003" asserts="0">
                        <results>
                          <test-case name="Umbraco.Tests.Persistence.Querying.MediaRepositorySqlClausesTest.Can_Verify_Base_Clause" executed="True" result="Success" success="True" time="0.002" asserts="1" />
                        </results>
                      </test-suite>
                      <test-suite type="TestFixture" name="MediaTypeRepositorySqlClausesTest" executed="True" result="Success" success="True" time="0.003" asserts="0">
                        <results>
                          <test-case name="Umbraco.Tests.Persistence.Querying.MediaTypeRepositorySqlClausesTest.Can_Verify_Base_Clause" executed="True" result="Success" success="True" time="0.002" asserts="1" />
                        </results>
                      </test-suite>
                      <test-suite type="TestFixture" name="PetaPocoSqlTests" executed="True" result="Success" success="True" time="0.095" asserts="0">
                        <results>
                          <test-case name="Umbraco.Tests.Persistence.Querying.PetaPocoSqlTests.Can_GroupBy_With_Type" executed="True" result="Success" success="True" time="0.003" asserts="1" />
                          <test-case name="Umbraco.Tests.Persistence.Querying.PetaPocoSqlTests.Can_InnerJoin_With_Types" executed="True" result="Success" success="True" time="0.002" asserts="1" />
                          <test-case name="Umbraco.Tests.Persistence.Querying.PetaPocoSqlTests.Can_OrderBy_With_Type" executed="True" result="Success" success="True" time="0.001" asserts="1" />
                          <test-case name="Umbraco.Tests.Persistence.Querying.PetaPocoSqlTests.Can_Select_From_With_Type" executed="True" result="Success" success="True" time="0.001" asserts="1" />
                          <test-case name="Umbraco.Tests.Persistence.Querying.PetaPocoSqlTests.Can_Use_Where_And_Predicate" executed="True" result="Success" success="True" time="0.002" asserts="1" />
                          <test-case name="Umbraco.Tests.Persistence.Querying.PetaPocoSqlTests.Can_Use_Where_Predicate" executed="True" result="Success" success="True" time="0.001" asserts="1" />
                        </results>
                      </test-suite>
                      <test-suite type="TestFixture" name="QueryBuilderTests" executed="True" result="Success" success="True" time="0.049" asserts="0">
                        <results>
                          <test-case name="Umbraco.Tests.Persistence.Querying.QueryBuilderTests.Can_Build_ContentTypeAlias_Query_For_IContentType" executed="True" result="Success" success="True" time="0.001" asserts="2" />
                          <test-case name="Umbraco.Tests.Persistence.Querying.QueryBuilderTests.Can_Build_ParentId_Query_For_IContent" executed="True" result="Success" success="True" time="0.001" asserts="2" />
                          <test-case name="Umbraco.Tests.Persistence.Querying.QueryBuilderTests.Can_Build_PublishedDescendants_Query_For_IContent" executed="True" result="Success" success="True" time="0.004" asserts="0" />
                          <test-case name="Umbraco.Tests.Persistence.Querying.QueryBuilderTests.Can_Build_StartsWith_Query_For_IContent" executed="True" result="Success" success="True" time="0.002" asserts="2" />
                        </results>
                      </test-suite>
                    </results>
                  </test-suite>
                  <test-suite type="Namespace" name="Repositories" executed="True" result="Success" success="True" time="64.975" asserts="0">
                    <results>
                      <test-suite type="TestFixture" name="ContentRepositoryTest" executed="True" result="Success" success="True" time="10.542" asserts="0">
                        <results>
                          <test-case name="Umbraco.Tests.Persistence.Repositories.ContentRepositoryTest.Can_Create_Different_Language_Version" executed="True" result="Success" success="True" time="0.253" asserts="3" />
                          <test-case name="Umbraco.Tests.Persistence.Repositories.ContentRepositoryTest.Can_Get_Content_By_Guid_Key" executed="True" result="Success" success="True" time="0.680" asserts="2" />
                          <test-case name="Umbraco.Tests.Persistence.Repositories.ContentRepositoryTest.Can_Instantiate_Repository" executed="True" result="Success" success="True" time="0.678" asserts="1" />
                          <test-case name="Umbraco.Tests.Persistence.Repositories.ContentRepositoryTest.Can_Perform_Add_On_ContentRepository" executed="True" result="Success" success="True" time="0.658" asserts="2" />
                          <test-case name="Umbraco.Tests.Persistence.Repositories.ContentRepositoryTest.Can_Perform_Count_On_ContentRepository" executed="True" result="Success" success="True" time="0.604" asserts="1" />
                          <test-case name="Umbraco.Tests.Persistence.Repositories.ContentRepositoryTest.Can_Perform_Delete_On_ContentRepository" executed="True" result="Success" success="True" time="0.686" asserts="1" />
                          <test-case name="Umbraco.Tests.Persistence.Repositories.ContentRepositoryTest.Can_Perform_Exists_On_ContentRepository" executed="True" result="Success" success="True" time="0.677" asserts="1" />
                          <test-case name="Umbraco.Tests.Persistence.Repositories.ContentRepositoryTest.Can_Perform_Get_On_ContentRepository" executed="True" result="Success" success="True" time="0.717" asserts="10" />
                          <test-case name="Umbraco.Tests.Persistence.Repositories.ContentRepositoryTest.Can_Perform_GetAll_By_Param_Ids_On_ContentRepository" executed="True" result="Success" success="True" time="0.637" asserts="3" />
                          <test-case name="Umbraco.Tests.Persistence.Repositories.ContentRepositoryTest.Can_Perform_GetAll_On_ContentRepository" executed="True" result="Success" success="True" time="0.716" asserts="3" />
                          <test-case name="Umbraco.Tests.Persistence.Repositories.ContentRepositoryTest.Can_Perform_GetByQuery_On_ContentRepository" executed="True" result="Success" success="True" time="0.685" asserts="1" />
                          <test-case name="Umbraco.Tests.Persistence.Repositories.ContentRepositoryTest.Can_Perform_Multiple_Adds_On_ContentRepository" executed="True" result="Success" success="True" time="0.695" asserts="4" />
                          <test-case name="Umbraco.Tests.Persistence.Repositories.ContentRepositoryTest.Can_Perform_Multiple_Adds_On_ContentRepository_With_RepositoryResolver" executed="True" result="Success" success="True" time="0.735" asserts="4" />
                          <test-case name="Umbraco.Tests.Persistence.Repositories.ContentRepositoryTest.Can_Perform_Update_On_ContentRepository" executed="True" result="Success" success="True" time="0.703" asserts="2" />
                          <test-case name="Umbraco.Tests.Persistence.Repositories.ContentRepositoryTest.Can_Verify_Fresh_Entity_Is_Not_Dirty" executed="True" result="Success" success="True" time="0.631" asserts="1" />
                          <test-case name="Umbraco.Tests.Persistence.Repositories.ContentRepositoryTest.Can_Verify_Keys_Set" executed="True" result="Success" success="True" time="0.696" asserts="3" />
                        </results>
                      </test-suite>
                      <test-suite type="TestFixture" name="ContentTypeRepositoryTest" executed="True" result="Success" success="True" time="9.773" asserts="0">
                        <results>
                          <test-case name="Umbraco.Tests.Persistence.Repositories.ContentTypeRepositoryTest.Can_Instantiate_Repository" executed="True" result="Success" success="True" time="0.582" asserts="1" />
                          <test-case name="Umbraco.Tests.Persistence.Repositories.ContentTypeRepositoryTest.Can_Perform_Add_On_ContentTypeRepository" executed="True" result="Success" success="True" time="0.595" asserts="4" />
                          <test-case name="Umbraco.Tests.Persistence.Repositories.ContentTypeRepositoryTest.Can_Perform_Delete_On_ContentTypeRepository" executed="True" result="Success" success="True" time="0.606" asserts="1" />
                          <test-case name="Umbraco.Tests.Persistence.Repositories.ContentTypeRepositoryTest.Can_Perform_Exists_On_ContentTypeRepository" executed="True" result="Success" success="True" time="0.610" asserts="1" />
                          <test-case name="Umbraco.Tests.Persistence.Repositories.ContentTypeRepositoryTest.Can_Perform_Get_On_ContentTypeRepository" executed="True" result="Success" success="True" time="0.589" asserts="2" />
                          <test-case name="Umbraco.Tests.Persistence.Repositories.ContentTypeRepositoryTest.Can_Perform_GetAll_On_ContentTypeRepository" executed="True" result="Success" success="True" time="0.574" asserts="2" />
                          <test-case name="Umbraco.Tests.Persistence.Repositories.ContentTypeRepositoryTest.Can_Perform_Update_On_ContentTypeRepository" executed="True" result="Success" success="True" time="0.599" asserts="4" />
                          <test-case name="Umbraco.Tests.Persistence.Repositories.ContentTypeRepositoryTest.Can_Update_ContentType_With_PropertyType_Removed" executed="True" result="Success" success="True" time="0.601" asserts="3" />
                          <test-case name="Umbraco.Tests.Persistence.Repositories.ContentTypeRepositoryTest.Can_Verify_Addition_Of_PropertyType_After_ContentType_Is_Used" executed="True" result="Success" success="True" time="0.580" asserts="2" />
                          <test-case name="Umbraco.Tests.Persistence.Repositories.ContentTypeRepositoryTest.Can_Verify_AllowedChildContentTypes_On_ContentType" executed="True" result="Success" success="True" time="0.692" asserts="3" />
                          <test-case name="Umbraco.Tests.Persistence.Repositories.ContentTypeRepositoryTest.Can_Verify_PropertyType_With_No_Group" executed="True" result="Success" success="True" time="0.610" asserts="5" />
                          <test-case name="Umbraco.Tests.Persistence.Repositories.ContentTypeRepositoryTest.Can_Verify_PropertyTypes_On_SimpleTextpage" executed="True" result="Success" success="True" time="0.580" asserts="2" />
                          <test-case name="Umbraco.Tests.Persistence.Repositories.ContentTypeRepositoryTest.Can_Verify_PropertyTypes_On_Textpage" executed="True" result="Success" success="True" time="0.613" asserts="2" />
                          <test-case name="Umbraco.Tests.Persistence.Repositories.ContentTypeRepositoryTest.Can_Verify_Removal_Of_Used_PropertyType_From_ContentType" executed="True" result="Success" success="True" time="0.616" asserts="3" />
                          <test-case name="Umbraco.Tests.Persistence.Repositories.ContentTypeRepositoryTest.Can_Verify_That_A_Combination_Of_Adding_And_Deleting_PropertyTypes_Doesnt_Cause_Issues_For_Content_And_ContentType" executed="True" result="Success" success="True" time="0.603" asserts="5" />
                          <test-case name="Umbraco.Tests.Persistence.Repositories.ContentTypeRepositoryTest.Can_Verify_Usage_Of_New_PropertyType_On_Content" executed="True" result="Success" success="True" time="0.608" asserts="3" />
                        </results>
                      </test-suite>
                      <test-suite type="TestFixture" name="DataTypeDefinitionRepositoryTest" executed="True" result="Success" success="True" time="5.840" asserts="0">
                        <results>
                          <test-case name="Umbraco.Tests.Persistence.Repositories.DataTypeDefinitionRepositoryTest.Can_Instantiate_Repository" executed="True" result="Success" success="True" time="0.572" asserts="1" />
                          <test-case name="Umbraco.Tests.Persistence.Repositories.DataTypeDefinitionRepositoryTest.Can_Perform_Add_On_DataTypeDefinitionRepository" executed="True" result="Success" success="True" time="0.589" asserts="2" />
                          <test-case name="Umbraco.Tests.Persistence.Repositories.DataTypeDefinitionRepositoryTest.Can_Perform_Count_On_DataTypeDefinitionRepository" executed="True" result="Success" success="True" time="0.563" asserts="1" />
                          <test-case name="Umbraco.Tests.Persistence.Repositories.DataTypeDefinitionRepositoryTest.Can_Perform_Delete_On_DataTypeDefinitionRepository" executed="True" result="Success" success="True" time="0.578" asserts="2" />
                          <test-case name="Umbraco.Tests.Persistence.Repositories.DataTypeDefinitionRepositoryTest.Can_Perform_Exists_On_DataTypeDefinitionRepository" executed="True" result="Success" success="True" time="0.550" asserts="2" />
                          <test-case name="Umbraco.Tests.Persistence.Repositories.DataTypeDefinitionRepositoryTest.Can_Perform_Get_On_DataTypeDefinitionRepository" executed="True" result="Success" success="True" time="0.565" asserts="3" />
                          <test-case name="Umbraco.Tests.Persistence.Repositories.DataTypeDefinitionRepositoryTest.Can_Perform_GetAll_On_DataTypeDefinitionRepository" executed="True" result="Success" success="True" time="0.620" asserts="4" />
                          <test-case name="Umbraco.Tests.Persistence.Repositories.DataTypeDefinitionRepositoryTest.Can_Perform_GetAll_With_Params_On_DataTypeDefinitionRepository" executed="True" result="Success" success="True" time="0.562" asserts="4" />
                          <test-case name="Umbraco.Tests.Persistence.Repositories.DataTypeDefinitionRepositoryTest.Can_Perform_GetByQuery_On_DataTypeDefinitionRepository" executed="True" result="Success" success="True" time="0.576" asserts="3" />
                          <test-case name="Umbraco.Tests.Persistence.Repositories.DataTypeDefinitionRepositoryTest.Can_Perform_Update_On_DataTypeDefinitionRepository" executed="True" result="Success" success="True" time="0.598" asserts="2" />
                        </results>
                      </test-suite>
                      <test-suite type="TestFixture" name="DictionaryRepositoryTest" executed="True" result="Success" success="True" time="5.377" asserts="0">
                        <results>
                          <test-case name="Umbraco.Tests.Persistence.Repositories.DictionaryRepositoryTest.Can_Instantiate_Repository" executed="True" result="Success" success="True" time="0.699" asserts="1" />
                          <test-case name="Umbraco.Tests.Persistence.Repositories.DictionaryRepositoryTest.Can_Perform_Add_On_DictionaryRepository" executed="True" result="Success" success="True" time="0.557" asserts="2" />
                          <test-case name="Umbraco.Tests.Persistence.Repositories.DictionaryRepositoryTest.Can_Perform_Count_On_DictionaryRepository" executed="True" result="Success" success="True" time="0.584" asserts="1" />
                          <test-case name="Umbraco.Tests.Persistence.Repositories.DictionaryRepositoryTest.Can_Perform_Delete_On_DictionaryRepository" executed="True" result="Success" success="True" time="0.582" asserts="1" />
                          <test-case name="Umbraco.Tests.Persistence.Repositories.DictionaryRepositoryTest.Can_Perform_Exists_On_DictionaryRepository" executed="True" result="Success" success="True" time="0.573" asserts="1" />
                          <test-case name="Umbraco.Tests.Persistence.Repositories.DictionaryRepositoryTest.Can_Perform_Get_On_DictionaryRepository" executed="True" result="Success" success="True" time="0.579" asserts="6" />
                          <test-case name="Umbraco.Tests.Persistence.Repositories.DictionaryRepositoryTest.Can_Perform_GetAll_On_DictionaryRepository" executed="True" result="Success" success="True" time="0.580" asserts="4" />
                          <test-case name="Umbraco.Tests.Persistence.Repositories.DictionaryRepositoryTest.Can_Perform_GetAll_With_Params_On_DictionaryRepository" executed="True" result="Success" success="True" time="0.574" asserts="4" />
                          <test-case name="Umbraco.Tests.Persistence.Repositories.DictionaryRepositoryTest.Can_Perform_GetByQuery_On_DictionaryRepository" executed="True" result="Success" success="True" time="0.571" asserts="3" />
                          <test-case name="Umbraco.Tests.Persistence.Repositories.DictionaryRepositoryTest.Can_Perform_Update_On_DictionaryRepository" executed="False" result="Ignored">
                            <reason>
                              <message><![CDATA[]]></message>
                            </reason>
                          </test-case>
                        </results>
                      </test-suite>
                      <test-suite type="TestFixture" name="LanguageRepositoryTest" executed="True" result="Success" success="True" time="5.951" asserts="0">
                        <results>
                          <test-case name="Umbraco.Tests.Persistence.Repositories.LanguageRepositoryTest.Can_Instantiate_Repository" executed="True" result="Success" success="True" time="0.558" asserts="1" />
                          <test-case name="Umbraco.Tests.Persistence.Repositories.LanguageRepositoryTest.Can_Perform_Add_On_LanguageRepository" executed="True" result="Success" success="True" time="0.592" asserts="2" />
                          <test-case name="Umbraco.Tests.Persistence.Repositories.LanguageRepositoryTest.Can_Perform_Count_On_LanguageRepository" executed="True" result="Success" success="True" time="0.556" asserts="1" />
                          <test-case name="Umbraco.Tests.Persistence.Repositories.LanguageRepositoryTest.Can_Perform_Delete_On_LanguageRepository" executed="True" result="Success" success="True" time="0.596" asserts="1" />
                          <test-case name="Umbraco.Tests.Persistence.Repositories.LanguageRepositoryTest.Can_Perform_Exists_On_LanguageRepository" executed="True" result="Success" success="True" time="0.556" asserts="2" />
                          <test-case name="Umbraco.Tests.Persistence.Repositories.LanguageRepositoryTest.Can_Perform_Get_On_LanguageRepository" executed="True" result="Success" success="True" time="0.571" asserts="4" />
                          <test-case name="Umbraco.Tests.Persistence.Repositories.LanguageRepositoryTest.Can_Perform_GetAll_On_LanguageRepository" executed="True" result="Success" success="True" time="0.570" asserts="4" />
                          <test-case name="Umbraco.Tests.Persistence.Repositories.LanguageRepositoryTest.Can_Perform_GetAll_With_Params_On_LanguageRepository" executed="True" result="Success" success="True" time="0.599" asserts="4" />
                          <test-case name="Umbraco.Tests.Persistence.Repositories.LanguageRepositoryTest.Can_Perform_GetByQuery_On_LanguageRepository" executed="True" result="Success" success="True" time="0.698" asserts="3" />
                          <test-case name="Umbraco.Tests.Persistence.Repositories.LanguageRepositoryTest.Can_Perform_Update_On_LanguageRepository" executed="True" result="Success" success="True" time="0.586" asserts="3" />
                        </results>
                      </test-suite>
                      <test-suite type="TestFixture" name="MacroRepositoryTest" executed="True" result="Success" success="True" time="0.087" asserts="0">
                        <results>
                          <test-case name="Umbraco.Tests.Persistence.Repositories.MacroRepositoryTest.Can_Instantiate_Repository" executed="True" result="Success" success="True" time="0.001" asserts="1" />
                          <test-case name="Umbraco.Tests.Persistence.Repositories.MacroRepositoryTest.Can_Perform_Add_On_MacroRepository" executed="True" result="Success" success="True" time="0.012" asserts="2" />
                          <test-case name="Umbraco.Tests.Persistence.Repositories.MacroRepositoryTest.Can_Perform_Delete_On_MacroRepository" executed="True" result="Success" success="True" time="0.002" asserts="1" />
                          <test-case name="Umbraco.Tests.Persistence.Repositories.MacroRepositoryTest.Can_Perform_Get_On_MacroRepository" executed="True" result="Success" success="True" time="0.002" asserts="5" />
                          <test-case name="Umbraco.Tests.Persistence.Repositories.MacroRepositoryTest.Can_Perform_GetAll_On_MacroRepository" executed="True" result="Success" success="True" time="0.026" asserts="5" />
                          <test-case name="Umbraco.Tests.Persistence.Repositories.MacroRepositoryTest.Can_Perform_Update_On_MacroRepository" executed="True" result="Success" success="True" time="0.002" asserts="2" />
                          <test-case name="Umbraco.Tests.Persistence.Repositories.MacroRepositoryTest.Can_Verify_Macro_File_Exists" executed="True" result="Success" success="True" time="0.000" asserts="1" />
                          <test-case name="Umbraco.Tests.Persistence.Repositories.MacroRepositoryTest.Cant_Find_Macro_File" executed="True" result="Success" success="True" time="0.000" asserts="1" />
                        </results>
                      </test-suite>
                      <test-suite type="TestFixture" name="MediaRepositoryTest" executed="True" result="Success" success="True" time="8.580" asserts="0">
                        <results>
                          <test-case name="Umbraco.Tests.Persistence.Repositories.MediaRepositoryTest.Can_Instantiate_Repository" executed="True" result="Success" success="True" time="0.692" asserts="1" />
                          <test-case name="Umbraco.Tests.Persistence.Repositories.MediaRepositoryTest.Can_Perform_Add_On_MediaRepository" executed="True" result="Success" success="True" time="0.654" asserts="2" />
                          <test-case name="Umbraco.Tests.Persistence.Repositories.MediaRepositoryTest.Can_Perform_Count_On_MediaRepository" executed="True" result="Success" success="True" time="0.633" asserts="1" />
                          <test-case name="Umbraco.Tests.Persistence.Repositories.MediaRepositoryTest.Can_Perform_Delete_On_MediaRepository" executed="True" result="Success" success="True" time="0.612" asserts="2" />
                          <test-case name="Umbraco.Tests.Persistence.Repositories.MediaRepositoryTest.Can_Perform_Exists_On_MediaRepository" executed="True" result="Success" success="True" time="0.625" asserts="3" />
                          <test-case name="Umbraco.Tests.Persistence.Repositories.MediaRepositoryTest.Can_Perform_Get_On_MediaRepository" executed="True" result="Success" success="True" time="0.655" asserts="10" />
                          <test-case name="Umbraco.Tests.Persistence.Repositories.MediaRepositoryTest.Can_Perform_GetAll_By_Param_Ids_On_MediaRepository" executed="True" result="Success" success="True" time="0.686" asserts="3" />
                          <test-case name="Umbraco.Tests.Persistence.Repositories.MediaRepositoryTest.Can_Perform_GetAll_On_MediaRepository" executed="True" result="Success" success="True" time="0.672" asserts="3" />
                          <test-case name="Umbraco.Tests.Persistence.Repositories.MediaRepositoryTest.Can_Perform_GetByQuery_On_MediaRepository" executed="True" result="Success" success="True" time="0.638" asserts="1" />
                          <test-case name="Umbraco.Tests.Persistence.Repositories.MediaRepositoryTest.Can_Perform_Multiple_Adds_On_MediaRepository" executed="True" result="Success" success="True" time="0.640" asserts="6" />
                          <test-case name="Umbraco.Tests.Persistence.Repositories.MediaRepositoryTest.Can_Perform_Multiple_Adds_On_MediaRepository_With_RepositoryResolver" executed="True" result="Success" success="True" time="0.651" asserts="6" />
                          <test-case name="Umbraco.Tests.Persistence.Repositories.MediaRepositoryTest.Can_Perform_Update_On_MediaRepository" executed="True" result="Success" success="True" time="0.714" asserts="2" />
                          <test-case name="Umbraco.Tests.Persistence.Repositories.MediaRepositoryTest.Can_Verify_Fresh_Entity_Is_Not_Dirty" executed="True" result="Success" success="True" time="0.656" asserts="1" />
                        </results>
                      </test-suite>
                      <test-suite type="TestFixture" name="MediaTypeRepositoryTest" executed="True" result="Success" success="True" time="5.893" asserts="0">
                        <results>
                          <test-case name="Umbraco.Tests.Persistence.Repositories.MediaTypeRepositoryTest.Can_Instantiate_Repository" executed="True" result="Success" success="True" time="0.559" asserts="1" />
                          <test-case name="Umbraco.Tests.Persistence.Repositories.MediaTypeRepositoryTest.Can_Perform_Add_On_MediaTypeRepository" executed="True" result="Success" success="True" time="0.670" asserts="4" />
                          <test-case name="Umbraco.Tests.Persistence.Repositories.MediaTypeRepositoryTest.Can_Perform_Delete_On_MediaTypeRepository" executed="True" result="Success" success="True" time="0.573" asserts="1" />
                          <test-case name="Umbraco.Tests.Persistence.Repositories.MediaTypeRepositoryTest.Can_Perform_Exists_On_MediaTypeRepository" executed="True" result="Success" success="True" time="0.558" asserts="1" />
                          <test-case name="Umbraco.Tests.Persistence.Repositories.MediaTypeRepositoryTest.Can_Perform_Get_On_MediaTypeRepository" executed="True" result="Success" success="True" time="0.570" asserts="3" />
                          <test-case name="Umbraco.Tests.Persistence.Repositories.MediaTypeRepositoryTest.Can_Perform_GetAll_On_MediaTypeRepository" executed="True" result="Success" success="True" time="0.582" asserts="2" />
                          <test-case name="Umbraco.Tests.Persistence.Repositories.MediaTypeRepositoryTest.Can_Perform_Update_On_MediaTypeRepository" executed="True" result="Success" success="True" time="0.564" asserts="4" />
                          <test-case name="Umbraco.Tests.Persistence.Repositories.MediaTypeRepositoryTest.Can_Update_MediaType_With_PropertyType_Removed" executed="True" result="Success" success="True" time="0.633" asserts="3" />
                          <test-case name="Umbraco.Tests.Persistence.Repositories.MediaTypeRepositoryTest.Can_Verify_PropertyTypes_On_File_MediaType" executed="True" result="Success" success="True" time="0.572" asserts="2" />
                          <test-case name="Umbraco.Tests.Persistence.Repositories.MediaTypeRepositoryTest.Can_Verify_PropertyTypes_On_Video_MediaType" executed="True" result="Success" success="True" time="0.548" asserts="2" />
                        </results>
                      </test-suite>
                      <test-suite type="TestFixture" name="RelationRepositoryTest" executed="True" result="Success" success="True" time="7.173" asserts="0">
                        <results>
                          <test-case name="Umbraco.Tests.Persistence.Repositories.RelationRepositoryTest.Can_Delete_Content_And_Verify_Relation_Is_Removed" executed="True" result="Success" success="True" time="0.651" asserts="2" />
                          <test-case name="Umbraco.Tests.Persistence.Repositories.RelationRepositoryTest.Can_Instantiate_Repository" executed="True" result="Success" success="True" time="0.615" asserts="1" />
                          <test-case name="Umbraco.Tests.Persistence.Repositories.RelationRepositoryTest.Can_Perform_Add_On_RelationRepository" executed="True" result="Success" success="True" time="0.663" asserts="2" />
                          <test-case name="Umbraco.Tests.Persistence.Repositories.RelationRepositoryTest.Can_Perform_Count_On_RelationRepository" executed="True" result="Success" success="True" time="0.610" asserts="1" />
                          <test-case name="Umbraco.Tests.Persistence.Repositories.RelationRepositoryTest.Can_Perform_Delete_On_RelationRepository" executed="True" result="Success" success="True" time="0.628" asserts="1" />
                          <test-case name="Umbraco.Tests.Persistence.Repositories.RelationRepositoryTest.Can_Perform_Exists_On_RelationRepository" executed="True" result="Success" success="True" time="0.619" asserts="2" />
                          <test-case name="Umbraco.Tests.Persistence.Repositories.RelationRepositoryTest.Can_Perform_Get_On_RelationRepository" executed="True" result="Success" success="True" time="0.628" asserts="5" />
                          <test-case name="Umbraco.Tests.Persistence.Repositories.RelationRepositoryTest.Can_Perform_GetAll_On_RelationRepository" executed="True" result="Success" success="True" time="0.694" asserts="4" />
                          <test-case name="Umbraco.Tests.Persistence.Repositories.RelationRepositoryTest.Can_Perform_GetAll_With_Params_On_RelationRepository" executed="True" result="Success" success="True" time="0.629" asserts="4" />
                          <test-case name="Umbraco.Tests.Persistence.Repositories.RelationRepositoryTest.Can_Perform_GetByQuery_On_RelationRepository" executed="True" result="Success" success="True" time="0.685" asserts="4" />
                          <test-case name="Umbraco.Tests.Persistence.Repositories.RelationRepositoryTest.Can_Perform_Update_On_RelationRepository" executed="True" result="Success" success="True" time="0.707" asserts="3" />
                        </results>
                      </test-suite>
                      <test-suite type="TestFixture" name="RelationTypeRepositoryTest" executed="True" result="Success" success="True" time="5.516" asserts="0">
                        <results>
                          <test-case name="Umbraco.Tests.Persistence.Repositories.RelationTypeRepositoryTest.Can_Instantiate_Repository" executed="True" result="Success" success="True" time="0.612" asserts="1" />
                          <test-case name="Umbraco.Tests.Persistence.Repositories.RelationTypeRepositoryTest.Can_Perform_Add_On_RelationTypeRepository" executed="True" result="Success" success="True" time="0.530" asserts="2" />
                          <test-case name="Umbraco.Tests.Persistence.Repositories.RelationTypeRepositoryTest.Can_Perform_Count_On_RelationTypeRepository" executed="True" result="Success" success="True" time="0.568" asserts="1" />
                          <test-case name="Umbraco.Tests.Persistence.Repositories.RelationTypeRepositoryTest.Can_Perform_Delete_On_RelationTypeRepository" executed="True" result="Success" success="True" time="0.535" asserts="1" />
                          <test-case name="Umbraco.Tests.Persistence.Repositories.RelationTypeRepositoryTest.Can_Perform_Exists_On_RelationTypeRepository" executed="True" result="Success" success="True" time="0.539" asserts="2" />
                          <test-case name="Umbraco.Tests.Persistence.Repositories.RelationTypeRepositoryTest.Can_Perform_Get_On_RelationTypeRepository" executed="True" result="Success" success="True" time="0.522" asserts="4" />
                          <test-case name="Umbraco.Tests.Persistence.Repositories.RelationTypeRepositoryTest.Can_Perform_GetAll_On_RelationTypeRepository" executed="True" result="Success" success="True" time="0.534" asserts="4" />
                          <test-case name="Umbraco.Tests.Persistence.Repositories.RelationTypeRepositoryTest.Can_Perform_GetAll_With_Params_On_RelationTypeRepository" executed="True" result="Success" success="True" time="0.547" asserts="4" />
                          <test-case name="Umbraco.Tests.Persistence.Repositories.RelationTypeRepositoryTest.Can_Perform_GetByQuery_On_RelationTypeRepository" executed="True" result="Success" success="True" time="0.530" asserts="4" />
                          <test-case name="Umbraco.Tests.Persistence.Repositories.RelationTypeRepositoryTest.Can_Perform_Update_On_RelationTypeRepository" executed="True" result="Success" success="True" time="0.539" asserts="4" />
                        </results>
                      </test-suite>
                      <test-suite type="TestFixture" name="ScriptRepositoryTest" executed="True" result="Success" success="True" time="0.103" asserts="0">
                        <results>
                          <test-case name="Umbraco.Tests.Persistence.Repositories.ScriptRepositoryTest.Can_Instantiate_Repository" executed="True" result="Success" success="True" time="0.009" asserts="1" />
                          <test-case name="Umbraco.Tests.Persistence.Repositories.ScriptRepositoryTest.Can_Perform_Add_On_ScriptRepository" executed="True" result="Success" success="True" time="0.001" asserts="1" />
                          <test-case name="Umbraco.Tests.Persistence.Repositories.ScriptRepositoryTest.Can_Perform_Delete_On_ScriptRepository" executed="True" result="Success" success="True" time="0.002" asserts="0" />
                          <test-case name="Umbraco.Tests.Persistence.Repositories.ScriptRepositoryTest.Can_Perform_Exists_On_ScriptRepository" executed="True" result="Success" success="True" time="0.001" asserts="1" />
                          <test-case name="Umbraco.Tests.Persistence.Repositories.ScriptRepositoryTest.Can_Perform_Get_On_ScriptRepository" executed="True" result="Success" success="True" time="0.001" asserts="3" />
                          <test-case name="Umbraco.Tests.Persistence.Repositories.ScriptRepositoryTest.Can_Perform_GetAll_On_ScriptRepository" executed="True" result="Success" success="True" time="0.009" asserts="4" />
                          <test-case name="Umbraco.Tests.Persistence.Repositories.ScriptRepositoryTest.Can_Perform_GetAll_With_Params_On_ScriptRepository" executed="True" result="Success" success="True" time="0.002" asserts="4" />
                          <test-case name="Umbraco.Tests.Persistence.Repositories.ScriptRepositoryTest.Can_Perform_Update_On_ScriptRepository" executed="True" result="Success" success="True" time="0.001" asserts="2" />
                        </results>
                      </test-suite>
                      <test-suite type="TestFixture" name="StylesheetRepositoryTest" executed="True" result="Success" success="True" time="0.069" asserts="0">
                        <results>
                          <test-case name="Umbraco.Tests.Persistence.Repositories.StylesheetRepositoryTest.Can_Instantiate_Repository" executed="True" result="Success" success="True" time="0.002" asserts="1" />
                          <test-case name="Umbraco.Tests.Persistence.Repositories.StylesheetRepositoryTest.Can_Perform_Add_On_StylesheetRepository" executed="True" result="Success" success="True" time="0.001" asserts="1" />
                          <test-case name="Umbraco.Tests.Persistence.Repositories.StylesheetRepositoryTest.Can_Perform_Delete_On_StylesheetRepository" executed="True" result="Success" success="True" time="0.001" asserts="1" />
                          <test-case name="Umbraco.Tests.Persistence.Repositories.StylesheetRepositoryTest.Can_Perform_Exists_On_StylesheetRepository" executed="True" result="Success" success="True" time="0.001" asserts="1" />
                          <test-case name="Umbraco.Tests.Persistence.Repositories.StylesheetRepositoryTest.Can_Perform_Get_On_StylesheetRepository" executed="True" result="Success" success="True" time="0.001" asserts="4" />
                          <test-case name="Umbraco.Tests.Persistence.Repositories.StylesheetRepositoryTest.Can_Perform_GetAll_On_StylesheetRepository" executed="True" result="Success" success="True" time="0.003" asserts="4" />
                          <test-case name="Umbraco.Tests.Persistence.Repositories.StylesheetRepositoryTest.Can_Perform_GetAll_With_Params_On_StylesheetRepository" executed="True" result="Success" success="True" time="0.002" asserts="4" />
                          <test-case name="Umbraco.Tests.Persistence.Repositories.StylesheetRepositoryTest.Can_Perform_Update_On_StylesheetRepository" executed="True" result="Success" success="True" time="0.002" asserts="3" />
                        </results>
                      </test-suite>
                    </results>
                  </test-suite>
                  <test-suite type="TestFixture" name="RepositoryResolverTests" executed="True" result="Success" success="True" time="0.099" asserts="0">
                    <results>
                      <test-case name="Umbraco.Tests.Persistence.RepositoryResolverTests.Can_Verify_UOW_In_Repository" executed="True" result="Success" success="True" time="0.001" asserts="2" />
                      <test-suite type="ParameterizedTest" name="ResolveRepository" executed="True" result="Success" success="True" time="0.076" asserts="0">
                        <results>
                          <test-case name="Umbraco.Tests.Persistence.RepositoryResolverTests.ResolveRepository(Umbraco.Core.Persistence.Repositories.ITemplateRepository)" executed="True" result="Success" success="True" time="0.001" asserts="2" />
                          <test-case name="Umbraco.Tests.Persistence.RepositoryResolverTests.ResolveRepository(Umbraco.Core.Persistence.Repositories.IStylesheetRepository)" executed="True" result="Success" success="True" time="0.001" asserts="2" />
                          <test-case name="Umbraco.Tests.Persistence.RepositoryResolverTests.ResolveRepository(Umbraco.Core.Persistence.Repositories.IScriptRepository)" executed="True" result="Success" success="True" time="0.000" asserts="2" />
                          <test-case name="Umbraco.Tests.Persistence.RepositoryResolverTests.ResolveRepository(Umbraco.Core.Persistence.Repositories.IRelationTypeRepository)" executed="True" result="Success" success="True" time="0.001" asserts="2" />
                          <test-case name="Umbraco.Tests.Persistence.RepositoryResolverTests.ResolveRepository(Umbraco.Core.Persistence.Repositories.IRelationRepository)" executed="True" result="Success" success="True" time="0.001" asserts="2" />
                          <test-case name="Umbraco.Tests.Persistence.RepositoryResolverTests.ResolveRepository(Umbraco.Core.Persistence.Repositories.ILanguageRepository)" executed="True" result="Success" success="True" time="0.000" asserts="2" />
                          <test-case name="Umbraco.Tests.Persistence.RepositoryResolverTests.ResolveRepository(Umbraco.Core.Persistence.Repositories.IDictionaryRepository)" executed="True" result="Success" success="True" time="0.000" asserts="2" />
                          <test-case name="Umbraco.Tests.Persistence.RepositoryResolverTests.ResolveRepository(Umbraco.Core.Persistence.Repositories.IDataTypeDefinitionRepository)" executed="True" result="Success" success="True" time="0.000" asserts="2" />
                          <test-case name="Umbraco.Tests.Persistence.RepositoryResolverTests.ResolveRepository(Umbraco.Core.Persistence.Repositories.IContentTypeRepository)" executed="True" result="Success" success="True" time="0.001" asserts="2" />
                          <test-case name="Umbraco.Tests.Persistence.RepositoryResolverTests.ResolveRepository(Umbraco.Core.Persistence.Repositories.IMediaTypeRepository)" executed="True" result="Success" success="True" time="0.000" asserts="2" />
                          <test-case name="Umbraco.Tests.Persistence.RepositoryResolverTests.ResolveRepository(Umbraco.Core.Persistence.Repositories.IMediaRepository)" executed="True" result="Success" success="True" time="0.000" asserts="2" />
                          <test-case name="Umbraco.Tests.Persistence.RepositoryResolverTests.ResolveRepository(Umbraco.Core.Persistence.Repositories.IContentRepository)" executed="True" result="Success" success="True" time="0.000" asserts="2" />
                        </results>
                      </test-suite>
                      <test-case name="Umbraco.Tests.Persistence.RepositoryResolverTests.Type_Checking" executed="True" result="Success" success="True" time="0.001" asserts="4" />
                    </results>
                  </test-suite>
                  <test-suite type="TestFixture" name="SchemaValidationTest" executed="True" result="Inconclusive" success="False" time="0.001" asserts="0">
                    <results>
                      <test-case name="Umbraco.Tests.Persistence.SchemaValidationTest.DatabaseSchemaCreation_Produces_DatabaseSchemaResult_With_Zero_Errors" executed="False" result="Ignored">
                        <reason>
                          <message><![CDATA[Validation code test is not working with mysql atm]]></message>
                        </reason>
                      </test-case>
                    </results>
                  </test-suite>
                  <test-suite type="TestFixture" name="SqlCeTableByTableTest" executed="False" result="Ignored">
                    <reason>
                      <message><![CDATA[Ignored in mono]]></message>
                    </reason>
                    <results>
                      <test-case name="Umbraco.Tests.Persistence.SqlCeTableByTableTest.BaseTableByTableTest.Can_Create_cmsContentType_Table" executed="False" result="Ignored">
                        <reason>
                          <message><![CDATA[Ignored in mono]]></message>
                        </reason>
                      </test-case>
                      <test-case name="Umbraco.Tests.Persistence.SqlCeTableByTableTest.BaseTableByTableTest.Can_Create_cmsContentType2ContentType_Table" executed="False" result="Ignored">
                        <reason>
                          <message><![CDATA[Ignored in mono]]></message>
                        </reason>
                      </test-case>
                      <test-case name="Umbraco.Tests.Persistence.SqlCeTableByTableTest.BaseTableByTableTest.Can_Create_cmsContentTypeAllowedContentType_Table" executed="False" result="Ignored">
                        <reason>
                          <message><![CDATA[Ignored in mono]]></message>
                        </reason>
                      </test-case>
                      <test-case name="Umbraco.Tests.Persistence.SqlCeTableByTableTest.BaseTableByTableTest.Can_Create_cmsContentVersion_Table" executed="False" result="Ignored">
                        <reason>
                          <message><![CDATA[Ignored in mono]]></message>
                        </reason>
                      </test-case>
                      <test-case name="Umbraco.Tests.Persistence.SqlCeTableByTableTest.BaseTableByTableTest.Can_Create_cmsContentXml_Table" executed="False" result="Ignored">
                        <reason>
                          <message><![CDATA[Ignored in mono]]></message>
                        </reason>
                      </test-case>
                      <test-case name="Umbraco.Tests.Persistence.SqlCeTableByTableTest.BaseTableByTableTest.Can_Create_cmsDataType_Table" executed="False" result="Ignored">
                        <reason>
                          <message><![CDATA[Ignored in mono]]></message>
                        </reason>
                      </test-case>
                      <test-case name="Umbraco.Tests.Persistence.SqlCeTableByTableTest.BaseTableByTableTest.Can_Create_cmsDataTypePreValues_Table" executed="False" result="Ignored">
                        <reason>
                          <message><![CDATA[Ignored in mono]]></message>
                        </reason>
                      </test-case>
                      <test-case name="Umbraco.Tests.Persistence.SqlCeTableByTableTest.BaseTableByTableTest.Can_Create_cmsDictionary_Table" executed="False" result="Ignored">
                        <reason>
                          <message><![CDATA[Ignored in mono]]></message>
                        </reason>
                      </test-case>
                      <test-case name="Umbraco.Tests.Persistence.SqlCeTableByTableTest.BaseTableByTableTest.Can_Create_cmsDocument_Table" executed="False" result="Ignored">
                        <reason>
                          <message><![CDATA[Ignored in mono]]></message>
                        </reason>
                      </test-case>
                      <test-case name="Umbraco.Tests.Persistence.SqlCeTableByTableTest.BaseTableByTableTest.Can_Create_cmsDocumentType_Table" executed="False" result="Ignored">
                        <reason>
                          <message><![CDATA[Ignored in mono]]></message>
                        </reason>
                      </test-case>
                      <test-case name="Umbraco.Tests.Persistence.SqlCeTableByTableTest.BaseTableByTableTest.Can_Create_cmsLanguageText_Table" executed="False" result="Ignored">
                        <reason>
                          <message><![CDATA[Ignored in mono]]></message>
                        </reason>
                      </test-case>
                      <test-case name="Umbraco.Tests.Persistence.SqlCeTableByTableTest.BaseTableByTableTest.Can_Create_cmsMacro_Table" executed="False" result="Ignored">
                        <reason>
                          <message><![CDATA[Ignored in mono]]></message>
                        </reason>
                      </test-case>
                      <test-case name="Umbraco.Tests.Persistence.SqlCeTableByTableTest.BaseTableByTableTest.Can_Create_cmsMacroProperty_Table" executed="False" result="Ignored">
                        <reason>
                          <message><![CDATA[Ignored in mono]]></message>
                        </reason>
                      </test-case>
                      <test-case name="Umbraco.Tests.Persistence.SqlCeTableByTableTest.BaseTableByTableTest.Can_Create_cmsMacroPropertyType_Table" executed="False" result="Ignored">
                        <reason>
                          <message><![CDATA[Ignored in mono]]></message>
                        </reason>
                      </test-case>
                      <test-case name="Umbraco.Tests.Persistence.SqlCeTableByTableTest.BaseTableByTableTest.Can_Create_cmsMember_Table" executed="False" result="Ignored">
                        <reason>
                          <message><![CDATA[Ignored in mono]]></message>
                        </reason>
                      </test-case>
                      <test-case name="Umbraco.Tests.Persistence.SqlCeTableByTableTest.BaseTableByTableTest.Can_Create_cmsMember2MemberGroup_Table" executed="False" result="Ignored">
                        <reason>
                          <message><![CDATA[Ignored in mono]]></message>
                        </reason>
                      </test-case>
                      <test-case name="Umbraco.Tests.Persistence.SqlCeTableByTableTest.BaseTableByTableTest.Can_Create_cmsMemberType_Table" executed="False" result="Ignored">
                        <reason>
                          <message><![CDATA[Ignored in mono]]></message>
                        </reason>
                      </test-case>
                      <test-case name="Umbraco.Tests.Persistence.SqlCeTableByTableTest.BaseTableByTableTest.Can_Create_cmsPreviewXml_Table" executed="False" result="Ignored">
                        <reason>
                          <message><![CDATA[Ignored in mono]]></message>
                        </reason>
                      </test-case>
                      <test-case name="Umbraco.Tests.Persistence.SqlCeTableByTableTest.BaseTableByTableTest.Can_Create_cmsPropertyData_Table" executed="False" result="Ignored">
                        <reason>
                          <message><![CDATA[Ignored in mono]]></message>
                        </reason>
                      </test-case>
                      <test-case name="Umbraco.Tests.Persistence.SqlCeTableByTableTest.BaseTableByTableTest.Can_Create_cmsPropertyType_Table" executed="False" result="Ignored">
                        <reason>
                          <message><![CDATA[Ignored in mono]]></message>
                        </reason>
                      </test-case>
                      <test-case name="Umbraco.Tests.Persistence.SqlCeTableByTableTest.BaseTableByTableTest.Can_Create_cmsPropertyTypeGroup_Table" executed="False" result="Ignored">
                        <reason>
                          <message><![CDATA[Ignored in mono]]></message>
                        </reason>
                      </test-case>
                      <test-case name="Umbraco.Tests.Persistence.SqlCeTableByTableTest.BaseTableByTableTest.Can_Create_cmsStylesheet_Table" executed="False" result="Ignored">
                        <reason>
                          <message><![CDATA[Ignored in mono]]></message>
                        </reason>
                      </test-case>
                      <test-case name="Umbraco.Tests.Persistence.SqlCeTableByTableTest.BaseTableByTableTest.Can_Create_cmsStylesheetProperty_Table" executed="False" result="Ignored">
                        <reason>
                          <message><![CDATA[Ignored in mono]]></message>
                        </reason>
                      </test-case>
                      <test-case name="Umbraco.Tests.Persistence.SqlCeTableByTableTest.BaseTableByTableTest.Can_Create_cmsTagRelationship_Table" executed="False" result="Ignored">
                        <reason>
                          <message><![CDATA[Ignored in mono]]></message>
                        </reason>
                      </test-case>
                      <test-case name="Umbraco.Tests.Persistence.SqlCeTableByTableTest.BaseTableByTableTest.Can_Create_cmsTags_Table" executed="False" result="Ignored">
                        <reason>
                          <message><![CDATA[Ignored in mono]]></message>
                        </reason>
                      </test-case>
                      <test-case name="Umbraco.Tests.Persistence.SqlCeTableByTableTest.BaseTableByTableTest.Can_Create_cmsTask_Table" executed="False" result="Ignored">
                        <reason>
                          <message><![CDATA[Ignored in mono]]></message>
                        </reason>
                      </test-case>
                      <test-case name="Umbraco.Tests.Persistence.SqlCeTableByTableTest.BaseTableByTableTest.Can_Create_cmsTaskType_Table" executed="False" result="Ignored">
                        <reason>
                          <message><![CDATA[Ignored in mono]]></message>
                        </reason>
                      </test-case>
                      <test-case name="Umbraco.Tests.Persistence.SqlCeTableByTableTest.BaseTableByTableTest.Can_Create_cmsTemplate_Table" executed="False" result="Ignored">
                        <reason>
                          <message><![CDATA[Ignored in mono]]></message>
                        </reason>
                      </test-case>
                      <test-case name="Umbraco.Tests.Persistence.SqlCeTableByTableTest.BaseTableByTableTest.Can_Create_umbracoApp_Table" executed="False" result="Ignored">
                        <reason>
                          <message><![CDATA[Ignored in mono]]></message>
                        </reason>
                      </test-case>
                      <test-case name="Umbraco.Tests.Persistence.SqlCeTableByTableTest.BaseTableByTableTest.Can_Create_umbracoAppTree_Table" executed="False" result="Ignored">
                        <reason>
                          <message><![CDATA[Ignored in mono]]></message>
                        </reason>
                      </test-case>
                      <test-case name="Umbraco.Tests.Persistence.SqlCeTableByTableTest.BaseTableByTableTest.Can_Create_umbracoDomains_Table" executed="False" result="Ignored">
                        <reason>
                          <message><![CDATA[Ignored in mono]]></message>
                        </reason>
                      </test-case>
                      <test-case name="Umbraco.Tests.Persistence.SqlCeTableByTableTest.BaseTableByTableTest.Can_Create_umbracoLanguage_Table" executed="False" result="Ignored">
                        <reason>
                          <message><![CDATA[Ignored in mono]]></message>
                        </reason>
                      </test-case>
                      <test-case name="Umbraco.Tests.Persistence.SqlCeTableByTableTest.BaseTableByTableTest.Can_Create_umbracoLog_Table" executed="False" result="Ignored">
                        <reason>
                          <message><![CDATA[Ignored in mono]]></message>
                        </reason>
                      </test-case>
                      <test-case name="Umbraco.Tests.Persistence.SqlCeTableByTableTest.BaseTableByTableTest.Can_Create_umbracoNode_Table" executed="False" result="Ignored">
                        <reason>
                          <message><![CDATA[Ignored in mono]]></message>
                        </reason>
                      </test-case>
                      <test-case name="Umbraco.Tests.Persistence.SqlCeTableByTableTest.BaseTableByTableTest.Can_Create_umbracoRelation_Table" executed="False" result="Ignored">
                        <reason>
                          <message><![CDATA[Ignored in mono]]></message>
                        </reason>
                      </test-case>
                      <test-case name="Umbraco.Tests.Persistence.SqlCeTableByTableTest.BaseTableByTableTest.Can_Create_umbracoRelationType_Table" executed="False" result="Ignored">
                        <reason>
                          <message><![CDATA[Ignored in mono]]></message>
                        </reason>
                      </test-case>
                      <test-case name="Umbraco.Tests.Persistence.SqlCeTableByTableTest.BaseTableByTableTest.Can_Create_umbracoUser_Table" executed="False" result="Ignored">
                        <reason>
                          <message><![CDATA[Ignored in mono]]></message>
                        </reason>
                      </test-case>
                      <test-case name="Umbraco.Tests.Persistence.SqlCeTableByTableTest.BaseTableByTableTest.Can_Create_umbracoUser2app_Table" executed="False" result="Ignored">
                        <reason>
                          <message><![CDATA[Ignored in mono]]></message>
                        </reason>
                      </test-case>
                      <test-case name="Umbraco.Tests.Persistence.SqlCeTableByTableTest.BaseTableByTableTest.Can_Create_umbracoUser2NodeNotify_Table" executed="False" result="Ignored">
                        <reason>
                          <message><![CDATA[Ignored in mono]]></message>
                        </reason>
                      </test-case>
                      <test-case name="Umbraco.Tests.Persistence.SqlCeTableByTableTest.BaseTableByTableTest.Can_Create_umbracoUser2NodePermission_Table" executed="False" result="Ignored">
                        <reason>
                          <message><![CDATA[Ignored in mono]]></message>
                        </reason>
                      </test-case>
                      <test-case name="Umbraco.Tests.Persistence.SqlCeTableByTableTest.BaseTableByTableTest.Can_Create_umbracoUserLogins_Table" executed="False" result="Ignored">
                        <reason>
                          <message><![CDATA[Ignored in mono]]></message>
                        </reason>
                      </test-case>
                      <test-case name="Umbraco.Tests.Persistence.SqlCeTableByTableTest.BaseTableByTableTest.Can_Create_umbracoUserType_Table" executed="False" result="Ignored">
                        <reason>
                          <message><![CDATA[Ignored in mono]]></message>
                        </reason>
                      </test-case>
                    </results>
                  </test-suite>
                  <test-suite type="TestFixture" name="SqlTableByTableTest" executed="False" result="Ignored">
                    <reason>
                      <message><![CDATA[]]></message>
                    </reason>
                    <results>
                      <test-case name="Umbraco.Tests.Persistence.SqlTableByTableTest.BaseTableByTableTest.Can_Create_cmsContentType_Table" executed="False" result="Ignored">
                        <reason>
                          <message><![CDATA[]]></message>
                        </reason>
                      </test-case>
                      <test-case name="Umbraco.Tests.Persistence.SqlTableByTableTest.BaseTableByTableTest.Can_Create_cmsContentType2ContentType_Table" executed="False" result="Ignored">
                        <reason>
                          <message><![CDATA[]]></message>
                        </reason>
                      </test-case>
                      <test-case name="Umbraco.Tests.Persistence.SqlTableByTableTest.BaseTableByTableTest.Can_Create_cmsContentTypeAllowedContentType_Table" executed="False" result="Ignored">
                        <reason>
                          <message><![CDATA[]]></message>
                        </reason>
                      </test-case>
                      <test-case name="Umbraco.Tests.Persistence.SqlTableByTableTest.BaseTableByTableTest.Can_Create_cmsContentVersion_Table" executed="False" result="Ignored">
                        <reason>
                          <message><![CDATA[]]></message>
                        </reason>
                      </test-case>
                      <test-case name="Umbraco.Tests.Persistence.SqlTableByTableTest.BaseTableByTableTest.Can_Create_cmsContentXml_Table" executed="False" result="Ignored">
                        <reason>
                          <message><![CDATA[]]></message>
                        </reason>
                      </test-case>
                      <test-case name="Umbraco.Tests.Persistence.SqlTableByTableTest.BaseTableByTableTest.Can_Create_cmsDataType_Table" executed="False" result="Ignored">
                        <reason>
                          <message><![CDATA[]]></message>
                        </reason>
                      </test-case>
                      <test-case name="Umbraco.Tests.Persistence.SqlTableByTableTest.BaseTableByTableTest.Can_Create_cmsDataTypePreValues_Table" executed="False" result="Ignored">
                        <reason>
                          <message><![CDATA[]]></message>
                        </reason>
                      </test-case>
                      <test-case name="Umbraco.Tests.Persistence.SqlTableByTableTest.BaseTableByTableTest.Can_Create_cmsDictionary_Table" executed="False" result="Ignored">
                        <reason>
                          <message><![CDATA[]]></message>
                        </reason>
                      </test-case>
                      <test-case name="Umbraco.Tests.Persistence.SqlTableByTableTest.BaseTableByTableTest.Can_Create_cmsDocument_Table" executed="False" result="Ignored">
                        <reason>
                          <message><![CDATA[]]></message>
                        </reason>
                      </test-case>
                      <test-case name="Umbraco.Tests.Persistence.SqlTableByTableTest.BaseTableByTableTest.Can_Create_cmsDocumentType_Table" executed="False" result="Ignored">
                        <reason>
                          <message><![CDATA[]]></message>
                        </reason>
                      </test-case>
                      <test-case name="Umbraco.Tests.Persistence.SqlTableByTableTest.BaseTableByTableTest.Can_Create_cmsLanguageText_Table" executed="False" result="Ignored">
                        <reason>
                          <message><![CDATA[]]></message>
                        </reason>
                      </test-case>
                      <test-case name="Umbraco.Tests.Persistence.SqlTableByTableTest.BaseTableByTableTest.Can_Create_cmsMacro_Table" executed="False" result="Ignored">
                        <reason>
                          <message><![CDATA[]]></message>
                        </reason>
                      </test-case>
                      <test-case name="Umbraco.Tests.Persistence.SqlTableByTableTest.BaseTableByTableTest.Can_Create_cmsMacroProperty_Table" executed="False" result="Ignored">
                        <reason>
                          <message><![CDATA[]]></message>
                        </reason>
                      </test-case>
                      <test-case name="Umbraco.Tests.Persistence.SqlTableByTableTest.BaseTableByTableTest.Can_Create_cmsMacroPropertyType_Table" executed="False" result="Ignored">
                        <reason>
                          <message><![CDATA[]]></message>
                        </reason>
                      </test-case>
                      <test-case name="Umbraco.Tests.Persistence.SqlTableByTableTest.BaseTableByTableTest.Can_Create_cmsMember_Table" executed="False" result="Ignored">
                        <reason>
                          <message><![CDATA[]]></message>
                        </reason>
                      </test-case>
                      <test-case name="Umbraco.Tests.Persistence.SqlTableByTableTest.BaseTableByTableTest.Can_Create_cmsMember2MemberGroup_Table" executed="False" result="Ignored">
                        <reason>
                          <message><![CDATA[]]></message>
                        </reason>
                      </test-case>
                      <test-case name="Umbraco.Tests.Persistence.SqlTableByTableTest.BaseTableByTableTest.Can_Create_cmsMemberType_Table" executed="False" result="Ignored">
                        <reason>
                          <message><![CDATA[]]></message>
                        </reason>
                      </test-case>
                      <test-case name="Umbraco.Tests.Persistence.SqlTableByTableTest.BaseTableByTableTest.Can_Create_cmsPreviewXml_Table" executed="False" result="Ignored">
                        <reason>
                          <message><![CDATA[]]></message>
                        </reason>
                      </test-case>
                      <test-case name="Umbraco.Tests.Persistence.SqlTableByTableTest.BaseTableByTableTest.Can_Create_cmsPropertyData_Table" executed="False" result="Ignored">
                        <reason>
                          <message><![CDATA[]]></message>
                        </reason>
                      </test-case>
                      <test-case name="Umbraco.Tests.Persistence.SqlTableByTableTest.BaseTableByTableTest.Can_Create_cmsPropertyType_Table" executed="False" result="Ignored">
                        <reason>
                          <message><![CDATA[]]></message>
                        </reason>
                      </test-case>
                      <test-case name="Umbraco.Tests.Persistence.SqlTableByTableTest.BaseTableByTableTest.Can_Create_cmsPropertyTypeGroup_Table" executed="False" result="Ignored">
                        <reason>
                          <message><![CDATA[]]></message>
                        </reason>
                      </test-case>
                      <test-case name="Umbraco.Tests.Persistence.SqlTableByTableTest.BaseTableByTableTest.Can_Create_cmsStylesheet_Table" executed="False" result="Ignored">
                        <reason>
                          <message><![CDATA[]]></message>
                        </reason>
                      </test-case>
                      <test-case name="Umbraco.Tests.Persistence.SqlTableByTableTest.BaseTableByTableTest.Can_Create_cmsStylesheetProperty_Table" executed="False" result="Ignored">
                        <reason>
                          <message><![CDATA[]]></message>
                        </reason>
                      </test-case>
                      <test-case name="Umbraco.Tests.Persistence.SqlTableByTableTest.BaseTableByTableTest.Can_Create_cmsTagRelationship_Table" executed="False" result="Ignored">
                        <reason>
                          <message><![CDATA[]]></message>
                        </reason>
                      </test-case>
                      <test-case name="Umbraco.Tests.Persistence.SqlTableByTableTest.BaseTableByTableTest.Can_Create_cmsTags_Table" executed="False" result="Ignored">
                        <reason>
                          <message><![CDATA[]]></message>
                        </reason>
                      </test-case>
                      <test-case name="Umbraco.Tests.Persistence.SqlTableByTableTest.BaseTableByTableTest.Can_Create_cmsTask_Table" executed="False" result="Ignored">
                        <reason>
                          <message><![CDATA[]]></message>
                        </reason>
                      </test-case>
                      <test-case name="Umbraco.Tests.Persistence.SqlTableByTableTest.BaseTableByTableTest.Can_Create_cmsTaskType_Table" executed="False" result="Ignored">
                        <reason>
                          <message><![CDATA[]]></message>
                        </reason>
                      </test-case>
                      <test-case name="Umbraco.Tests.Persistence.SqlTableByTableTest.BaseTableByTableTest.Can_Create_cmsTemplate_Table" executed="False" result="Ignored">
                        <reason>
                          <message><![CDATA[]]></message>
                        </reason>
                      </test-case>
                      <test-case name="Umbraco.Tests.Persistence.SqlTableByTableTest.BaseTableByTableTest.Can_Create_umbracoApp_Table" executed="False" result="Ignored">
                        <reason>
                          <message><![CDATA[]]></message>
                        </reason>
                      </test-case>
                      <test-case name="Umbraco.Tests.Persistence.SqlTableByTableTest.BaseTableByTableTest.Can_Create_umbracoAppTree_Table" executed="False" result="Ignored">
                        <reason>
                          <message><![CDATA[]]></message>
                        </reason>
                      </test-case>
                      <test-case name="Umbraco.Tests.Persistence.SqlTableByTableTest.BaseTableByTableTest.Can_Create_umbracoDomains_Table" executed="False" result="Ignored">
                        <reason>
                          <message><![CDATA[]]></message>
                        </reason>
                      </test-case>
                      <test-case name="Umbraco.Tests.Persistence.SqlTableByTableTest.BaseTableByTableTest.Can_Create_umbracoLanguage_Table" executed="False" result="Ignored">
                        <reason>
                          <message><![CDATA[]]></message>
                        </reason>
                      </test-case>
                      <test-case name="Umbraco.Tests.Persistence.SqlTableByTableTest.BaseTableByTableTest.Can_Create_umbracoLog_Table" executed="False" result="Ignored">
                        <reason>
                          <message><![CDATA[]]></message>
                        </reason>
                      </test-case>
                      <test-case name="Umbraco.Tests.Persistence.SqlTableByTableTest.BaseTableByTableTest.Can_Create_umbracoNode_Table" executed="False" result="Ignored">
                        <reason>
                          <message><![CDATA[]]></message>
                        </reason>
                      </test-case>
                      <test-case name="Umbraco.Tests.Persistence.SqlTableByTableTest.BaseTableByTableTest.Can_Create_umbracoRelation_Table" executed="False" result="Ignored">
                        <reason>
                          <message><![CDATA[]]></message>
                        </reason>
                      </test-case>
                      <test-case name="Umbraco.Tests.Persistence.SqlTableByTableTest.BaseTableByTableTest.Can_Create_umbracoRelationType_Table" executed="False" result="Ignored">
                        <reason>
                          <message><![CDATA[]]></message>
                        </reason>
                      </test-case>
                      <test-case name="Umbraco.Tests.Persistence.SqlTableByTableTest.BaseTableByTableTest.Can_Create_umbracoUser_Table" executed="False" result="Ignored">
                        <reason>
                          <message><![CDATA[]]></message>
                        </reason>
                      </test-case>
                      <test-case name="Umbraco.Tests.Persistence.SqlTableByTableTest.BaseTableByTableTest.Can_Create_umbracoUser2app_Table" executed="False" result="Ignored">
                        <reason>
                          <message><![CDATA[]]></message>
                        </reason>
                      </test-case>
                      <test-case name="Umbraco.Tests.Persistence.SqlTableByTableTest.BaseTableByTableTest.Can_Create_umbracoUser2NodeNotify_Table" executed="False" result="Ignored">
                        <reason>
                          <message><![CDATA[]]></message>
                        </reason>
                      </test-case>
                      <test-case name="Umbraco.Tests.Persistence.SqlTableByTableTest.BaseTableByTableTest.Can_Create_umbracoUser2NodePermission_Table" executed="False" result="Ignored">
                        <reason>
                          <message><![CDATA[]]></message>
                        </reason>
                      </test-case>
                      <test-case name="Umbraco.Tests.Persistence.SqlTableByTableTest.BaseTableByTableTest.Can_Create_umbracoUserLogins_Table" executed="False" result="Ignored">
                        <reason>
                          <message><![CDATA[]]></message>
                        </reason>
                      </test-case>
                      <test-case name="Umbraco.Tests.Persistence.SqlTableByTableTest.BaseTableByTableTest.Can_Create_umbracoUserType_Table" executed="False" result="Ignored">
                        <reason>
                          <message><![CDATA[]]></message>
                        </reason>
                      </test-case>
                    </results>
                  </test-suite>
                  <test-suite type="Namespace" name="SyntaxProvider" executed="True" result="Success" success="True" time="0.007" asserts="0">
                    <results>
                      <test-suite type="TestFixture" name="SqlSyntaxProviderTests" executed="True" result="Success" success="True" time="0.007" asserts="0">
                        <results>
                          <test-case name="Umbraco.Tests.Persistence.SyntaxProvider.SqlSyntaxProviderTests.Can_Generate_Create_Table_Statement" executed="True" result="Success" success="True" time="0.006" asserts="0" />
                        </results>
                      </test-suite>
                    </results>
                  </test-suite>
                </results>
              </test-suite>
              <test-suite type="TestFixture" name="PluginManagerTests" executed="True" result="Success" success="True" time="0.350" asserts="0">
                <results>
                  <test-case name="Umbraco.Tests.PluginManagerTests.Create_Cached_Plugin_File" executed="True" result="Success" success="True" time="0.026" asserts="4" />
                  <test-case name="Umbraco.Tests.PluginManagerTests.Detect_Legacy_Plugin_File_List" executed="True" result="Success" success="True" time="0.014" asserts="2" />
                  <test-case name="Umbraco.Tests.PluginManagerTests.Ensure_Only_One_Type_List_Created" executed="True" result="Success" success="True" time="0.014" asserts="1" />
                  <test-case name="Umbraco.Tests.PluginManagerTests.Get_Plugins_Hash" executed="True" result="Success" success="True" time="0.010" asserts="4" />
                  <test-case name="Umbraco.Tests.PluginManagerTests.PluginHash_From_String" executed="True" result="Success" success="True" time="0.002" asserts="1" />
                  <test-case name="Umbraco.Tests.PluginManagerTests.Resolves_Action_Handlers" executed="True" result="Success" success="True" time="0.006" asserts="1" />
                  <test-case name="Umbraco.Tests.PluginManagerTests.Resolves_Actions" executed="True" result="Success" success="True" time="0.033" asserts="1" />
                  <test-case name="Umbraco.Tests.PluginManagerTests.Resolves_Applications" executed="True" result="Success" success="True" time="0.009" asserts="1" />
                  <test-case name="Umbraco.Tests.PluginManagerTests.Resolves_Attributed_Trees" executed="True" result="Success" success="True" time="0.015" asserts="1" />
                  <test-case name="Umbraco.Tests.PluginManagerTests.Resolves_DataTypes" executed="True" result="Success" success="True" time="0.019" asserts="1" />
                  <test-case name="Umbraco.Tests.PluginManagerTests.Resolves_LegacyRestExtensions" executed="True" result="Success" success="True" time="0.036" asserts="1" />
                  <test-case name="Umbraco.Tests.PluginManagerTests.Resolves_RazorDataTypeModels" executed="True" result="Success" success="True" time="0.010" asserts="1" />
                  <test-case name="Umbraco.Tests.PluginManagerTests.Resolves_RestExtensions" executed="True" result="Success" success="True" time="0.011" asserts="1" />
                  <test-case name="Umbraco.Tests.PluginManagerTests.Resolves_Trees" executed="True" result="Success" success="True" time="0.018" asserts="1" />
                  <test-case name="Umbraco.Tests.PluginManagerTests.Resolves_Types" executed="True" result="Success" success="True" time="0.007" asserts="1" />
                  <test-case name="Umbraco.Tests.PluginManagerTests.Resolves_XsltExtensions" executed="True" result="Success" success="True" time="0.010" asserts="1" />
                </results>
              </test-suite>
              <test-suite type="Namespace" name="PropertyEditors" executed="True" result="Success" success="True" time="0.166" asserts="0">
                <results>
                  <test-suite type="TestFixture" name="PropertyEditorValueConverterTests" executed="True" result="Success" success="True" time="0.165" asserts="0">
                    <results>
                      <test-suite type="ParameterizedTest" name="CanConvertDatePickerPropertyEditor" executed="True" result="Success" success="True" time="0.073" asserts="0">
                        <results>
                          <test-case name="Umbraco.Tests.PropertyEditors.PropertyEditorValueConverterTests.CanConvertDatePickerPropertyEditor(&quot;&quot;,False)" executed="True" result="Success" success="True" time="0.001" asserts="2" />
                          <test-case name="Umbraco.Tests.PropertyEditors.PropertyEditorValueConverterTests.CanConvertDatePickerPropertyEditor(&quot;2012-11-10 13:14:15&quot;,True)" executed="True" result="Success" success="True" time="0.001" asserts="2" />
                          <test-case name="Umbraco.Tests.PropertyEditors.PropertyEditorValueConverterTests.CanConvertDatePickerPropertyEditor(&quot;Saturday 10, November 2012&quot;,True)" executed="True" result="Success" success="True" time="0.001" asserts="2" />
                          <test-case name="Umbraco.Tests.PropertyEditors.PropertyEditorValueConverterTests.CanConvertDatePickerPropertyEditor(&quot;Sat 10, November 2012&quot;,True)" executed="True" result="Success" success="True" time="0.000" asserts="2" />
                          <test-case name="Umbraco.Tests.PropertyEditors.PropertyEditorValueConverterTests.CanConvertDatePickerPropertyEditor(&quot;Saturday 10, Nov 2012&quot;,True)" executed="True" result="Success" success="True" time="0.000" asserts="2" />
                          <test-case name="Umbraco.Tests.PropertyEditors.PropertyEditorValueConverterTests.CanConvertDatePickerPropertyEditor(&quot;Sat 10, Nov 2012&quot;,True)" executed="True" result="Success" success="True" time="0.000" asserts="2" />
                          <test-case name="Umbraco.Tests.PropertyEditors.PropertyEditorValueConverterTests.CanConvertDatePickerPropertyEditor(&quot;11/10/2012&quot;,False)" executed="True" result="Success" success="True" time="0.000" asserts="2" />
                          <test-case name="Umbraco.Tests.PropertyEditors.PropertyEditorValueConverterTests.CanConvertDatePickerPropertyEditor(&quot;10/11/2012&quot;,True)" executed="True" result="Success" success="True" time="0.001" asserts="2" />
                          <test-case name="Umbraco.Tests.PropertyEditors.PropertyEditorValueConverterTests.CanConvertDatePickerPropertyEditor(&quot;2012/11/10&quot;,True)" executed="True" result="Success" success="True" time="0.001" asserts="2" />
                          <test-case name="Umbraco.Tests.PropertyEditors.PropertyEditorValueConverterTests.CanConvertDatePickerPropertyEditor(&quot;2012-11-10&quot;,True)" executed="True" result="Success" success="True" time="0.001" asserts="2" />
                        </results>
                      </test-suite>
                      <test-suite type="ParameterizedTest" name="CanConvertYesNoPropertyEditor" executed="True" result="Success" success="True" time="0.076" asserts="0">
                        <results>
                          <test-case name="Umbraco.Tests.PropertyEditors.PropertyEditorValueConverterTests.CanConvertYesNoPropertyEditor(&quot;&quot;,False)" executed="True" result="Success" success="True" time="0.001" asserts="2" />
                          <test-case name="Umbraco.Tests.PropertyEditors.PropertyEditorValueConverterTests.CanConvertYesNoPropertyEditor(&quot;0&quot;,False)" executed="True" result="Success" success="True" time="0.001" asserts="2" />
                          <test-case name="Umbraco.Tests.PropertyEditors.PropertyEditorValueConverterTests.CanConvertYesNoPropertyEditor(&quot;false&quot;,False)" executed="True" result="Success" success="True" time="0.000" asserts="2" />
                          <test-case name="Umbraco.Tests.PropertyEditors.PropertyEditorValueConverterTests.CanConvertYesNoPropertyEditor(&quot;False&quot;,False)" executed="True" result="Success" success="True" time="0.000" asserts="2" />
                          <test-case name="Umbraco.Tests.PropertyEditors.PropertyEditorValueConverterTests.CanConvertYesNoPropertyEditor(&quot;FALSE&quot;,False)" executed="True" result="Success" success="True" time="0.000" asserts="2" />
                          <test-case name="Umbraco.Tests.PropertyEditors.PropertyEditorValueConverterTests.CanConvertYesNoPropertyEditor(&quot;1&quot;,True)" executed="True" result="Success" success="True" time="0.000" asserts="2" />
                          <test-case name="Umbraco.Tests.PropertyEditors.PropertyEditorValueConverterTests.CanConvertYesNoPropertyEditor(&quot;true&quot;,True)" executed="True" result="Success" success="True" time="0.000" asserts="2" />
                          <test-case name="Umbraco.Tests.PropertyEditors.PropertyEditorValueConverterTests.CanConvertYesNoPropertyEditor(&quot;True&quot;,True)" executed="True" result="Success" success="True" time="0.000" asserts="2" />
                          <test-case name="Umbraco.Tests.PropertyEditors.PropertyEditorValueConverterTests.CanConvertYesNoPropertyEditor(&quot;TRUE&quot;,True)" executed="True" result="Success" success="True" time="0.000" asserts="2" />
                        </results>
                      </test-suite>
                    </results>
                  </test-suite>
                </results>
              </test-suite>
              <test-suite type="Namespace" name="PublishedContent" executed="True" result="Success" success="True" time="43.400" asserts="0">
                <results>
                  <test-suite type="TestFixture" name="DynamicNodeTests" executed="True" result="Success" success="True" time="27.180" asserts="0">
                    <results>
                      <test-case name="Umbraco.Tests.PublishedContent.DynamicNodeTests.Ancestor_Or_Self" executed="True" result="Success" success="True" time="0.617" asserts="3" />
                      <test-case name="Umbraco.Tests.PublishedContent.DynamicNodeTests.Ancestors" executed="True" result="Success" success="True" time="0.690" asserts="4" />
                      <test-case name="Umbraco.Tests.PublishedContent.DynamicNodeTests.Ancestors_Or_Self" executed="True" result="Success" success="True" time="0.520" asserts="4" />
                      <test-case name="Umbraco.Tests.PublishedContent.DynamicNodeTests.Ancestors_Where_Visible" executed="True" result="Success" success="True" time="0.599" asserts="2" />
                      <test-case name="Umbraco.Tests.PublishedContent.DynamicNodeTests.Can_Return_Property_And_Value" executed="True" result="Success" success="True" time="0.669" asserts="5" />
                      <test-case name="Umbraco.Tests.PublishedContent.DynamicNodeTests.Children_GroupBy_DocumentTypeAlias" executed="True" result="Success" success="True" time="0.692" asserts="4" />
                      <test-case name="Umbraco.Tests.PublishedContent.DynamicNodeTests.Children_Order_By_Update_Date" executed="True" result="Success" success="True" time="0.638" asserts="5" />
                      <test-case name="Umbraco.Tests.PublishedContent.DynamicNodeTests.Children_Order_By_Update_Date_Descending" executed="True" result="Success" success="True" time="0.609" asserts="5" />
                      <test-case name="Umbraco.Tests.PublishedContent.DynamicNodeTests.Children_Where_DocumentTypeAlias" executed="True" result="Success" success="True" time="0.641" asserts="3" />
                      <test-case name="Umbraco.Tests.PublishedContent.DynamicNodeTests.Children_Where_NodeTypeAlias" executed="True" result="Success" success="True" time="0.603" asserts="3" />
                      <test-case name="Umbraco.Tests.PublishedContent.DynamicNodeTests.Complex_Linq" executed="False" result="Ignored">
                        <reason>
                          <message><![CDATA[We are ignoring this test because currently our ExpressionParser class cannot deal with this... it needs some serious TLC but it is very complex.]]></message>
                        </reason>
                      </test-case>
                      <test-case name="Umbraco.Tests.PublishedContent.DynamicNodeTests.Descendants" executed="True" result="Success" success="True" time="0.626" asserts="4" />
                      <test-case name="Umbraco.Tests.PublishedContent.DynamicNodeTests.Descendants_Or_Self" executed="True" result="Success" success="True" time="0.618" asserts="4" />
                      <test-case name="Umbraco.Tests.PublishedContent.DynamicNodeTests.Down" executed="True" result="Success" success="True" time="0.629" asserts="3" />
                      <test-case name="Umbraco.Tests.PublishedContent.DynamicNodeTests.Ensure_TinyMCE_Converted_Type_User_Property" executed="True" result="Success" success="True" time="0.605" asserts="3" />
                      <test-case name="Umbraco.Tests.PublishedContent.DynamicNodeTests.First" executed="True" result="Success" success="True" time="0.613" asserts="3" />
                      <test-case name="Umbraco.Tests.PublishedContent.DynamicNodeTests.First_With_Query" executed="True" result="Success" success="True" time="0.638" asserts="3" />
                      <test-case name="Umbraco.Tests.PublishedContent.DynamicNodeTests.Get_Children" executed="True" result="Success" success="True" time="0.589" asserts="5" />
                      <test-case name="Umbraco.Tests.PublishedContent.DynamicNodeTests.Get_Children_With_Pluralized_Alias" executed="True" result="Success" success="True" time="0.667" asserts="9" />
                      <test-case name="Umbraco.Tests.PublishedContent.DynamicNodeTests.Get_Member_Property" executed="True" result="Success" success="True" time="0.604" asserts="5" />
                      <test-case name="Umbraco.Tests.PublishedContent.DynamicNodeTests.Get_User_Property_With_Same_Name_As_Member_Property" executed="True" result="Success" success="True" time="0.555" asserts="3" />
                      <test-case name="Umbraco.Tests.PublishedContent.DynamicNodeTests.GetPropertyValue_Non_Reflected" executed="True" result="Success" success="True" time="0.600" asserts="3" />
                      <test-case name="Umbraco.Tests.PublishedContent.DynamicNodeTests.GetPropertyValue_Reflected" executed="True" result="Success" success="True" time="0.581" asserts="3" />
                      <test-case name="Umbraco.Tests.PublishedContent.DynamicNodeTests.HasProperty" executed="True" result="Success" success="True" time="0.593" asserts="2" />
                      <test-case name="Umbraco.Tests.PublishedContent.DynamicNodeTests.HasValue" executed="True" result="Success" success="True" time="0.578" asserts="3" />
                      <test-case name="Umbraco.Tests.PublishedContent.DynamicNodeTests.Index" executed="True" result="Success" success="True" time="0.608" asserts="8" />
                      <test-case name="Umbraco.Tests.PublishedContent.DynamicNodeTests.Is_First" executed="True" result="Success" success="True" time="0.574" asserts="4" />
                      <test-case name="Umbraco.Tests.PublishedContent.DynamicNodeTests.Is_First_Root_Nodes" executed="False" result="Ignored">
                        <reason>
                          <message><![CDATA[This test will never work unless DynamicNode is refactored a lot in order to get a list of root nodes since root nodes don't have a parent to look up]]></message>
                        </reason>
                      </test-case>
                      <test-case name="Umbraco.Tests.PublishedContent.DynamicNodeTests.Is_Last_From_Where_Filter" executed="True" result="Success" success="True" time="0.744" asserts="4" />
                      <test-case name="Umbraco.Tests.PublishedContent.DynamicNodeTests.Is_Not_First" executed="True" result="Success" success="True" time="0.622" asserts="4" />
                      <test-case name="Umbraco.Tests.PublishedContent.DynamicNodeTests.Is_Not_First_Root_Nodes" executed="False" result="Ignored">
                        <reason>
                          <message><![CDATA[This test will never work unless DynamicNode is refactored a lot in order to get a list of root nodes since root nodes don't have a parent to look up]]></message>
                        </reason>
                      </test-case>
                      <test-case name="Umbraco.Tests.PublishedContent.DynamicNodeTests.Is_Position" executed="True" result="Success" success="True" time="0.605" asserts="4" />
                      <test-case name="Umbraco.Tests.PublishedContent.DynamicNodeTests.Is_Position_Root_Nodes" executed="False" result="Ignored">
                        <reason>
                          <message><![CDATA[This test will never work unless DynamicNode is refactored a lot in order to get a list of root nodes since root nodes don't have a parent to look up]]></message>
                        </reason>
                      </test-case>
                      <test-case name="Umbraco.Tests.PublishedContent.DynamicNodeTests.Next" executed="True" result="Success" success="True" time="0.613" asserts="3" />
                      <test-case name="Umbraco.Tests.PublishedContent.DynamicNodeTests.Next_Without_Sibling" executed="True" result="Success" success="True" time="0.587" asserts="2" />
                      <test-case name="Umbraco.Tests.PublishedContent.DynamicNodeTests.Previous" executed="True" result="Success" success="True" time="0.587" asserts="3" />
                      <test-case name="Umbraco.Tests.PublishedContent.DynamicNodeTests.Previous_Without_Sibling" executed="True" result="Success" success="True" time="0.588" asserts="2" />
                      <test-case name="Umbraco.Tests.PublishedContent.DynamicNodeTests.Recursive_Property" executed="True" result="Success" success="True" time="0.621" asserts="6" />
                      <test-case name="Umbraco.Tests.PublishedContent.DynamicNodeTests.Single" executed="True" result="Success" success="True" time="0.574" asserts="3" />
                      <test-case name="Umbraco.Tests.PublishedContent.DynamicNodeTests.Single_With_Query" executed="True" result="Success" success="True" time="0.598" asserts="3" />
                      <test-case name="Umbraco.Tests.PublishedContent.DynamicNodeTests.Skip" executed="True" result="Success" success="True" time="0.588" asserts="3" />
                      <test-case name="Umbraco.Tests.PublishedContent.DynamicNodeTests.String_Contains_Method" executed="True" result="Success" success="True" time="0.611" asserts="5" />
                      <test-case name="Umbraco.Tests.PublishedContent.DynamicNodeTests.String_ContainsValue_Extension_Method" executed="True" result="Success" success="True" time="0.676" asserts="5" />
                      <test-case name="Umbraco.Tests.PublishedContent.DynamicNodeTests.String_Split_Method" executed="True" result="Success" success="True" time="0.551" asserts="3" />
                      <test-case name="Umbraco.Tests.PublishedContent.DynamicNodeTests.Take" executed="True" result="Success" success="True" time="0.604" asserts="3" />
                      <test-case name="Umbraco.Tests.PublishedContent.DynamicNodeTests.Up" executed="True" result="Success" success="True" time="0.519" asserts="3" />
                      <test-case name="Umbraco.Tests.PublishedContent.DynamicNodeTests.Visible" executed="True" result="Success" success="True" time="0.572" asserts="4" />
                      <test-case name="Umbraco.Tests.PublishedContent.DynamicNodeTests.Where_User_Property_Value" executed="True" result="Success" success="True" time="0.609" asserts="4" />
                    </results>
                  </test-suite>
                  <test-suite type="TestFixture" name="DynamicPublishedContentTests" executed="True" result="Success" success="True" time="2.361" asserts="0">
                    <results>
                      <test-case name="Umbraco.Tests.PublishedContent.DynamicPublishedContentTests.Ancestor_Or_Self" executed="True" result="Success" success="True" time="0.022" asserts="4" />
                      <test-case name="Umbraco.Tests.PublishedContent.DynamicPublishedContentTests.Ancestors" executed="True" result="Success" success="True" time="0.032" asserts="5" />
                      <test-case name="Umbraco.Tests.PublishedContent.DynamicPublishedContentTests.Ancestors_Or_Self" executed="True" result="Success" success="True" time="0.039" asserts="5" />
                      <test-case name="Umbraco.Tests.PublishedContent.DynamicPublishedContentTests.Ancestors_Where_Visible" executed="True" result="Success" success="True" time="0.051" asserts="3" />
                      <test-case name="Umbraco.Tests.PublishedContent.DynamicPublishedContentTests.Can_Return_Property_And_Value" executed="True" result="Success" success="True" time="0.026" asserts="6" />
                      <test-case name="Umbraco.Tests.PublishedContent.DynamicPublishedContentTests.Children_GroupBy_DocumentTypeAlias" executed="True" result="Success" success="True" time="0.050" asserts="5" />
                      <test-case name="Umbraco.Tests.PublishedContent.DynamicPublishedContentTests.Children_Order_By_Update_Date" executed="True" result="Success" success="True" time="0.023" asserts="6" />
                      <test-case name="Umbraco.Tests.PublishedContent.DynamicPublishedContentTests.Children_Order_By_Update_Date_Descending" executed="True" result="Success" success="True" time="0.053" asserts="6" />
                      <test-case name="Umbraco.Tests.PublishedContent.DynamicPublishedContentTests.Children_Where_DocumentTypeAlias" executed="True" result="Success" success="True" time="0.068" asserts="4" />
                      <test-case name="Umbraco.Tests.PublishedContent.DynamicPublishedContentTests.Children_Where_NodeTypeAlias" executed="True" result="Success" success="True" time="0.050" asserts="4" />
                      <test-case name="Umbraco.Tests.PublishedContent.DynamicPublishedContentTests.Complex_Linq" executed="False" result="Ignored">
                        <reason>
                          <message><![CDATA[We are ignoring this test because currently our ExpressionParser class cannot deal with this... it needs some serious TLC but it is very complex.]]></message>
                        </reason>
                      </test-case>
                      <test-case name="Umbraco.Tests.PublishedContent.DynamicPublishedContentTests.Custom_Extension_Methods" executed="True" result="Success" success="True" time="0.057" asserts="7" />
                      <test-case name="Umbraco.Tests.PublishedContent.DynamicPublishedContentTests.Descendants" executed="True" result="Success" success="True" time="0.051" asserts="5" />
                      <test-case name="Umbraco.Tests.PublishedContent.DynamicPublishedContentTests.Descendants_Or_Self" executed="True" result="Success" success="True" time="0.047" asserts="5" />
                      <test-case name="Umbraco.Tests.PublishedContent.DynamicPublishedContentTests.Down" executed="True" result="Success" success="True" time="0.051" asserts="4" />
                      <test-case name="Umbraco.Tests.PublishedContent.DynamicPublishedContentTests.Ensure_TinyMCE_Converted_Type_User_Property" executed="True" result="Success" success="True" time="0.017" asserts="4" />
                      <test-case name="Umbraco.Tests.PublishedContent.DynamicPublishedContentTests.First" executed="True" result="Success" success="True" time="0.071" asserts="4" />
                      <test-case name="Umbraco.Tests.PublishedContent.DynamicPublishedContentTests.First_With_Query" executed="True" result="Success" success="True" time="0.021" asserts="4" />
                      <test-case name="Umbraco.Tests.PublishedContent.DynamicPublishedContentTests.Get_Children" executed="True" result="Success" success="True" time="0.047" asserts="6" />
                      <test-case name="Umbraco.Tests.PublishedContent.DynamicPublishedContentTests.Get_Children_With_Pluralized_Alias" executed="True" result="Success" success="True" time="0.047" asserts="10" />
                      <test-case name="Umbraco.Tests.PublishedContent.DynamicPublishedContentTests.Get_Member_Property" executed="True" result="Success" success="True" time="0.029" asserts="6" />
                      <test-case name="Umbraco.Tests.PublishedContent.DynamicPublishedContentTests.Get_User_Property_With_Same_Name_As_Member_Property" executed="True" result="Success" success="True" time="0.014" asserts="4" />
                      <test-case name="Umbraco.Tests.PublishedContent.DynamicPublishedContentTests.GetPropertyValue_Non_Reflected" executed="True" result="Success" success="True" time="0.030" asserts="4" />
                      <test-case name="Umbraco.Tests.PublishedContent.DynamicPublishedContentTests.GetPropertyValue_Reflected" executed="True" result="Success" success="True" time="0.016" asserts="4" />
                      <test-case name="Umbraco.Tests.PublishedContent.DynamicPublishedContentTests.HasProperty" executed="True" result="Success" success="True" time="0.029" asserts="3" />
                      <test-case name="Umbraco.Tests.PublishedContent.DynamicPublishedContentTests.HasValue" executed="True" result="Success" success="True" time="0.015" asserts="4" />
                      <test-case name="Umbraco.Tests.PublishedContent.DynamicPublishedContentTests.Index" executed="True" result="Success" success="True" time="0.076" asserts="12" />
                      <test-case name="Umbraco.Tests.PublishedContent.DynamicPublishedContentTests.Is_First" executed="True" result="Success" success="True" time="0.040" asserts="6" />
                      <test-case name="Umbraco.Tests.PublishedContent.DynamicPublishedContentTests.Is_First_Root_Nodes" executed="True" result="Success" success="True" time="0.025" asserts="6" />
                      <test-case name="Umbraco.Tests.PublishedContent.DynamicPublishedContentTests.Is_Last_From_Where_Filter" executed="True" result="Success" success="True" time="0.078" asserts="5" />
                      <test-case name="Umbraco.Tests.PublishedContent.DynamicPublishedContentTests.Is_Not_First" executed="True" result="Success" success="True" time="0.047" asserts="6" />
                      <test-case name="Umbraco.Tests.PublishedContent.DynamicPublishedContentTests.Is_Not_First_Root_Nodes" executed="True" result="Success" success="True" time="0.021" asserts="6" />
                      <test-case name="Umbraco.Tests.PublishedContent.DynamicPublishedContentTests.Is_Position" executed="True" result="Success" success="True" time="0.028" asserts="6" />
                      <test-case name="Umbraco.Tests.PublishedContent.DynamicPublishedContentTests.Is_Position_Root_Nodes" executed="True" result="Success" success="True" time="0.023" asserts="6" />
                      <test-case name="Umbraco.Tests.PublishedContent.DynamicPublishedContentTests.Next" executed="True" result="Success" success="True" time="0.059" asserts="4" />
                      <test-case name="Umbraco.Tests.PublishedContent.DynamicPublishedContentTests.Next_Without_Sibling" executed="True" result="Success" success="True" time="0.026" asserts="3" />
                      <test-case name="Umbraco.Tests.PublishedContent.DynamicPublishedContentTests.Previous" executed="True" result="Success" success="True" time="0.019" asserts="4" />
                      <test-case name="Umbraco.Tests.PublishedContent.DynamicPublishedContentTests.Previous_Without_Sibling" executed="True" result="Success" success="True" time="0.028" asserts="3" />
                      <test-case name="Umbraco.Tests.PublishedContent.DynamicPublishedContentTests.Recursive_Property" executed="True" result="Success" success="True" time="0.017" asserts="7" />
                      <test-case name="Umbraco.Tests.PublishedContent.DynamicPublishedContentTests.Returns_DynamicDocument_Object" executed="True" result="Success" success="True" time="0.062" asserts="3" />
                      <test-case name="Umbraco.Tests.PublishedContent.DynamicPublishedContentTests.Returns_DynamicDocument_Object_After_Casting" executed="True" result="Success" success="True" time="0.045" asserts="3" />
                      <test-case name="Umbraco.Tests.PublishedContent.DynamicPublishedContentTests.Returns_IDocument_Object" executed="True" result="Success" success="True" time="0.020" asserts="3" />
                      <test-case name="Umbraco.Tests.PublishedContent.DynamicPublishedContentTests.Single" executed="True" result="Success" success="True" time="0.017" asserts="4" />
                      <test-case name="Umbraco.Tests.PublishedContent.DynamicPublishedContentTests.Single_With_Query" executed="True" result="Success" success="True" time="0.073" asserts="4" />
                      <test-case name="Umbraco.Tests.PublishedContent.DynamicPublishedContentTests.Skip" executed="True" result="Success" success="True" time="0.016" asserts="4" />
                      <test-case name="Umbraco.Tests.PublishedContent.DynamicPublishedContentTests.String_Contains_Method" executed="True" result="Success" success="True" time="0.054" asserts="6" />
                      <test-case name="Umbraco.Tests.PublishedContent.DynamicPublishedContentTests.String_ContainsValue_Extension_Method" executed="True" result="Success" success="True" time="0.065" asserts="6" />
                      <test-case name="Umbraco.Tests.PublishedContent.DynamicPublishedContentTests.String_Split_Method" executed="True" result="Success" success="True" time="0.054" asserts="4" />
                      <test-case name="Umbraco.Tests.PublishedContent.DynamicPublishedContentTests.Take" executed="True" result="Success" success="True" time="0.015" asserts="4" />
                      <test-case name="Umbraco.Tests.PublishedContent.DynamicPublishedContentTests.Up" executed="True" result="Success" success="True" time="0.049" asserts="4" />
                      <test-case name="Umbraco.Tests.PublishedContent.DynamicPublishedContentTests.Visible" executed="True" result="Success" success="True" time="0.019" asserts="6" />
                      <test-case name="Umbraco.Tests.PublishedContent.DynamicPublishedContentTests.Where_User_Property_Value" executed="True" result="Success" success="True" time="0.085" asserts="5" />
                    </results>
                  </test-suite>
                  <test-suite type="TestFixture" name="DynamicXmlConverterTests" executed="True" result="Success" success="True" time="0.291" asserts="1">
                    <results>
                      <test-case name="Umbraco.Tests.PublishedContent.DynamicXmlConverterTests.Convert_To_Raw_String" executed="True" result="Success" success="True" time="0.045" asserts="1">
                        <reason>
                          <message><![CDATA[SetUp : Automatically avoided running test in full trust as it passed in partial trust]]></message>
                        </reason>
                      </test-case>
                      <test-case name="Umbraco.Tests.PublishedContent.DynamicXmlConverterTests.Convert_To_Raw_XElement" executed="True" result="Success" success="True" time="0.005" asserts="1">
                        <reason>
                          <message><![CDATA[SetUp : Automatically avoided running test in full trust as it passed in partial trust]]></message>
                        </reason>
                      </test-case>
                      <test-case name="Umbraco.Tests.PublishedContent.DynamicXmlConverterTests.Convert_To_Raw_XmlDocument" executed="True" result="Success" success="True" time="0.011" asserts="1">
                        <reason>
                          <message><![CDATA[SetUp : Automatically avoided running test in full trust as it passed in partial trust]]></message>
                        </reason>
                      </test-case>
                      <test-case name="Umbraco.Tests.PublishedContent.DynamicXmlConverterTests.Convert_To_Raw_XmlElement" executed="True" result="Success" success="True" time="0.005" asserts="1">
                        <reason>
                          <message><![CDATA[SetUp : Automatically avoided running test in full trust as it passed in partial trust]]></message>
                        </reason>
                      </test-case>
                      <test-case name="Umbraco.Tests.PublishedContent.DynamicXmlConverterTests.Convert_To_String" executed="True" result="Success" success="True" time="0.004" asserts="1">
                        <reason>
                          <message><![CDATA[SetUp : Automatically avoided running test in full trust as it passed in partial trust]]></message>
                        </reason>
                      </test-case>
                      <test-case name="Umbraco.Tests.PublishedContent.DynamicXmlConverterTests.Convert_To_XElement" executed="True" result="Success" success="True" time="0.005" asserts="1">
                        <reason>
                          <message><![CDATA[SetUp : Automatically avoided running test in full trust as it passed in partial trust]]></message>
                        </reason>
                      </test-case>
                      <test-case name="Umbraco.Tests.PublishedContent.DynamicXmlConverterTests.Convert_To_XmlDocument" executed="True" result="Success" success="True" time="0.003" asserts="1">
                        <reason>
                          <message><![CDATA[SetUp : Automatically avoided running test in full trust as it passed in partial trust]]></message>
                        </reason>
                      </test-case>
                      <test-case name="Umbraco.Tests.PublishedContent.DynamicXmlConverterTests.Convert_To_XmlElement" executed="True" result="Success" success="True" time="0.003" asserts="1">
                        <reason>
                          <message><![CDATA[SetUp : Automatically avoided running test in full trust as it passed in partial trust]]></message>
                        </reason>
                      </test-case>
                    </results>
                  </test-suite>
                  <test-suite type="TestFixture" name="DynamicXmlTests" executed="True" result="Success" success="True" time="0.125" asserts="0">
                    <results>
                      <test-case name="Umbraco.Tests.PublishedContent.DynamicXmlTests.Custom_Extension_Method" executed="True" result="Success" success="True" time="0.031" asserts="1" />
                      <test-case name="Umbraco.Tests.PublishedContent.DynamicXmlTests.Custom_Extension_Method_Legacy" executed="True" result="Success" success="True" time="0.011" asserts="1" />
                      <test-case name="Umbraco.Tests.PublishedContent.DynamicXmlTests.Deals_With_Hyphenated_values" executed="True" result="Success" success="True" time="0.007" asserts="3" />
                      <test-case name="Umbraco.Tests.PublishedContent.DynamicXmlTests.Ensure_Legacy_Objects_Are_Returned" executed="True" result="Success" success="True" time="0.007" asserts="6" />
                      <test-case name="Umbraco.Tests.PublishedContent.DynamicXmlTests.Find_Test_Core_Class" executed="True" result="Success" success="True" time="0.011" asserts="4" />
                      <test-case name="Umbraco.Tests.PublishedContent.DynamicXmlTests.Find_Test_Legacy_Class" executed="True" result="Success" success="True" time="0.005" asserts="4" />
                      <test-case name="Umbraco.Tests.PublishedContent.DynamicXmlTests.Take" executed="True" result="Success" success="True" time="0.008" asserts="4" />
                      <test-case name="Umbraco.Tests.PublishedContent.DynamicXmlTests.Take_Legacy" executed="True" result="Success" success="True" time="0.006" asserts="4" />
                    </results>
                  </test-suite>
                  <test-suite type="TestFixture" name="LegacyExamineBackedMediaTests" executed="True" result="Success" success="True" time="1.403" asserts="0">
                    <results>
                      <test-case name="Umbraco.Tests.PublishedContent.LegacyExamineBackedMediaTests.Ensure_Children_Are_Sorted" executed="True" result="Success" success="True" time="0.789" asserts="7" />
                      <test-case name="Umbraco.Tests.PublishedContent.LegacyExamineBackedMediaTests.Ensure_Result_Has_All_Values" executed="True" result="Success" success="True" time="0.604" asserts="13" />
                    </results>
                  </test-suite>
                  <test-suite type="TestFixture" name="PublishedContentDataTableTests" executed="True" result="Success" success="True" time="1.662" asserts="0">
                    <results>
                      <test-case name="Umbraco.Tests.PublishedContent.PublishedContentDataTableTests.To_DataTable" executed="True" result="Success" success="True" time="0.581" asserts="11" />
                      <test-case name="Umbraco.Tests.PublishedContent.PublishedContentDataTableTests.To_DataTable_No_Rows" executed="True" result="Success" success="True" time="0.514" asserts="2" />
                      <test-case name="Umbraco.Tests.PublishedContent.PublishedContentDataTableTests.To_DataTable_With_Filter" executed="True" result="Success" success="True" time="0.557" asserts="8" />
                    </results>
                  </test-suite>
                  <test-suite type="TestFixture" name="PublishedContentTests" executed="True" result="Success" success="True" time="1.339" asserts="0">
                    <results>
                      <test-case name="Umbraco.Tests.PublishedContent.PublishedContentTests.Ancestor_Or_Self" executed="True" result="Success" success="True" time="0.013" asserts="3" />
                      <test-case name="Umbraco.Tests.PublishedContent.PublishedContentTests.Ancestors" executed="True" result="Success" success="True" time="0.028" asserts="4" />
                      <test-case name="Umbraco.Tests.PublishedContent.PublishedContentTests.Ancestors_Or_Self" executed="True" result="Success" success="True" time="0.014" asserts="4" />
                      <test-case name="Umbraco.Tests.PublishedContent.PublishedContentTests.Ancestors_Where_Visible" executed="True" result="Success" success="True" time="0.059" asserts="2" />
                      <test-case name="Umbraco.Tests.PublishedContent.PublishedContentTests.Children_GroupBy_DocumentTypeAlias" executed="True" result="Success" success="True" time="0.019" asserts="4" />
                      <test-case name="Umbraco.Tests.PublishedContent.PublishedContentTests.Children_Order_By_Update_Date" executed="True" result="Success" success="True" time="0.046" asserts="5" />
                      <test-case name="Umbraco.Tests.PublishedContent.PublishedContentTests.Children_Where_DocumentTypeAlias" executed="True" result="Success" success="True" time="0.049" asserts="3" />
                      <test-case name="Umbraco.Tests.PublishedContent.PublishedContentTests.Complex_Linq" executed="True" result="Success" success="True" time="0.047" asserts="2" />
                      <test-case name="Umbraco.Tests.PublishedContent.PublishedContentTests.Descendants" executed="True" result="Success" success="True" time="0.017" asserts="4" />
                      <test-case name="Umbraco.Tests.PublishedContent.PublishedContentTests.Descendants_Or_Self" executed="True" result="Success" success="True" time="0.041" asserts="4" />
                      <test-case name="Umbraco.Tests.PublishedContent.PublishedContentTests.Descendants_Ordered_Properly" executed="True" result="Success" success="True" time="0.017" asserts="14" />
                      <test-case name="Umbraco.Tests.PublishedContent.PublishedContentTests.Down" executed="True" result="Success" success="True" time="0.025" asserts="3" />
                      <test-case name="Umbraco.Tests.PublishedContent.PublishedContentTests.Get_Property_Value_Uses_Converter" executed="True" result="Success" success="True" time="0.060" asserts="7" />
                      <test-case name="Umbraco.Tests.PublishedContent.PublishedContentTests.HasProperty" executed="True" result="Success" success="True" time="0.076" asserts="2" />
                      <test-case name="Umbraco.Tests.PublishedContent.PublishedContentTests.HasValue" executed="True" result="Success" success="True" time="0.013" asserts="3" />
                      <test-case name="Umbraco.Tests.PublishedContent.PublishedContentTests.Index" executed="True" result="Success" success="True" time="0.056" asserts="8" />
                      <test-case name="Umbraco.Tests.PublishedContent.PublishedContentTests.Is_First" executed="True" result="Success" success="True" time="0.089" asserts="8" />
                      <test-case name="Umbraco.Tests.PublishedContent.PublishedContentTests.Is_Last_From_Concat" executed="True" result="Success" success="True" time="0.028" asserts="9" />
                      <test-case name="Umbraco.Tests.PublishedContent.PublishedContentTests.Is_Last_From_Skip" executed="True" result="Success" success="True" time="0.068" asserts="4" />
                      <test-case name="Umbraco.Tests.PublishedContent.PublishedContentTests.Is_Last_From_Take" executed="True" result="Success" success="True" time="0.015" asserts="4" />
                      <test-case name="Umbraco.Tests.PublishedContent.PublishedContentTests.Is_Last_From_Where_Filter" executed="True" result="Success" success="True" time="0.026" asserts="4" />
                      <test-case name="Umbraco.Tests.PublishedContent.PublishedContentTests.Is_Last_From_Where_Filter_Dynamic_Linq" executed="True" result="Success" success="True" time="0.016" asserts="4" />
                      <test-case name="Umbraco.Tests.PublishedContent.PublishedContentTests.Is_Not_First" executed="True" result="Success" success="True" time="0.068" asserts="8" />
                      <test-case name="Umbraco.Tests.PublishedContent.PublishedContentTests.Is_Position" executed="True" result="Success" success="True" time="0.048" asserts="8" />
                      <test-case name="Umbraco.Tests.PublishedContent.PublishedContentTests.Next" executed="True" result="Success" success="True" time="0.014" asserts="3" />
                      <test-case name="Umbraco.Tests.PublishedContent.PublishedContentTests.Next_Without_Sibling" executed="True" result="Success" success="True" time="0.029" asserts="2" />
                      <test-case name="Umbraco.Tests.PublishedContent.PublishedContentTests.Previous" executed="True" result="Success" success="True" time="0.052" asserts="3" />
                      <test-case name="Umbraco.Tests.PublishedContent.PublishedContentTests.Previous_Without_Sibling" executed="True" result="Success" success="True" time="0.013" asserts="2" />
                      <test-case name="Umbraco.Tests.PublishedContent.PublishedContentTests.Test_Get_Recursive_Val" executed="True" result="Success" success="True" time="0.044" asserts="3" />
                      <test-case name="Umbraco.Tests.PublishedContent.PublishedContentTests.Up" executed="True" result="Success" success="True" time="0.014" asserts="3" />
                      <test-case name="Umbraco.Tests.PublishedContent.PublishedContentTests.Visible" executed="True" result="Success" success="True" time="0.050" asserts="4" />
                    </results>
                  </test-suite>
                  <test-suite type="TestFixture" name="PublishedMediaTests" executed="True" result="Success" success="True" time="8.940" asserts="0">
                    <properties>
                      <property name="APARTMENT_STATE" value="STA" />
                    </properties>
                    <results>
                      <test-case name="Umbraco.Tests.PublishedContent.PublishedMediaTests.Ancestors_With_Examine" executed="True" result="Success" success="True" time="0.621" asserts="1" />
                      <test-case name="Umbraco.Tests.PublishedContent.PublishedMediaTests.Ancestors_Without_Examine" executed="True" result="Success" success="True" time="0.725" asserts="2" />
                      <test-case name="Umbraco.Tests.PublishedContent.PublishedMediaTests.AncestorsOrSelf_With_Examine" executed="True" result="Success" success="True" time="0.596" asserts="1" />
                      <test-case name="Umbraco.Tests.PublishedContent.PublishedMediaTests.AncestorsOrSelf_Without_Examine" executed="True" result="Success" success="True" time="0.718" asserts="2" />
                      <test-case name="Umbraco.Tests.PublishedContent.PublishedMediaTests.Children_With_Examine" executed="True" result="Success" success="True" time="0.647" asserts="2" />
                      <test-case name="Umbraco.Tests.PublishedContent.PublishedMediaTests.Children_Without_Examine" executed="True" result="Success" success="True" time="0.690" asserts="4" />
                      <test-case name="Umbraco.Tests.PublishedContent.PublishedMediaTests.Descendants_With_Examine" executed="True" result="Success" success="True" time="0.672" asserts="2" />
                      <test-case name="Umbraco.Tests.PublishedContent.PublishedMediaTests.Descendants_Without_Examine" executed="True" result="Success" success="True" time="0.722" asserts="4" />
                      <test-case name="Umbraco.Tests.PublishedContent.PublishedMediaTests.DescendantsOrSelf_With_Examine" executed="True" result="Success" success="True" time="0.682" asserts="2" />
                      <test-case name="Umbraco.Tests.PublishedContent.PublishedMediaTests.DescendantsOrSelf_Without_Examine" executed="True" result="Success" success="True" time="0.720" asserts="4" />
                      <test-case name="Umbraco.Tests.PublishedContent.PublishedMediaTests.Do_Not_Find_In_Recycle_Bin" executed="True" result="Success" success="True" time="0.730" asserts="4" />
                      <test-case name="Umbraco.Tests.PublishedContent.PublishedMediaTests.Ensure_Children_Sorted_With_Examine" executed="True" result="Success" success="True" time="0.613" asserts="5" />
                      <test-case name="Umbraco.Tests.PublishedContent.PublishedMediaTests.Parent_Without_Examine" executed="True" result="Success" success="True" time="0.703" asserts="6" />
                    </results>
                  </test-suite>
                  <test-suite type="TestFixture" name="StronglyTypedQueryTests" executed="True" result="Success" success="True" time="0.051" asserts="0">
                    <results>
                      <test-case name="Umbraco.Tests.PublishedContent.StronglyTypedQueryTests.As_Test" executed="True" result="Success" success="True" time="0.032" asserts="3" />
                      <test-case name="Umbraco.Tests.PublishedContent.StronglyTypedQueryTests.Type_Test" executed="True" result="Success" success="True" time="0.012" asserts="3" />
                    </results>
                  </test-suite>
                </results>
              </test-suite>
              <test-suite type="Namespace" name="Publishing" executed="True" result="Success" success="True" time="0.689" asserts="0">
                <results>
                  <test-suite type="TestFixture" name="PublishingStrategyTests" executed="True" result="Success" success="True" time="0.689" asserts="0">
                    <results>
                      <test-case name="Umbraco.Tests.Publishing.PublishingStrategyTests.Can_Publish_And_Update_Xml_Cache" executed="True" result="Success" success="True" time="0.688" asserts="0" />
                    </results>
                  </test-suite>
                </results>
              </test-suite>
              <test-suite type="Namespace" name="Resolvers" executed="True" result="Success" success="True" time="0.099" asserts="0">
                <results>
                  <test-suite type="TestFixture" name="ActionsResolverTests" executed="True" result="Success" success="True" time="0.009" asserts="0">
                    <results>
                      <test-case name="Umbraco.Tests.Resolvers.ActionsResolverTests.Create_Types" executed="True" result="Success" success="True" time="0.007" asserts="1" />
                    </results>
                  </test-suite>
                  <test-suite type="TestFixture" name="LazyManyObjectResolverTests" executed="True" result="Success" success="True" time="0.031" asserts="0">
                    <results>
                      <test-case name="Umbraco.Tests.Resolvers.LazyManyObjectResolverTests.Ensure_Lazy_Type_Resolution" executed="True" result="Success" success="True" time="0.004" asserts="4" />
                      <test-case name="Umbraco.Tests.Resolvers.LazyManyObjectResolverTests.Throws_If_Duplication" executed="True" result="Success" success="True" time="0.001" asserts="1" />
                      <test-case name="Umbraco.Tests.Resolvers.LazyManyObjectResolverTests.Type_List_Delegates_And_Lazy_Type_Combination" executed="True" result="Success" success="True" time="0.001" asserts="2" />
                      <test-case name="Umbraco.Tests.Resolvers.LazyManyObjectResolverTests.Type_List_Delegates_Combination" executed="True" result="Success" success="True" time="0.001" asserts="2" />
                    </results>
                  </test-suite>
                  <test-suite type="TestFixture" name="MacroFieldEditorsResolverTests" executed="True" result="Success" success="True" time="0.008" asserts="0">
                    <results>
                      <test-case name="Umbraco.Tests.Resolvers.MacroFieldEditorsResolverTests.Find_Types" executed="True" result="Success" success="True" time="0.005" asserts="1" />
                    </results>
                  </test-suite>
                  <test-suite type="TestFixture" name="ManyObjectResolverTests" executed="True" result="Success" success="True" time="0.020" asserts="0">
                    <results>
                      <test-case name="Umbraco.Tests.Resolvers.ManyObjectResolverTests.Ensure_Application_Object_Creation" executed="True" result="Success" success="True" time="0.002" asserts="1" />
                      <test-case name="Umbraco.Tests.Resolvers.ManyObjectResolverTests.Ensure_HttpRequest_Object_Creation" executed="True" result="Success" success="True" time="0.007" asserts="2" />
                      <test-case name="Umbraco.Tests.Resolvers.ManyObjectResolverTests.Ensure_Transient_Object_Creation" executed="True" result="Success" success="True" time="0.001" asserts="1" />
                    </results>
                  </test-suite>
                  <test-suite type="TestFixture" name="PackageActionsResolverTests" executed="True" result="Success" success="True" time="0.008" asserts="0">
                    <results>
                      <test-case name="Umbraco.Tests.Resolvers.PackageActionsResolverTests.Find_Package_Actions" executed="True" result="Success" success="True" time="0.005" asserts="1" />
                    </results>
                  </test-suite>
                </results>
              </test-suite>
              <test-suite type="Namespace" name="Routing" executed="True" result="Success" success="True" time="76.737" asserts="0">
                <results>
                  <test-suite type="TestFixture" name="LookupByAliasTests" executed="True" result="Success" success="True" time="0.306" asserts="0">
                    <results>
                      <test-suite type="ParameterizedTest" name="Lookup_By_Url_Alias" executed="True" result="Success" success="True" time="0.306" asserts="0">
                        <results>
                          <test-case name="Umbraco.Tests.Routing.LookupByAliasTests.Lookup_By_Url_Alias(&quot;/ONLY/one/Alias&quot;,1174)" executed="True" result="Success" success="True" time="0.018" asserts="2" />
                          <test-case name="Umbraco.Tests.Routing.LookupByAliasTests.Lookup_By_Url_Alias(&quot;/only/one/alias&quot;,1174)" executed="True" result="Success" success="True" time="0.065" asserts="2" />
                          <test-case name="Umbraco.Tests.Routing.LookupByAliasTests.Lookup_By_Url_Alias(&quot;/2ndpagealias&quot;,1173)" executed="True" result="Success" success="True" time="0.044" asserts="2" />
                          <test-case name="Umbraco.Tests.Routing.LookupByAliasTests.Lookup_By_Url_Alias(&quot;/page2/alias&quot;,1173)" executed="True" result="Success" success="True" time="0.015" asserts="2" />
                          <test-case name="Umbraco.Tests.Routing.LookupByAliasTests.Lookup_By_Url_Alias(&quot;/anotheralias&quot;,1046)" executed="True" result="Success" success="True" time="0.062" asserts="2" />
                          <test-case name="Umbraco.Tests.Routing.LookupByAliasTests.Lookup_By_Url_Alias(&quot;/this/is/my/alias&quot;,1046)" executed="True" result="Success" success="True" time="0.017" asserts="2" />
                        </results>
                      </test-suite>
                    </results>
                  </test-suite>
                  <test-suite type="TestFixture" name="LookupByIdTests" executed="True" result="Success" success="True" time="0.085" asserts="0">
                    <results>
                      <test-suite type="ParameterizedTest" name="Lookup_By_Id" executed="True" result="Success" success="True" time="0.084" asserts="0">
                        <results>
                          <test-case name="Umbraco.Tests.Routing.LookupByIdTests.Lookup_By_Id(&quot;/1046.aspx&quot;,1046)" executed="True" result="Success" success="True" time="0.050" asserts="2" />
                          <test-case name="Umbraco.Tests.Routing.LookupByIdTests.Lookup_By_Id(&quot;/1046&quot;,1046)" executed="True" result="Success" success="True" time="0.029" asserts="2" />
                        </results>
                      </test-suite>
                    </results>
                  </test-suite>
                  <test-suite type="TestFixture" name="LookupByNiceUrlAndTemplateTests" executed="True" result="Success" success="True" time="3.159" asserts="0">
                    <results>
                      <test-suite type="ParameterizedTest" name="Match_Document_By_Url_With_Template" executed="True" result="Success" success="True" time="3.159" asserts="0">
                        <results>
                          <test-case name="Umbraco.Tests.Routing.LookupByNiceUrlAndTemplateTests.Match_Document_By_Url_With_Template(&quot;/home/Sub1.aspx/blah&quot;)" executed="True" result="Success" success="True" time="0.657" asserts="4" />
                          <test-case name="Umbraco.Tests.Routing.LookupByNiceUrlAndTemplateTests.Match_Document_By_Url_With_Template(&quot;/Home/Sub1/Blah&quot;)" executed="True" result="Success" success="True" time="0.622" asserts="4" />
                          <test-case name="Umbraco.Tests.Routing.LookupByNiceUrlAndTemplateTests.Match_Document_By_Url_With_Template(&quot;/home/Sub1/blah&quot;)" executed="True" result="Success" success="True" time="0.594" asserts="4" />
                          <test-case name="Umbraco.Tests.Routing.LookupByNiceUrlAndTemplateTests.Match_Document_By_Url_With_Template(&quot;/default.aspx/blah&quot;)" executed="True" result="Success" success="True" time="0.608" asserts="4" />
                          <test-case name="Umbraco.Tests.Routing.LookupByNiceUrlAndTemplateTests.Match_Document_By_Url_With_Template(&quot;/blah&quot;)" executed="True" result="Success" success="True" time="0.657" asserts="4" />
                        </results>
                      </test-suite>
                    </results>
                  </test-suite>
                  <test-suite type="TestFixture" name="LookupByNiceUrlTests" executed="True" result="Success" success="True" time="0.820" asserts="0">
                    <results>
                      <test-suite type="ParameterizedTest" name="Match_Document_By_Url" executed="True" result="Success" success="True" time="0.332" asserts="0">
                        <results>
                          <test-case name="Umbraco.Tests.Routing.LookupByNiceUrlTests.Match_Document_By_Url(&quot;/home/Sub1.aspx&quot;,1173)" executed="True" result="Success" success="True" time="0.039" asserts="2" />
                          <test-case name="Umbraco.Tests.Routing.LookupByNiceUrlTests.Match_Document_By_Url(&quot;/Home/Sub1&quot;,1173)" executed="True" result="Success" success="True" time="0.044" asserts="2" />
                          <test-case name="Umbraco.Tests.Routing.LookupByNiceUrlTests.Match_Document_By_Url(&quot;/home/Sub1&quot;,1173)" executed="True" result="Success" success="True" time="0.052" asserts="2" />
                          <test-case name="Umbraco.Tests.Routing.LookupByNiceUrlTests.Match_Document_By_Url(&quot;/home&quot;,1046)" executed="True" result="Success" success="True" time="0.076" asserts="2" />
                          <test-case name="Umbraco.Tests.Routing.LookupByNiceUrlTests.Match_Document_By_Url(&quot;/default.aspx&quot;,1046)" executed="True" result="Success" success="True" time="0.057" asserts="2" />
                          <test-case name="Umbraco.Tests.Routing.LookupByNiceUrlTests.Match_Document_By_Url(&quot;/&quot;,1046)" executed="True" result="Success" success="True" time="0.044" asserts="2" />
                        </results>
                      </test-suite>
                      <test-suite type="ParameterizedTest" name="Match_Document_By_Url_Hide_Top_Level" executed="True" result="Success" success="True" time="0.484" asserts="0">
                        <results>
                          <test-case name="Umbraco.Tests.Routing.LookupByNiceUrlTests.Match_Document_By_Url_Hide_Top_Level(&quot;/test-page&quot;,1172)" executed="True" result="Success" success="True" time="0.061" asserts="2" />
                          <test-case name="Umbraco.Tests.Routing.LookupByNiceUrlTests.Match_Document_By_Url_Hide_Top_Level(&quot;/home&quot;,1046)" executed="True" result="Success" success="True" time="0.048" asserts="2" />
                          <test-case name="Umbraco.Tests.Routing.LookupByNiceUrlTests.Match_Document_By_Url_Hide_Top_Level(&quot;/home/sub1&quot;,-1)" executed="True" result="Success" success="True" time="0.051" asserts="1" />
                          <test-case name="Umbraco.Tests.Routing.LookupByNiceUrlTests.Match_Document_By_Url_Hide_Top_Level(&quot;/sub1.aspx&quot;,1173)" executed="True" result="Success" success="True" time="0.059" asserts="2" />
                          <test-case name="Umbraco.Tests.Routing.LookupByNiceUrlTests.Match_Document_By_Url_Hide_Top_Level(&quot;/sub1&quot;,1173)" executed="True" result="Success" success="True" time="0.044" asserts="2" />
                          <test-case name="Umbraco.Tests.Routing.LookupByNiceUrlTests.Match_Document_By_Url_Hide_Top_Level(&quot;/Sub1&quot;,1173)" executed="True" result="Success" success="True" time="0.082" asserts="2" />
                          <test-case name="Umbraco.Tests.Routing.LookupByNiceUrlTests.Match_Document_By_Url_Hide_Top_Level(&quot;/default.aspx&quot;,1046)" executed="True" result="Success" success="True" time="0.048" asserts="2" />
                          <test-case name="Umbraco.Tests.Routing.LookupByNiceUrlTests.Match_Document_By_Url_Hide_Top_Level(&quot;/&quot;,1046)" executed="True" result="Success" success="True" time="0.049" asserts="2" />
                        </results>
                      </test-suite>
                    </results>
                  </test-suite>
                  <test-suite type="TestFixture" name="LookupByNiceUrlWithDomainsTests" executed="True" result="Success" success="True" time="12.164" asserts="0">
                    <results>
                      <test-suite type="ParameterizedTest" name="Lookup_NestedDomains" executed="True" result="Success" success="True" time="10.113" asserts="0">
                        <results>
                          <test-case name="Umbraco.Tests.Routing.LookupByNiceUrlWithDomainsTests.Lookup_NestedDomains(&quot;https://domain3.com/&quot;,1001,&quot;en-US&quot;)" executed="True" result="Success" success="True" time="0.660" asserts="3" />
                          <test-case name="Umbraco.Tests.Routing.LookupByNiceUrlWithDomainsTests.Lookup_NestedDomains(&quot;https://domain1.com/&quot;,1001,&quot;en-US&quot;)" executed="True" result="Success" success="True" time="0.622" asserts="3" />
                          <test-case name="Umbraco.Tests.Routing.LookupByNiceUrlWithDomainsTests.Lookup_NestedDomains(&quot;http://domain3.com/1003-3&quot;,10033,&quot;en-US&quot;)" executed="True" result="Success" success="True" time="0.618" asserts="3" />
                          <test-case name="Umbraco.Tests.Routing.LookupByNiceUrlWithDomainsTests.Lookup_NestedDomains(&quot;http://domain3.com/fr/1003-2-1&quot;,100321,&quot;fr-FR&quot;)" executed="True" result="Success" success="True" time="0.695" asserts="3" />
                          <test-case name="Umbraco.Tests.Routing.LookupByNiceUrlWithDomainsTests.Lookup_NestedDomains(&quot;http://domain3.com/fr&quot;,10032,&quot;fr-FR&quot;)" executed="True" result="Success" success="True" time="0.703" asserts="3" />
                          <test-case name="Umbraco.Tests.Routing.LookupByNiceUrlWithDomainsTests.Lookup_NestedDomains(&quot;http://domain3.com/en/1003-1-1&quot;,100311,&quot;en-US&quot;)" executed="True" result="Success" success="True" time="0.656" asserts="3" />
                          <test-case name="Umbraco.Tests.Routing.LookupByNiceUrlWithDomainsTests.Lookup_NestedDomains(&quot;http://domain3.com/en&quot;,10031,&quot;en-US&quot;)" executed="True" result="Success" success="True" time="0.638" asserts="3" />
                          <test-case name="Umbraco.Tests.Routing.LookupByNiceUrlWithDomainsTests.Lookup_NestedDomains(&quot;http://domain3.com/&quot;,1003,&quot;en-US&quot;)" executed="True" result="Success" success="True" time="0.700" asserts="3" />
                          <test-case name="Umbraco.Tests.Routing.LookupByNiceUrlWithDomainsTests.Lookup_NestedDomains(&quot;http://domain2.com/1002&quot;,1002,&quot;en-US&quot;)" executed="True" result="Success" success="True" time="0.702" asserts="3" />
                          <test-case name="Umbraco.Tests.Routing.LookupByNiceUrlWithDomainsTests.Lookup_NestedDomains(&quot;http://domain1.com/1001-3&quot;,10013,&quot;en-US&quot;)" executed="True" result="Success" success="True" time="0.706" asserts="3" />
                          <test-case name="Umbraco.Tests.Routing.LookupByNiceUrlWithDomainsTests.Lookup_NestedDomains(&quot;http://domain1.com/fr/1001-2-1&quot;,100121,&quot;fr-FR&quot;)" executed="True" result="Success" success="True" time="0.703" asserts="3" />
                          <test-case name="Umbraco.Tests.Routing.LookupByNiceUrlWithDomainsTests.Lookup_NestedDomains(&quot;http://domain1.com/fr&quot;,10012,&quot;fr-FR&quot;)" executed="True" result="Success" success="True" time="0.647" asserts="3" />
                          <test-case name="Umbraco.Tests.Routing.LookupByNiceUrlWithDomainsTests.Lookup_NestedDomains(&quot;http://domain1.com/en/1001-1-1&quot;,100111,&quot;en-US&quot;)" executed="True" result="Success" success="True" time="0.680" asserts="3" />
                          <test-case name="Umbraco.Tests.Routing.LookupByNiceUrlWithDomainsTests.Lookup_NestedDomains(&quot;http://domain1.com/en&quot;,10011,&quot;en-US&quot;)" executed="True" result="Success" success="True" time="0.612" asserts="3" />
                          <test-case name="Umbraco.Tests.Routing.LookupByNiceUrlWithDomainsTests.Lookup_NestedDomains(&quot;http://domain1.com/&quot;,1001,&quot;en-US&quot;)" executed="True" result="Success" success="True" time="0.692" asserts="3" />
                        </results>
                      </test-suite>
                      <test-suite type="ParameterizedTest" name="Lookup_SingleDomain" executed="True" result="Success" success="True" time="2.044" asserts="0">
                        <results>
                          <test-case name="Umbraco.Tests.Routing.LookupByNiceUrlWithDomainsTests.Lookup_SingleDomain(&quot;http://domain1.com/1001-2/1001-2-1&quot;,100121)" executed="True" result="Success" success="True" time="0.583" asserts="2" />
                          <test-case name="Umbraco.Tests.Routing.LookupByNiceUrlWithDomainsTests.Lookup_SingleDomain(&quot;http://domain1.com/1001-1&quot;,10011)" executed="True" result="Success" success="True" time="0.776" asserts="2" />
                          <test-case name="Umbraco.Tests.Routing.LookupByNiceUrlWithDomainsTests.Lookup_SingleDomain(&quot;http://domain1.com/&quot;,1001)" executed="True" result="Success" success="True" time="0.674" asserts="2" />
                        </results>
                      </test-suite>
                    </results>
                  </test-suite>
                  <test-suite type="TestFixture" name="LookupByPageIdQueryTests" executed="True" result="Success" success="True" time="0.150" asserts="0">
                    <results>
                      <test-suite type="ParameterizedTest" name="Lookup_By_Page_Id" executed="True" result="Success" success="True" time="0.149" asserts="0">
                        <results>
                          <test-case name="Umbraco.Tests.Routing.LookupByPageIdQueryTests.Lookup_By_Page_Id(&quot;/some/other/page.aspx?umbPageId=1046&quot;,1046)" executed="True" result="Success" success="True" time="0.026" asserts="2" />
                          <test-case name="Umbraco.Tests.Routing.LookupByPageIdQueryTests.Lookup_By_Page_Id(&quot;/some/other/page?umbPageId=1046&quot;,1046)" executed="True" result="Success" success="True" time="0.025" asserts="2" />
                          <test-case name="Umbraco.Tests.Routing.LookupByPageIdQueryTests.Lookup_By_Page_Id(&quot;/default.aspx?umbPageId=1046&quot;,1046)" executed="True" result="Success" success="True" time="0.010" asserts="2" />
                          <test-case name="Umbraco.Tests.Routing.LookupByPageIdQueryTests.Lookup_By_Page_Id(&quot;/?UMBPAGEID=1046&quot;,1046)" executed="True" result="Success" success="True" time="0.054" asserts="2" />
                          <test-case name="Umbraco.Tests.Routing.LookupByPageIdQueryTests.Lookup_By_Page_Id(&quot;/?umbPageId=1046&quot;,1046)" executed="True" result="Success" success="True" time="0.010" asserts="2" />
                        </results>
                      </test-suite>
                    </results>
                  </test-suite>
                  <test-suite type="TestFixture" name="NiceUrlProviderTests" executed="True" result="Success" success="True" time="10.453" asserts="0">
                    <results>
                      <test-case name="Umbraco.Tests.Routing.NiceUrlProviderTests.Ensure_Cache_Is_Correct" executed="False" result="Ignored">
                        <reason>
                          <message><![CDATA[]]></message>
                        </reason>
                      </test-case>
                      <test-suite type="ParameterizedTest" name="Get_Nice_Url_Hiding_Top_Level" executed="True" result="Success" success="True" time="4.584" asserts="0">
                        <results>
                          <test-case name="Umbraco.Tests.Routing.NiceUrlProviderTests.Get_Nice_Url_Hiding_Top_Level(1172,&quot;/test-page/&quot;)" executed="True" result="Success" success="True" time="0.619" asserts="1" />
                          <test-case name="Umbraco.Tests.Routing.NiceUrlProviderTests.Get_Nice_Url_Hiding_Top_Level(1175,&quot;/sub-2/&quot;)" executed="True" result="Success" success="True" time="0.607" asserts="1" />
                          <test-case name="Umbraco.Tests.Routing.NiceUrlProviderTests.Get_Nice_Url_Hiding_Top_Level(1178,&quot;/sub1/custom-sub-2/&quot;)" executed="True" result="Success" success="True" time="0.586" asserts="1" />
                          <test-case name="Umbraco.Tests.Routing.NiceUrlProviderTests.Get_Nice_Url_Hiding_Top_Level(1177,&quot;/sub1/custom-sub-1/&quot;)" executed="True" result="Success" success="True" time="0.560" asserts="1" />
                          <test-case name="Umbraco.Tests.Routing.NiceUrlProviderTests.Get_Nice_Url_Hiding_Top_Level(1176,&quot;/sub1/sub-3/&quot;)" executed="True" result="Success" success="True" time="0.524" asserts="1" />
                          <test-case name="Umbraco.Tests.Routing.NiceUrlProviderTests.Get_Nice_Url_Hiding_Top_Level(1174,&quot;/sub1/sub2/&quot;)" executed="True" result="Success" success="True" time="0.564" asserts="1" />
                          <test-case name="Umbraco.Tests.Routing.NiceUrlProviderTests.Get_Nice_Url_Hiding_Top_Level(1173,&quot;/sub1/&quot;)" executed="True" result="Success" success="True" time="0.519" asserts="1" />
                          <test-case name="Umbraco.Tests.Routing.NiceUrlProviderTests.Get_Nice_Url_Hiding_Top_Level(1046,&quot;/&quot;)" executed="True" result="Success" success="True" time="0.544" asserts="1" />
                        </results>
                      </test-suite>
                      <test-suite type="ParameterizedTest" name="Get_Nice_Url_Not_Hiding_Top_Level" executed="True" result="Success" success="True" time="4.714" asserts="0">
                        <results>
                          <test-case name="Umbraco.Tests.Routing.NiceUrlProviderTests.Get_Nice_Url_Not_Hiding_Top_Level(1172,&quot;/test-page/&quot;)" executed="True" result="Success" success="True" time="0.581" asserts="1" />
                          <test-case name="Umbraco.Tests.Routing.NiceUrlProviderTests.Get_Nice_Url_Not_Hiding_Top_Level(1175,&quot;/home/sub-2/&quot;)" executed="True" result="Success" success="True" time="0.532" asserts="1" />
                          <test-case name="Umbraco.Tests.Routing.NiceUrlProviderTests.Get_Nice_Url_Not_Hiding_Top_Level(1178,&quot;/home/sub1/custom-sub-2/&quot;)" executed="True" result="Success" success="True" time="0.616" asserts="1" />
                          <test-case name="Umbraco.Tests.Routing.NiceUrlProviderTests.Get_Nice_Url_Not_Hiding_Top_Level(1177,&quot;/home/sub1/custom-sub-1/&quot;)" executed="True" result="Success" success="True" time="0.656" asserts="1" />
                          <test-case name="Umbraco.Tests.Routing.NiceUrlProviderTests.Get_Nice_Url_Not_Hiding_Top_Level(1176,&quot;/home/sub1/sub-3/&quot;)" executed="True" result="Success" success="True" time="0.528" asserts="1" />
                          <test-case name="Umbraco.Tests.Routing.NiceUrlProviderTests.Get_Nice_Url_Not_Hiding_Top_Level(1174,&quot;/home/sub1/sub2/&quot;)" executed="True" result="Success" success="True" time="0.611" asserts="1" />
                          <test-case name="Umbraco.Tests.Routing.NiceUrlProviderTests.Get_Nice_Url_Not_Hiding_Top_Level(1173,&quot;/home/sub1/&quot;)" executed="True" result="Success" success="True" time="0.602" asserts="1" />
                          <test-case name="Umbraco.Tests.Routing.NiceUrlProviderTests.Get_Nice_Url_Not_Hiding_Top_Level(1046,&quot;/home/&quot;)" executed="True" result="Success" success="True" time="0.529" asserts="1" />
                        </results>
                      </test-suite>
                      <test-case name="Umbraco.Tests.Routing.NiceUrlProviderTests.Get_Nice_Url_Relative_Or_Absolute" executed="True" result="Success" success="True" time="0.515" asserts="3" />
                      <test-case name="Umbraco.Tests.Routing.NiceUrlProviderTests.Get_Nice_Url_Unpublished" executed="True" result="Success" success="True" time="0.612" asserts="3" />
                    </results>
                  </test-suite>
                  <test-suite type="TestFixture" name="NiceUrlsProviderWithDomainsTests" executed="True" result="Success" success="True" time="21.365" asserts="0">
                    <results>
                      <test-case name="Umbraco.Tests.Routing.NiceUrlsProviderWithDomainsTests.Get_Nice_Url_Alternate" executed="True" result="Success" success="True" time="0.646" asserts="4" />
                      <test-suite type="ParameterizedTest" name="Get_Nice_Url_DeepDomain" executed="True" result="Success" success="True" time="2.437" asserts="0">
                        <results>
                          <test-case name="Umbraco.Tests.Routing.NiceUrlsProviderWithDomainsTests.Get_Nice_Url_DeepDomain(1002,&quot;http://domain1.com&quot;,False,&quot;/1002/&quot;)" executed="True" result="Success" success="True" time="0.608" asserts="1" />
                          <test-case name="Umbraco.Tests.Routing.NiceUrlsProviderWithDomainsTests.Get_Nice_Url_DeepDomain(100111,&quot;http://domain1.com&quot;,False,&quot;/1001-1-1/&quot;)" executed="True" result="Success" success="True" time="0.593" asserts="1" />
                          <test-case name="Umbraco.Tests.Routing.NiceUrlsProviderWithDomainsTests.Get_Nice_Url_DeepDomain(10011,&quot;http://domain1.com&quot;,False,&quot;/&quot;)" executed="True" result="Success" success="True" time="0.595" asserts="1" />
                          <test-case name="Umbraco.Tests.Routing.NiceUrlsProviderWithDomainsTests.Get_Nice_Url_DeepDomain(1001,&quot;http://domain1.com&quot;,False,&quot;/1001/&quot;)" executed="True" result="Success" success="True" time="0.612" asserts="1" />
                        </results>
                      </test-suite>
                      <test-case name="Umbraco.Tests.Routing.NiceUrlsProviderWithDomainsTests.Get_Nice_Url_DomainsAndCache" executed="True" result="Success" success="True" time="0.590" asserts="38" />
                      <test-suite type="ParameterizedTest" name="Get_Nice_Url_NestedDomains" executed="True" result="Success" success="True" time="6.200" asserts="0">
                        <results>
                          <test-case name="Umbraco.Tests.Routing.NiceUrlsProviderWithDomainsTests.Get_Nice_Url_NestedDomains(100321,&quot;http://domain3.com&quot;,False,&quot;/fr/1003-2-1/&quot;)" executed="True" result="Success" success="True" time="0.585" asserts="1" />
                          <test-case name="Umbraco.Tests.Routing.NiceUrlsProviderWithDomainsTests.Get_Nice_Url_NestedDomains(10031,&quot;http://domain3.com&quot;,False,&quot;/en/&quot;)" executed="True" result="Success" success="True" time="0.624" asserts="1" />
                          <test-case name="Umbraco.Tests.Routing.NiceUrlsProviderWithDomainsTests.Get_Nice_Url_NestedDomains(1003,&quot;http://domain3.com&quot;,False,&quot;/&quot;)" executed="True" result="Success" success="True" time="0.631" asserts="1" />
                          <test-case name="Umbraco.Tests.Routing.NiceUrlsProviderWithDomainsTests.Get_Nice_Url_NestedDomains(1002,&quot;http://domain1.com&quot;,False,&quot;/1002/&quot;)" executed="True" result="Success" success="True" time="0.613" asserts="1" />
                          <test-case name="Umbraco.Tests.Routing.NiceUrlsProviderWithDomainsTests.Get_Nice_Url_NestedDomains(10013,&quot;http://domain1.com&quot;,False,&quot;/1001-3/&quot;)" executed="True" result="Success" success="True" time="0.631" asserts="1" />
                          <test-case name="Umbraco.Tests.Routing.NiceUrlsProviderWithDomainsTests.Get_Nice_Url_NestedDomains(100121,&quot;http://domain1.com&quot;,False,&quot;/fr/1001-2-1/&quot;)" executed="True" result="Success" success="True" time="0.596" asserts="1" />
                          <test-case name="Umbraco.Tests.Routing.NiceUrlsProviderWithDomainsTests.Get_Nice_Url_NestedDomains(10012,&quot;http://domain1.com&quot;,False,&quot;/fr/&quot;)" executed="True" result="Success" success="True" time="0.626" asserts="1" />
                          <test-case name="Umbraco.Tests.Routing.NiceUrlsProviderWithDomainsTests.Get_Nice_Url_NestedDomains(100111,&quot;http://domain1.com&quot;,False,&quot;/en/1001-1-1/&quot;)" executed="True" result="Success" success="True" time="0.610" asserts="1" />
                          <test-case name="Umbraco.Tests.Routing.NiceUrlsProviderWithDomainsTests.Get_Nice_Url_NestedDomains(10011,&quot;http://domain1.com&quot;,False,&quot;/en/&quot;)" executed="True" result="Success" success="True" time="0.605" asserts="1" />
                          <test-case name="Umbraco.Tests.Routing.NiceUrlsProviderWithDomainsTests.Get_Nice_Url_NestedDomains(1001,&quot;http://domain1.com&quot;,False,&quot;/&quot;)" executed="True" result="Success" success="True" time="0.601" asserts="1" />
                        </results>
                      </test-suite>
                      <test-case name="Umbraco.Tests.Routing.NiceUrlsProviderWithDomainsTests.Get_Nice_Url_Relative_Or_Absolute" executed="True" result="Success" success="True" time="0.571" asserts="6" />
                      <test-suite type="ParameterizedTest" name="Get_Nice_Url_SimpleDomain" executed="True" result="Success" success="True" time="5.509" asserts="0">
                        <results>
                          <test-case name="Umbraco.Tests.Routing.NiceUrlsProviderWithDomainsTests.Get_Nice_Url_SimpleDomain(10011,&quot;https://domain1.com&quot;,False,&quot;/1001-1/&quot;)" executed="True" result="Success" success="True" time="0.668" asserts="1" />
                          <test-case name="Umbraco.Tests.Routing.NiceUrlsProviderWithDomainsTests.Get_Nice_Url_SimpleDomain(1001,&quot;https://domain1.com&quot;,False,&quot;/&quot;)" executed="True" result="Success" success="True" time="0.556" asserts="1" />
                          <test-case name="Umbraco.Tests.Routing.NiceUrlsProviderWithDomainsTests.Get_Nice_Url_SimpleDomain(10011,&quot;http://domain2.com&quot;,False,&quot;http://domain1.com/1001-1/&quot;)" executed="True" result="Success" success="True" time="0.569" asserts="1" />
                          <test-case name="Umbraco.Tests.Routing.NiceUrlsProviderWithDomainsTests.Get_Nice_Url_SimpleDomain(1001,&quot;http://domain2.com&quot;,False,&quot;http://domain1.com/&quot;)" executed="True" result="Success" success="True" time="0.577" asserts="1" />
                          <test-case name="Umbraco.Tests.Routing.NiceUrlsProviderWithDomainsTests.Get_Nice_Url_SimpleDomain(10011,&quot;http://domain1.com&quot;,True,&quot;http://domain1.com/1001-1/&quot;)" executed="True" result="Success" success="True" time="0.645" asserts="1" />
                          <test-case name="Umbraco.Tests.Routing.NiceUrlsProviderWithDomainsTests.Get_Nice_Url_SimpleDomain(1001,&quot;http://domain1.com&quot;,True,&quot;http://domain1.com/&quot;)" executed="True" result="Success" success="True" time="0.669" asserts="1" />
                          <test-case name="Umbraco.Tests.Routing.NiceUrlsProviderWithDomainsTests.Get_Nice_Url_SimpleDomain(1002,&quot;http://domain1.com&quot;,False,&quot;/1002/&quot;)" executed="True" result="Success" success="True" time="0.585" asserts="1" />
                          <test-case name="Umbraco.Tests.Routing.NiceUrlsProviderWithDomainsTests.Get_Nice_Url_SimpleDomain(10011,&quot;http://domain1.com&quot;,False,&quot;/1001-1/&quot;)" executed="True" result="Success" success="True" time="0.577" asserts="1" />
                          <test-case name="Umbraco.Tests.Routing.NiceUrlsProviderWithDomainsTests.Get_Nice_Url_SimpleDomain(1001,&quot;http://domain1.com&quot;,False,&quot;/&quot;)" executed="True" result="Success" success="True" time="0.588" asserts="1" />
                        </results>
                      </test-suite>
                      <test-suite type="ParameterizedTest" name="Get_Nice_Url_SimpleWithSchemeAndPath" executed="True" result="Success" success="True" time="5.365" asserts="0">
                        <results>
                          <test-case name="Umbraco.Tests.Routing.NiceUrlsProviderWithDomainsTests.Get_Nice_Url_SimpleWithSchemeAndPath(10011,&quot;https://domain1.com&quot;,False,&quot;http://domain1.com/foo/1001-1/&quot;)" executed="True" result="Success" success="True" time="0.554" asserts="1" />
                          <test-case name="Umbraco.Tests.Routing.NiceUrlsProviderWithDomainsTests.Get_Nice_Url_SimpleWithSchemeAndPath(1001,&quot;https://domain1.com&quot;,False,&quot;http://domain1.com/foo/&quot;)" executed="True" result="Success" success="True" time="0.603" asserts="1" />
                          <test-case name="Umbraco.Tests.Routing.NiceUrlsProviderWithDomainsTests.Get_Nice_Url_SimpleWithSchemeAndPath(10011,&quot;http://domain2.com&quot;,False,&quot;http://domain1.com/foo/1001-1/&quot;)" executed="True" result="Success" success="True" time="0.611" asserts="1" />
                          <test-case name="Umbraco.Tests.Routing.NiceUrlsProviderWithDomainsTests.Get_Nice_Url_SimpleWithSchemeAndPath(1001,&quot;http://domain2.com&quot;,False,&quot;http://domain1.com/foo/&quot;)" executed="True" result="Success" success="True" time="0.590" asserts="1" />
                          <test-case name="Umbraco.Tests.Routing.NiceUrlsProviderWithDomainsTests.Get_Nice_Url_SimpleWithSchemeAndPath(10011,&quot;http://domain1.com&quot;,True,&quot;http://domain1.com/foo/1001-1/&quot;)" executed="True" result="Success" success="True" time="0.603" asserts="1" />
                          <test-case name="Umbraco.Tests.Routing.NiceUrlsProviderWithDomainsTests.Get_Nice_Url_SimpleWithSchemeAndPath(1001,&quot;http://domain1.com&quot;,True,&quot;http://domain1.com/foo/&quot;)" executed="True" result="Success" success="True" time="0.619" asserts="1" />
                          <test-case name="Umbraco.Tests.Routing.NiceUrlsProviderWithDomainsTests.Get_Nice_Url_SimpleWithSchemeAndPath(1002,&quot;http://domain1.com&quot;,False,&quot;/1002/&quot;)" executed="True" result="Success" success="True" time="0.583" asserts="1" />
                          <test-case name="Umbraco.Tests.Routing.NiceUrlsProviderWithDomainsTests.Get_Nice_Url_SimpleWithSchemeAndPath(10011,&quot;http://domain1.com&quot;,False,&quot;/foo/1001-1/&quot;)" executed="True" result="Success" success="True" time="0.553" asserts="1" />
                          <test-case name="Umbraco.Tests.Routing.NiceUrlsProviderWithDomainsTests.Get_Nice_Url_SimpleWithSchemeAndPath(1001,&quot;http://domain1.com&quot;,False,&quot;/foo/&quot;)" executed="True" result="Success" success="True" time="0.578" asserts="1" />
                        </results>
                      </test-suite>
                    </results>
                  </test-suite>
                  <test-suite type="TestFixture" name="RenderRouteHandlerTests" executed="True" result="Success" success="True" time="5.260" asserts="0">
                    <results>
                      <test-case name="Umbraco.Tests.Routing.RenderRouteHandlerTests.Umbraco_Route_Umbraco_Defined_Controller_Action" executed="True" result="Success" success="True" time="0.607" asserts="2" />
                      <test-suite type="ParameterizedTest" name="Umbraco_Route_User_Defined_Controller_Action" executed="True" result="Success" success="True" time="4.647" asserts="0">
                        <results>
                          <test-case name="Umbraco.Tests.Routing.RenderRouteHandlerTests.Umbraco_Route_User_Defined_Controller_Action(&quot;homePage&quot;)" executed="True" result="Success" success="True" time="0.576" asserts="2" />
                          <test-case name="Umbraco.Tests.Routing.RenderRouteHandlerTests.Umbraco_Route_User_Defined_Controller_Action(&quot;HomePage&quot;)" executed="True" result="Success" success="True" time="0.572" asserts="2" />
                          <test-case name="Umbraco.Tests.Routing.RenderRouteHandlerTests.Umbraco_Route_User_Defined_Controller_Action(&quot;Home-Page&quot;)" executed="True" result="Success" success="True" time="0.560" asserts="2" />
                          <test-case name="Umbraco.Tests.Routing.RenderRouteHandlerTests.Umbraco_Route_User_Defined_Controller_Action(&quot;home-page&quot;)" executed="True" result="Success" success="True" time="0.561" asserts="2" />
                          <test-case name="Umbraco.Tests.Routing.RenderRouteHandlerTests.Umbraco_Route_User_Defined_Controller_Action(&quot;home-page&quot;)" executed="True" result="Success" success="True" time="0.576" asserts="2" />
                          <test-case name="Umbraco.Tests.Routing.RenderRouteHandlerTests.Umbraco_Route_User_Defined_Controller_Action(&quot;home-\\234^^*32page&quot;)" executed="True" result="Success" success="True" time="0.577" asserts="2" />
                          <test-case name="Umbraco.Tests.Routing.RenderRouteHandlerTests.Umbraco_Route_User_Defined_Controller_Action(&quot;home-page&quot;)" executed="True" result="Success" success="True" time="0.572" asserts="2" />
                          <test-case name="Umbraco.Tests.Routing.RenderRouteHandlerTests.Umbraco_Route_User_Defined_Controller_Action(&quot;home-\\234^^*32page&quot;)" executed="True" result="Success" success="True" time="0.589" asserts="2" />
                        </results>
                      </test-suite>
                    </results>
                  </test-suite>
                  <test-suite type="TestFixture" name="UmbracoModuleTests" executed="True" result="Success" success="True" time="11.792" asserts="0">
                    <properties>
                      <property name="APARTMENT_STATE" value="STA" />
                    </properties>
                    <results>
                      <test-suite type="ParameterizedTest" name="Ensure_Request_Routable" executed="True" result="Success" success="True" time="7.847" asserts="0">
                        <results>
                          <test-case name="Umbraco.Tests.Routing.UmbracoModuleTests.Ensure_Request_Routable(&quot;/install-test&quot;,True)" executed="True" result="Success" success="True" time="0.522" asserts="1" />
                          <test-case name="Umbraco.Tests.Routing.UmbracoModuleTests.Ensure_Request_Routable(&quot;/umbraco-test&quot;,True)" executed="True" result="Success" success="True" time="0.610" asserts="1" />
                          <test-case name="Umbraco.Tests.Routing.UmbracoModuleTests.Ensure_Request_Routable(&quot;/home.aspx&quot;,True)" executed="True" result="Success" success="True" time="0.595" asserts="1" />
                          <test-case name="Umbraco.Tests.Routing.UmbracoModuleTests.Ensure_Request_Routable(&quot;/&quot;,True)" executed="True" result="Success" success="True" time="0.564" asserts="1" />
                          <test-case name="Umbraco.Tests.Routing.UmbracoModuleTests.Ensure_Request_Routable(&quot;/config/splashes/noNodes.aspx&quot;,False)" executed="True" result="Success" success="True" time="0.525" asserts="1" />
                          <test-case name="Umbraco.Tests.Routing.UmbracoModuleTests.Ensure_Request_Routable(&quot;/install/test.aspx&quot;,False)" executed="True" result="Success" success="True" time="0.523" asserts="1" />
                          <test-case name="Umbraco.Tests.Routing.UmbracoModuleTests.Ensure_Request_Routable(&quot;/install?installStep=license&quot;,False)" executed="True" result="Success" success="True" time="0.567" asserts="1" />
                          <test-case name="Umbraco.Tests.Routing.UmbracoModuleTests.Ensure_Request_Routable(&quot;/install/?installStep=license&quot;,False)" executed="True" result="Success" success="True" time="0.516" asserts="1" />
                          <test-case name="Umbraco.Tests.Routing.UmbracoModuleTests.Ensure_Request_Routable(&quot;/install/default.aspx&quot;,False)" executed="True" result="Success" success="True" time="0.593" asserts="1" />
                          <test-case name="Umbraco.Tests.Routing.UmbracoModuleTests.Ensure_Request_Routable(&quot;/umbraco/editContent.aspx&quot;,False)" executed="True" result="Success" success="True" time="0.593" asserts="1" />
                          <test-case name="Umbraco.Tests.Routing.UmbracoModuleTests.Ensure_Request_Routable(&quot;/umbraco/umbraco.aspx&quot;,False)" executed="True" result="Success" success="True" time="0.540" asserts="1" />
                          <test-case name="Umbraco.Tests.Routing.UmbracoModuleTests.Ensure_Request_Routable(&quot;/umbraco_client/scrollingmenu/style.css?cdv=37&quot;,False)" executed="True" result="Success" success="True" time="0.542" asserts="1" />
                          <test-case name="Umbraco.Tests.Routing.UmbracoModuleTests.Ensure_Request_Routable(&quot;/umbraco_client/Tree/Themes/umbraco/style.css?cdv=37&quot;,False)" executed="True" result="Success" success="True" time="0.533" asserts="1" />
                          <test-case name="Umbraco.Tests.Routing.UmbracoModuleTests.Ensure_Request_Routable(&quot;/umbraco_client/Tree/treeIcons.css&quot;,False)" executed="True" result="Success" success="True" time="0.513" asserts="1" />
                        </results>
                      </test-suite>
                      <test-suite type="ParameterizedTest" name="Is_Client_Side_Request" executed="True" result="Success" success="True" time="3.932" asserts="0">
                        <results>
                          <test-case name="Umbraco.Tests.Routing.UmbracoModuleTests.Is_Client_Side_Request(&quot;/home.aspx&quot;,False)" executed="True" result="Success" success="True" time="0.525" asserts="1" />
                          <test-case name="Umbraco.Tests.Routing.UmbracoModuleTests.Is_Client_Side_Request(&quot;/&quot;,False)" executed="True" result="Success" success="True" time="0.554" asserts="1" />
                          <test-case name="Umbraco.Tests.Routing.UmbracoModuleTests.Is_Client_Side_Request(&quot;/base/somebasehandler&quot;,False)" executed="True" result="Success" success="True" time="0.507" asserts="1" />
                          <test-case name="Umbraco.Tests.Routing.UmbracoModuleTests.Is_Client_Side_Request(&quot;/umbraco_client/scrollingmenu/style.css?cdv=37&quot;,True)" executed="True" result="Success" success="True" time="0.569" asserts="1" />
                          <test-case name="Umbraco.Tests.Routing.UmbracoModuleTests.Is_Client_Side_Request(&quot;/umbraco_client/Tree/Themes/umbraco/style.css?cdv=37&quot;,True)" executed="True" result="Success" success="True" time="0.518" asserts="1" />
                          <test-case name="Umbraco.Tests.Routing.UmbracoModuleTests.Is_Client_Side_Request(&quot;/umbraco_client/Tree/treeIcons.css&quot;,True)" executed="True" result="Success" success="True" time="0.617" asserts="1" />
                          <test-case name="Umbraco.Tests.Routing.UmbracoModuleTests.Is_Client_Side_Request(&quot;/favicon.ico&quot;,True)" executed="True" result="Success" success="True" time="0.600" asserts="1" />
                        </results>
                      </test-suite>
                    </results>
                  </test-suite>
                  <test-suite type="TestFixture" name="uQueryGetNodeIdByUrlTests" executed="True" result="Success" success="True" time="10.474" asserts="0">
                    <results>
                      <test-suite type="ParameterizedTest" name="GetNodeIdByUrl_Not_Hiding_Top_Level_Absolute" executed="True" result="Success" success="True" time="5.313" asserts="0">
                        <results>
                          <test-case name="Umbraco.Tests.Routing.uQueryGetNodeIdByUrlTests.GetNodeIdByUrl_Not_Hiding_Top_Level_Absolute(1172,&quot;/test-page&quot;)" executed="True" result="Success" success="True" time="0.684" asserts="1" />
                          <test-case name="Umbraco.Tests.Routing.uQueryGetNodeIdByUrlTests.GetNodeIdByUrl_Not_Hiding_Top_Level_Absolute(1175,&quot;/home/sub-2&quot;)" executed="True" result="Success" success="True" time="0.676" asserts="1" />
                          <test-case name="Umbraco.Tests.Routing.uQueryGetNodeIdByUrlTests.GetNodeIdByUrl_Not_Hiding_Top_Level_Absolute(1178,&quot;/home/sub1/custom-sub-2&quot;)" executed="True" result="Success" success="True" time="0.640" asserts="1" />
                          <test-case name="Umbraco.Tests.Routing.uQueryGetNodeIdByUrlTests.GetNodeIdByUrl_Not_Hiding_Top_Level_Absolute(1177,&quot;/home/sub1/custom-sub-1&quot;)" executed="True" result="Success" success="True" time="0.627" asserts="1" />
                          <test-case name="Umbraco.Tests.Routing.uQueryGetNodeIdByUrlTests.GetNodeIdByUrl_Not_Hiding_Top_Level_Absolute(1176,&quot;/home/sub1/sub-3&quot;)" executed="True" result="Success" success="True" time="0.692" asserts="1" />
                          <test-case name="Umbraco.Tests.Routing.uQueryGetNodeIdByUrlTests.GetNodeIdByUrl_Not_Hiding_Top_Level_Absolute(1174,&quot;/home/sub1/sub2&quot;)" executed="True" result="Success" success="True" time="0.641" asserts="1" />
                          <test-case name="Umbraco.Tests.Routing.uQueryGetNodeIdByUrlTests.GetNodeIdByUrl_Not_Hiding_Top_Level_Absolute(1173,&quot;/home/sub1&quot;)" executed="True" result="Success" success="True" time="0.666" asserts="1" />
                          <test-case name="Umbraco.Tests.Routing.uQueryGetNodeIdByUrlTests.GetNodeIdByUrl_Not_Hiding_Top_Level_Absolute(1046,&quot;/home&quot;)" executed="True" result="Success" success="True" time="0.639" asserts="1" />
                        </results>
                      </test-suite>
                      <test-suite type="ParameterizedTest" name="GetNodeIdByUrl_Not_Hiding_Top_Level_Relative" executed="True" result="Success" success="True" time="5.153" asserts="0">
                        <results>
                          <test-case name="Umbraco.Tests.Routing.uQueryGetNodeIdByUrlTests.GetNodeIdByUrl_Not_Hiding_Top_Level_Relative(1172,&quot;/test-page&quot;)" executed="True" result="Success" success="True" time="0.644" asserts="1" />
                          <test-case name="Umbraco.Tests.Routing.uQueryGetNodeIdByUrlTests.GetNodeIdByUrl_Not_Hiding_Top_Level_Relative(1175,&quot;/home/sub-2&quot;)" executed="True" result="Success" success="True" time="0.684" asserts="1" />
                          <test-case name="Umbraco.Tests.Routing.uQueryGetNodeIdByUrlTests.GetNodeIdByUrl_Not_Hiding_Top_Level_Relative(1178,&quot;/home/sub1/custom-sub-2&quot;)" executed="True" result="Success" success="True" time="0.643" asserts="1" />
                          <test-case name="Umbraco.Tests.Routing.uQueryGetNodeIdByUrlTests.GetNodeIdByUrl_Not_Hiding_Top_Level_Relative(1177,&quot;/home/sub1/custom-sub-1&quot;)" executed="True" result="Success" success="True" time="0.604" asserts="1" />
                          <test-case name="Umbraco.Tests.Routing.uQueryGetNodeIdByUrlTests.GetNodeIdByUrl_Not_Hiding_Top_Level_Relative(1176,&quot;/home/sub1/sub-3&quot;)" executed="True" result="Success" success="True" time="0.652" asserts="1" />
                          <test-case name="Umbraco.Tests.Routing.uQueryGetNodeIdByUrlTests.GetNodeIdByUrl_Not_Hiding_Top_Level_Relative(1174,&quot;/home/sub1/sub2&quot;)" executed="True" result="Success" success="True" time="0.659" asserts="1" />
                          <test-case name="Umbraco.Tests.Routing.uQueryGetNodeIdByUrlTests.GetNodeIdByUrl_Not_Hiding_Top_Level_Relative(1173,&quot;/home/sub1&quot;)" executed="True" result="Success" success="True" time="0.657" asserts="1" />
                          <test-case name="Umbraco.Tests.Routing.uQueryGetNodeIdByUrlTests.GetNodeIdByUrl_Not_Hiding_Top_Level_Relative(1046,&quot;/home&quot;)" executed="True" result="Success" success="True" time="0.571" asserts="1" />
                        </results>
                      </test-suite>
                    </results>
                  </test-suite>
                  <test-suite type="TestFixture" name="UrlsWithNestedDomains" executed="True" result="Success" success="True" time="0.580" asserts="0">
                    <results>
                      <test-case name="Umbraco.Tests.Routing.UrlsWithNestedDomains.DoNotPolluteCache" executed="True" result="Success" success="True" time="0.579" asserts="7" />
                    </results>
                  </test-suite>
                </results>
              </test-suite>
              <test-suite type="Namespace" name="Services" executed="True" result="Success" success="True" time="45.659" asserts="0">
                <results>
                  <test-suite type="TestFixture" name="ContentServicePerformanceTest" executed="False" result="Ignored">
                    <reason>
                      <message><![CDATA[]]></message>
                    </reason>
                    <results>
                      <test-case name="Umbraco.Tests.Services.ContentServicePerformanceTest.Creating_100_Items" executed="False" result="Ignored">
                        <reason>
                          <message><![CDATA[]]></message>
                        </reason>
                      </test-case>
                      <test-case name="Umbraco.Tests.Services.ContentServicePerformanceTest.Creating_1000_Items" executed="False" result="Ignored">
                        <reason>
                          <message><![CDATA[]]></message>
                        </reason>
                      </test-case>
                      <test-case name="Umbraco.Tests.Services.ContentServicePerformanceTest.Getting_100_Cached_Items" executed="False" result="Ignored">
                        <reason>
                          <message><![CDATA[]]></message>
                        </reason>
                      </test-case>
                      <test-case name="Umbraco.Tests.Services.ContentServicePerformanceTest.Getting_100_Uncached_Items" executed="False" result="Ignored">
                        <reason>
                          <message><![CDATA[]]></message>
                        </reason>
                      </test-case>
                      <test-case name="Umbraco.Tests.Services.ContentServicePerformanceTest.Getting_1000_Cached_Items" executed="False" result="Ignored">
                        <reason>
                          <message><![CDATA[]]></message>
                        </reason>
                      </test-case>
                      <test-case name="Umbraco.Tests.Services.ContentServicePerformanceTest.Getting_1000_Uncached_Items" executed="False" result="Ignored">
                        <reason>
                          <message><![CDATA[]]></message>
                        </reason>
                      </test-case>
                    </results>
                  </test-suite>
                  <test-suite type="TestFixture" name="ContentServiceTests" executed="True" result="Success" success="True" time="30.541" asserts="0">
                    <properties>
                      <property name="APARTMENT_STATE" value="STA" />
                    </properties>
                    <results>
                      <test-case name="Umbraco.Tests.Services.ContentServiceTests.Can_Bulk_Save_Content" executed="True" result="Success" success="True" time="0.714" asserts="1" />
                      <test-case name="Umbraco.Tests.Services.ContentServiceTests.Can_Bulk_Save_New_Hierarchy_Content" executed="True" result="Success" success="True" time="1.203" asserts="3" />
                      <test-case name="Umbraco.Tests.Services.ContentServiceTests.Can_Copy_Content" executed="True" result="Success" success="True" time="0.762" asserts="3" />
                      <test-case name="Umbraco.Tests.Services.ContentServiceTests.Can_Create_Content" executed="True" result="Success" success="True" time="0.731" asserts="2" />
                      <test-case name="Umbraco.Tests.Services.ContentServiceTests.Can_Create_Content_Without_Explicitly_Set_User" executed="True" result="Success" success="True" time="0.684" asserts="3" />
                      <test-case name="Umbraco.Tests.Services.ContentServiceTests.Can_Delete_Content" executed="True" result="Success" success="True" time="0.726" asserts="1" />
                      <test-case name="Umbraco.Tests.Services.ContentServiceTests.Can_Delete_Content_Of_Specific_ContentType" executed="True" result="Success" success="True" time="0.758" asserts="2" />
                      <test-case name="Umbraco.Tests.Services.ContentServiceTests.Can_Empty_RecycleBin" executed="True" result="Success" success="True" time="0.667" asserts="1" />
                      <test-case name="Umbraco.Tests.Services.ContentServiceTests.Can_Get_All_Versions_Of_Content" executed="True" result="Success" success="True" time="0.771" asserts="2" />
                      <test-case name="Umbraco.Tests.Services.ContentServiceTests.Can_Get_Children_Of_Content_Id" executed="True" result="Success" success="True" time="0.719" asserts="3" />
                      <test-case name="Umbraco.Tests.Services.ContentServiceTests.Can_Get_Content_By_Guid_Key" executed="True" result="Success" success="True" time="0.738" asserts="2" />
                      <test-case name="Umbraco.Tests.Services.ContentServiceTests.Can_Get_Content_By_Id" executed="True" result="Success" success="True" time="0.676" asserts="2" />
                      <test-case name="Umbraco.Tests.Services.ContentServiceTests.Can_Get_Content_By_Level" executed="True" result="Success" success="True" time="0.671" asserts="3" />
                      <test-case name="Umbraco.Tests.Services.ContentServiceTests.Can_Get_Content_For_Expiration" executed="True" result="Success" success="True" time="2.761" asserts="4" />
                      <test-case name="Umbraco.Tests.Services.ContentServiceTests.Can_Get_Content_For_Release" executed="True" result="Success" success="True" time="0.722" asserts="4" />
                      <test-case name="Umbraco.Tests.Services.ContentServiceTests.Can_Get_Content_In_RecycleBin" executed="True" result="Success" success="True" time="0.692" asserts="3" />
                      <test-case name="Umbraco.Tests.Services.ContentServiceTests.Can_Get_Descendents_Of_Contnet" executed="True" result="Success" success="True" time="1.137" asserts="3" />
                      <test-case name="Umbraco.Tests.Services.ContentServiceTests.Can_Get_Published_Descendant_Versions" executed="True" result="Success" success="True" time="0.760" asserts="11" />
                      <test-case name="Umbraco.Tests.Services.ContentServiceTests.Can_Get_Root_Content" executed="True" result="Success" success="True" time="0.688" asserts="3" />
                      <test-case name="Umbraco.Tests.Services.ContentServiceTests.Can_Move_Content" executed="True" result="Success" success="True" time="0.664" asserts="3" />
                      <test-case name="Umbraco.Tests.Services.ContentServiceTests.Can_Move_Content_Structure_To_RecycleBin_And_Empty_RecycleBin" executed="True" result="Success" success="True" time="0.813" asserts="5" />
                      <test-case name="Umbraco.Tests.Services.ContentServiceTests.Can_Move_Content_To_RecycleBin" executed="True" result="Success" success="True" time="0.768" asserts="2" />
                      <test-case name="Umbraco.Tests.Services.ContentServiceTests.Can_Publish_Content" executed="True" result="Success" success="True" time="0.722" asserts="2" />
                      <test-case name="Umbraco.Tests.Services.ContentServiceTests.Can_Publish_Content_Children" executed="True" result="Success" success="True" time="0.789" asserts="3" />
                      <test-case name="Umbraco.Tests.Services.ContentServiceTests.Can_Publish_Only_Valid_Content" executed="True" result="Success" success="True" time="0.841" asserts="5" />
                      <test-case name="Umbraco.Tests.Services.ContentServiceTests.Can_RePublish_All_Content" executed="True" result="Success" success="True" time="0.866" asserts="2" />
                      <test-case name="Umbraco.Tests.Services.ContentServiceTests.Can_Rollback_Version_On_Content" executed="True" result="Success" success="True" time="0.740" asserts="4" />
                      <test-case name="Umbraco.Tests.Services.ContentServiceTests.Can_Save_And_Publish_Content" executed="True" result="Success" success="True" time="0.681" asserts="3" />
                      <test-case name="Umbraco.Tests.Services.ContentServiceTests.Can_Save_Content" executed="True" result="Success" success="True" time="0.713" asserts="1" />
                      <test-case name="Umbraco.Tests.Services.ContentServiceTests.Can_Save_Lazy_Content" executed="True" result="Success" success="True" time="0.682" asserts="6" />
                      <test-case name="Umbraco.Tests.Services.ContentServiceTests.Can_Send_To_Publication" executed="False" result="Ignored">
                        <reason>
                          <message><![CDATA[]]></message>
                        </reason>
                      </test-case>
                      <test-case name="Umbraco.Tests.Services.ContentServiceTests.Can_UnPublish_Content" executed="True" result="Success" success="True" time="0.684" asserts="3" />
                      <test-case name="Umbraco.Tests.Services.ContentServiceTests.Can_UnPublish_Root_Content_And_Verify_Children_Is_UnPublished" executed="False" result="Ignored">
                        <reason>
                          <message><![CDATA[]]></message>
                        </reason>
                      </test-case>
                      <test-case name="Umbraco.Tests.Services.ContentServiceTests.Can_Verify_Content_Has_Published_Version" executed="True" result="Success" success="True" time="0.755" asserts="3" />
                      <test-case name="Umbraco.Tests.Services.ContentServiceTests.Cannot_Create_Content_With_Non_Existing_ContentType_Alias" executed="True" result="Success" success="True" time="0.654" asserts="1" />
                      <test-case name="Umbraco.Tests.Services.ContentServiceTests.Cannot_Publish_Content_Awaiting_Release" executed="True" result="Success" success="True" time="0.731" asserts="3" />
                      <test-case name="Umbraco.Tests.Services.ContentServiceTests.Cannot_Publish_Content_Where_Parent_Is_Unpublished" executed="True" result="Success" success="True" time="0.731" asserts="2" />
                      <test-case name="Umbraco.Tests.Services.ContentServiceTests.Cannot_Publish_Expired_Content" executed="True" result="Success" success="True" time="0.733" asserts="3" />
                      <test-case name="Umbraco.Tests.Services.ContentServiceTests.Cannot_Publish_Trashed_Content" executed="True" result="Success" success="True" time="0.676" asserts="3" />
                    </results>
                  </test-suite>
                  <test-suite type="TestFixture" name="ContentTypeServiceTests" executed="True" result="Success" success="True" time="1.418" asserts="0">
                    <properties>
                      <property name="APARTMENT_STATE" value="STA" />
                    </properties>
                    <results>
                      <test-case name="Umbraco.Tests.Services.ContentTypeServiceTests.Can_Bulk_Save_New_Hierarchy_Content_Types" executed="True" result="Success" success="True" time="0.711" asserts="13" />
                      <test-case name="Umbraco.Tests.Services.ContentTypeServiceTests.Can_Save_ContentType_Structure_And_Create_Content_Based_On_It" executed="True" result="Success" success="True" time="0.696" asserts="5" />
                    </results>
                  </test-suite>
                  <test-suite type="TestFixture" name="DataTypeServiceTests" executed="True" result="Success" success="True" time="1.387" asserts="0">
                    <properties>
                      <property name="APARTMENT_STATE" value="STA" />
                    </properties>
                    <results>
                      <test-case name="Umbraco.Tests.Services.DataTypeServiceTests.DataTypeService_Can_Delete_Textfield_DataType_And_Clear_Usages" executed="True" result="Success" success="True" time="0.697" asserts="3" />
                      <test-case name="Umbraco.Tests.Services.DataTypeServiceTests.DataTypeService_Can_Persist_New_DataTypeDefinition" executed="True" result="Success" success="True" time="0.680" asserts="2" />
                    </results>
                  </test-suite>
                  <test-suite type="Namespace" name="Importing" executed="True" result="Success" success="True" time="8.817" asserts="0">
                    <results>
                      <test-suite type="TestFixture" name="PackageImportTests" executed="True" result="Success" success="True" time="8.816" asserts="0">
                        <properties>
                          <property name="APARTMENT_STATE" value="STA" />
                        </properties>
                        <results>
                          <test-case name="Umbraco.Tests.Services.Importing.PackageImportTests.PackagingService_Can_Import_Content_Package_Xml" executed="True" result="Success" success="True" time="1.207" asserts="5" />
                          <test-case name="Umbraco.Tests.Services.Importing.PackageImportTests.PackagingService_Can_Import_Inherited_ContentTypes_And_Verify_PropertyGroups_And_PropertyTypes" executed="True" result="Success" success="True" time="0.857" asserts="12" />
                          <test-case name="Umbraco.Tests.Services.Importing.PackageImportTests.PackagingService_Can_Import_Single_DocType" executed="True" result="Success" success="True" time="0.681" asserts="3" />
                          <test-case name="Umbraco.Tests.Services.Importing.PackageImportTests.PackagingService_Can_Import_StandardMvc_ContentTypes_And_Templates_Xml" executed="True" result="Success" success="True" time="1.191" asserts="5" />
                          <test-case name="Umbraco.Tests.Services.Importing.PackageImportTests.PackagingService_Can_Import_StandardMvc_ContentTypes_Package_Xml" executed="True" result="Success" success="True" time="0.944" asserts="12" />
                          <test-case name="Umbraco.Tests.Services.Importing.PackageImportTests.PackagingService_Can_Import_Template_Package_Xml" executed="True" result="Success" success="True" time="0.662" asserts="3" />
                          <test-case name="Umbraco.Tests.Services.Importing.PackageImportTests.PackagingService_Can_Import_Templates_Package_Xml_With_Invalid_Master" executed="True" result="Success" success="True" time="0.700" asserts="2" />
                          <test-case name="Umbraco.Tests.Services.Importing.PackageImportTests.PackagingService_Can_Import_uBlogsy_ContentTypes_And_Verify_Structure" executed="True" result="Success" success="True" time="1.057" asserts="20" />
                          <test-case name="Umbraco.Tests.Services.Importing.PackageImportTests.PackagingService_Can_ReImport_Single_DocType" executed="True" result="Success" success="True" time="0.754" asserts="8" />
                          <test-case name="Umbraco.Tests.Services.Importing.PackageImportTests.PackagingService_Can_ReImport_Templates_To_Update" executed="True" result="Success" success="True" time="0.708" asserts="5" />
                        </results>
                      </test-suite>
                    </results>
                  </test-suite>
                  <test-suite type="TestFixture" name="ThreadSafetyServiceTest" executed="True" result="Success" success="True" time="3.448" asserts="0">
                    <properties>
                      <property name="APARTMENT_STATE" value="STA" />
                    </properties>
                    <results>
                      <test-case name="Umbraco.Tests.Services.ThreadSafetyServiceTest.Ensure_All_Threads_Execute_Successfully_Content_Service" executed="True" result="Success" success="True" time="1.983" asserts="1" />
                      <test-case name="Umbraco.Tests.Services.ThreadSafetyServiceTest.Ensure_All_Threads_Execute_Successfully_Media_Service" executed="True" result="Success" success="True" time="1.455" asserts="1" />
                    </results>
                  </test-suite>
                </results>
              </test-suite>
              <test-suite type="TestFixture" name="StringExtensionsTests" executed="True" result="Failure" success="False" time="0.353" asserts="0">
                <results>
                  <test-suite type="ParameterizedTest" name="Encrypt_And_Decrypt" executed="True" result="Failure" success="False" time="0.059" asserts="0">
                    <results>
                      <test-case name="Umbraco.Tests.StringExtensionsTests.Encrypt_And_Decrypt(&quot;\nWhite space is preserved\n&quot;)" executed="True" result="Error" success="False" time="0.025" asserts="0">
                        <failure>
                          <message><![CDATA[System.NullReferenceException : Object reference not set to an instance of an object]]></message>
                          <stack-trace><![CDATA[at System.Web.Util.UrlUtils.Combine (System.String basePath, System.String relPath) [0x00000] in <filename unknown>:0
at System.Web.Security.FormsAuthentication.MapUrl (System.String url) [0x00000] in <filename unknown>:0
at System.Web.Security.FormsAuthentication.Initialize () [0x00000] in <filename unknown>:0
at System.Web.Security.FormsAuthentication.Encrypt (System.Web.Security.FormsAuthenticationTicket ticket) [0x00000] in <filename unknown>:0
at Umbraco.Core.StringExtensions.EncryptWithMachineKey (System.String value) [0x00000] in <filename unknown>:0
at Umbraco.Tests.StringExtensionsTests.Encrypt_And_Decrypt (System.String input) [0x00000] in <filename unknown>:0
]]></stack-trace>
                        </failure>
                      </test-case>
                      <test-case name="Umbraco.Tests.StringExtensionsTests.Encrypt_And_Decrypt(&quot;    White space is preserved    &quot;)" executed="True" result="Error" success="False" time="0.004" asserts="0">
                        <failure>
                          <message><![CDATA[System.NullReferenceException : Object reference not set to an instance of an object]]></message>
                          <stack-trace><![CDATA[at System.Web.Util.UrlUtils.Combine (System.String basePath, System.String relPath) [0x00000] in <filename unknown>:0
at System.Web.Security.FormsAuthentication.MapUrl (System.String url) [0x00000] in <filename unknown>:0
at System.Web.Security.FormsAuthentication.Initialize () [0x00000] in <filename unknown>:0
at System.Web.Security.FormsAuthentication.Encrypt (System.Web.Security.FormsAuthenticationTicket ticket) [0x00000] in <filename unknown>:0
at Umbraco.Core.StringExtensions.EncryptWithMachineKey (System.String value) [0x00000] in <filename unknown>:0
at Umbraco.Tests.StringExtensionsTests.Encrypt_And_Decrypt (System.String input) [0x00000] in <filename unknown>:0
]]></stack-trace>
                        </failure>
                      </test-case>
                      <test-case name="Umbraco.Tests.StringExtensionsTests.Encrypt_And_Decrypt(&quot;This is a string to encrypt\nThis is a second line&quot;)" executed="True" result="Error" success="False" time="0.003" asserts="0">
                        <failure>
                          <message><![CDATA[System.NullReferenceException : Object reference not set to an instance of an object]]></message>
                          <stack-trace><![CDATA[at System.Web.Util.UrlUtils.Combine (System.String basePath, System.String relPath) [0x00000] in <filename unknown>:0
at System.Web.Security.FormsAuthentication.MapUrl (System.String url) [0x00000] in <filename unknown>:0
at System.Web.Security.FormsAuthentication.Initialize () [0x00000] in <filename unknown>:0
at System.Web.Security.FormsAuthentication.Encrypt (System.Web.Security.FormsAuthenticationTicket ticket) [0x00000] in <filename unknown>:0
at Umbraco.Core.StringExtensions.EncryptWithMachineKey (System.String value) [0x00000] in <filename unknown>:0
at Umbraco.Tests.StringExtensionsTests.Encrypt_And_Decrypt (System.String input) [0x00000] in <filename unknown>:0
]]></stack-trace>
                        </failure>
                      </test-case>
                      <test-case name="Umbraco.Tests.StringExtensionsTests.Encrypt_And_Decrypt(&quot;This is a string to encrypt&quot;)" executed="True" result="Error" success="False" time="0.003" asserts="0">
                        <failure>
                          <message><![CDATA[System.NullReferenceException : Object reference not set to an instance of an object]]></message>
                          <stack-trace><![CDATA[at System.Web.Util.UrlUtils.Combine (System.String basePath, System.String relPath) [0x00000] in <filename unknown>:0
at System.Web.Security.FormsAuthentication.MapUrl (System.String url) [0x00000] in <filename unknown>:0
at System.Web.Security.FormsAuthentication.Initialize () [0x00000] in <filename unknown>:0
at System.Web.Security.FormsAuthentication.Encrypt (System.Web.Security.FormsAuthenticationTicket ticket) [0x00000] in <filename unknown>:0
at Umbraco.Core.StringExtensions.EncryptWithMachineKey (System.String value) [0x00000] in <filename unknown>:0
at Umbraco.Tests.StringExtensionsTests.Encrypt_And_Decrypt (System.String input) [0x00000] in <filename unknown>:0
]]></stack-trace>
                        </failure>
                      </test-case>
                    </results>
                  </test-suite>
                  <test-case name="Umbraco.Tests.StringExtensionsTests.Encrypt_And_Decrypt_Long_Value" executed="True" result="Error" success="False" time="0.115" asserts="0">
                    <failure>
                      <message><![CDATA[System.NullReferenceException : Object reference not set to an instance of an object]]></message>
                      <stack-trace><![CDATA[at System.Web.Util.UrlUtils.Combine (System.String basePath, System.String relPath) [0x00000] in <filename unknown>:0
at System.Web.Security.FormsAuthentication.MapUrl (System.String url) [0x00000] in <filename unknown>:0
at System.Web.Security.FormsAuthentication.Initialize () [0x00000] in <filename unknown>:0
at System.Web.Security.FormsAuthentication.Encrypt (System.Web.Security.FormsAuthenticationTicket ticket) [0x00000] in <filename unknown>:0
at Umbraco.Core.StringExtensions.EncryptWithMachineKey (System.String value) [0x00000] in <filename unknown>:0
at Umbraco.Tests.StringExtensionsTests.Encrypt_And_Decrypt_Long_Value () [0x00000] in <filename unknown>:0
]]></stack-trace>
                    </failure>
                  </test-case>
                  <test-suite type="ParameterizedTest" name="StringExtensions_To_Camel_Case" executed="True" result="Success" success="True" time="0.007" asserts="0">
                    <results>
                      <test-case name="Umbraco.Tests.StringExtensionsTests.StringExtensions_To_Camel_Case()" executed="True" result="Success" success="True" time="0.003" asserts="3" />
                    </results>
                  </test-suite>
                  <test-suite type="ParameterizedTest" name="StringExtensions_To_Entity_Alias" executed="True" result="Success" success="True" time="0.004" asserts="0">
                    <results>
                      <test-case name="Umbraco.Tests.StringExtensionsTests.StringExtensions_To_Entity_Alias()" executed="True" result="Success" success="True" time="0.003" asserts="5" />
                    </results>
                  </test-suite>
                  <test-suite type="ParameterizedTest" name="StringExtensions_To_Url_Alias" executed="True" result="Success" success="True" time="0.030" asserts="0">
                    <results>
                      <test-case name="Umbraco.Tests.StringExtensionsTests.StringExtensions_To_Url_Alias()" executed="True" result="Success" success="True" time="0.021" asserts="8" />
                    </results>
                  </test-suite>
                  <test-suite type="ParameterizedTest" name="TrimEnd" executed="True" result="Success" success="True" time="0.048" asserts="0">
                    <results>
                      <test-case name="Umbraco.Tests.StringExtensionsTests.TrimEnd(&quot;Hello this is my string string&quot;,&quot;Hello this is my string string&quot;,&quot;&quot;)" executed="True" result="Success" success="True" time="0.003" asserts="1" />
                      <test-case name="Umbraco.Tests.StringExtensionsTests.TrimEnd(&quot;Hello this is my string string&quot;,&quot;ello this is my string string&quot;,&quot;H&quot;)" executed="True" result="Success" success="True" time="0.004" asserts="1" />
                      <test-case name="Umbraco.Tests.StringExtensionsTests.TrimEnd(&quot;Hello this is my string string&quot;,&quot;g&quot;,&quot;Hello this is my string strin&quot;)" executed="True" result="Success" success="True" time="0.003" asserts="1" />
                      <test-case name="Umbraco.Tests.StringExtensionsTests.TrimEnd(&quot;Hello this is my string string&quot;,&quot; string&quot;,&quot;Hello this is my&quot;)" executed="True" result="Success" success="True" time="0.002" asserts="1" />
                      <test-case name="Umbraco.Tests.StringExtensionsTests.TrimEnd(&quot;Hello this is my string strung&quot;,&quot; string&quot;,&quot;Hello this is my string strung&quot;)" executed="True" result="Success" success="True" time="0.003" asserts="1" />
                      <test-case name="Umbraco.Tests.StringExtensionsTests.TrimEnd(&quot;Hello this is my string&quot;,&quot; string&quot;,&quot;Hello this is my&quot;)" executed="True" result="Success" success="True" time="0.003" asserts="1" />
                    </results>
                  </test-suite>
                  <test-suite type="ParameterizedTest" name="TrimStart" executed="True" result="Success" success="True" time="0.054" asserts="0">
                    <results>
                      <test-case name="Umbraco.Tests.StringExtensionsTests.TrimStart(&quot;Hello this is my string&quot;,&quot;Hello this is my string&quot;,&quot;&quot;)" executed="True" result="Success" success="True" time="0.003" asserts="1" />
                      <test-case name="Umbraco.Tests.StringExtensionsTests.TrimStart(&quot;Hello this is my string&quot;,&quot;Hello this is my &quot;,&quot;string&quot;)" executed="True" result="Success" success="True" time="0.003" asserts="1" />
                      <test-case name="Umbraco.Tests.StringExtensionsTests.TrimStart(&quot;Hello this is my string&quot;,&quot;Hello this&quot;,&quot; is my string&quot;)" executed="True" result="Success" success="True" time="0.003" asserts="1" />
                      <test-case name="Umbraco.Tests.StringExtensionsTests.TrimStart(&quot;Hello this is my string&quot;,&quot;hello&quot;,&quot; this is my string&quot;)" executed="True" result="Success" success="True" time="0.029" asserts="1" />
                    </results>
                  </test-suite>
                </results>
              </test-suite>
              <test-suite type="Namespace" name="Surface" executed="True" result="Success" success="True" time="0.042" asserts="0">
                <results>
                  <test-suite type="TestFixture" name="PluginControllerAreaTests" executed="True" result="Success" success="True" time="0.041" asserts="0">
                    <results>
                      <test-case name="Umbraco.Tests.Surface.PluginControllerAreaTests.Ensure_Same_Area1" executed="True" result="Success" success="True" time="0.018" asserts="1" />
                      <test-case name="Umbraco.Tests.Surface.PluginControllerAreaTests.Ensure_Same_Area2" executed="True" result="Success" success="True" time="0.008" asserts="0">
                        <reason>
                          <message><![CDATA[]]></message>
                        </reason>
                      </test-case>
                      <test-case name="Umbraco.Tests.Surface.PluginControllerAreaTests.Ensure_Same_Area3" executed="True" result="Success" success="True" time="0.005" asserts="1" />
                    </results>
                  </test-suite>
                </results>
              </test-suite>
              <test-suite type="Namespace" name="Templates" executed="True" result="Success" success="True" time="0.032" asserts="0">
                <results>
                  <test-suite type="TestFixture" name="MasterPageHelperTests" executed="True" result="Success" success="True" time="0.031" asserts="0">
                    <results>
                      <test-suite type="ParameterizedTest" name="IsMasterPageSyntax" executed="True" result="Success" success="True" time="0.031" asserts="0">
                        <results>
                          <test-case name="Umbraco.Tests.Templates.MasterPageHelperTests.IsMasterPageSyntax(&quot;&lt;%@master language=\&quot;C#\&quot; masterpagefile=\&quot;~/masterpages/umbMaster.master\&quot; autoeventwireup=\&quot;true\&quot; %&gt;&quot;)" executed="True" result="Success" success="True" time="0.003" asserts="1" />
                          <test-case name="Umbraco.Tests.Templates.MasterPageHelperTests.IsMasterPageSyntax(&quot;&lt;%@  Master language=\&quot;C#\&quot; masterpagefile=\&quot;~/masterpages/umbMaster.master\&quot; autoeventwireup=\&quot;true\&quot; %&gt;&quot;)" executed="True" result="Success" success="True" time="0.000" asserts="1" />
                          <test-case name="Umbraco.Tests.Templates.MasterPageHelperTests.IsMasterPageSyntax(&quot;&lt;%@Master language=\&quot;C#\&quot; masterpagefile=\&quot;~/masterpages/umbMaster.master\&quot; autoeventwireup=\&quot;true\&quot; %&gt;&quot;)" executed="True" result="Success" success="True" time="0.000" asserts="1" />
                          <test-case name="Umbraco.Tests.Templates.MasterPageHelperTests.IsMasterPageSyntax(&quot;&lt;%@ Master language=\&quot;C#\&quot; masterpagefile=\&quot;~/masterpages/umbMaster.master\&quot; autoeventwireup=\&quot;true\&quot; %&gt;&quot;)" executed="True" result="Success" success="True" time="0.000" asserts="1" />
                          <test-case name="Umbraco.Tests.Templates.MasterPageHelperTests.IsMasterPageSyntax(&quot;&lt;%@ master language=\&quot;C#\&quot; masterpagefile=\&quot;~/masterpages/umbMaster.master\&quot; autoeventwireup=\&quot;true\&quot; %&gt;&quot;)" executed="True" result="Success" success="True" time="0.000" asserts="1" />
                        </results>
                      </test-suite>
                    </results>
                  </test-suite>
                </results>
              </test-suite>
              <test-suite type="TestFixture" name="TypeFinderTests" executed="True" result="Success" success="True" time="0.085" asserts="0">
                <results>
                  <test-case name="Umbraco.Tests.TypeFinderTests.Benchmark_New_Finder" executed="False" result="Ignored">
                    <reason>
                      <message><![CDATA[]]></message>
                    </reason>
                  </test-case>
                  <test-case name="Umbraco.Tests.TypeFinderTests.Benchmark_Original_Finder" executed="False" result="Ignored">
                    <reason>
                      <message><![CDATA[]]></message>
                    </reason>
                  </test-case>
                  <test-case name="Umbraco.Tests.TypeFinderTests.Find_Class_Of_Type_With_Attribute" executed="True" result="Success" success="True" time="0.008" asserts="1" />
                  <test-case name="Umbraco.Tests.TypeFinderTests.Find_Classes_Of_Type" executed="True" result="Success" success="True" time="0.048" asserts="3" />
                  <test-case name="Umbraco.Tests.TypeFinderTests.Find_Classes_With_Attribute" executed="True" result="Success" success="True" time="0.010" asserts="1" />
                </results>
              </test-suite>
              <test-suite type="TestFixture" name="TypeHelperTests" executed="True" result="Success" success="True" time="0.248" asserts="1">
                <results>
                  <test-case name="Umbraco.Tests.TypeHelperTests.Find_Common_Base_Class" executed="True" result="Success" success="True" time="0.020" asserts="1">
                    <reason>
                      <message><![CDATA[SetUp : Automatically avoided running test in full trust as it passed in partial trust]]></message>
                    </reason>
                  </test-case>
                  <test-case name="Umbraco.Tests.TypeHelperTests.Is_Static_Class" executed="True" result="Success" success="True" time="0.003" asserts="1">
                    <reason>
                      <message><![CDATA[SetUp : Automatically avoided running test in full trust as it passed in partial trust]]></message>
                    </reason>
                  </test-case>
                </results>
              </test-suite>
              <test-suite type="TestFixture" name="UriUtilityTests" executed="True" result="Success" success="True" time="0.263" asserts="0">
                <results>
                  <test-suite type="ParameterizedTest" name="Uri_From_Umbraco" executed="True" result="Success" success="True" time="0.078" asserts="0">
                    <results>
                      <test-case name="Umbraco.Tests.UriUtilityTests.Uri_From_Umbraco(&quot;/home/sub1&quot;,&quot;/home/sub1/&quot;,True,True)" executed="True" result="Success" success="True" time="0.002" asserts="1" />
                      <test-case name="Umbraco.Tests.UriUtilityTests.Uri_From_Umbraco(&quot;/home&quot;,&quot;/home/&quot;,True,True)" executed="True" result="Success" success="True" time="0.000" asserts="1" />
                      <test-case name="Umbraco.Tests.UriUtilityTests.Uri_From_Umbraco(&quot;/&quot;,&quot;/&quot;,True,True)" executed="True" result="Success" success="True" time="0.000" asserts="1" />
                      <test-case name="Umbraco.Tests.UriUtilityTests.Uri_From_Umbraco(&quot;/home/sub1&quot;,&quot;/home/sub1&quot;,True,False)" executed="True" result="Success" success="True" time="0.000" asserts="1" />
                      <test-case name="Umbraco.Tests.UriUtilityTests.Uri_From_Umbraco(&quot;/home&quot;,&quot;/home&quot;,True,False)" executed="True" result="Success" success="True" time="0.000" asserts="1" />
                      <test-case name="Umbraco.Tests.UriUtilityTests.Uri_From_Umbraco(&quot;/&quot;,&quot;/&quot;,True,False)" executed="True" result="Success" success="True" time="0.000" asserts="1" />
                      <test-case name="Umbraco.Tests.UriUtilityTests.Uri_From_Umbraco(&quot;/home/sub1&quot;,&quot;/home/sub1.aspx&quot;,False,True)" executed="True" result="Success" success="True" time="0.000" asserts="1" />
                      <test-case name="Umbraco.Tests.UriUtilityTests.Uri_From_Umbraco(&quot;/home&quot;,&quot;/home.aspx&quot;,False,True)" executed="True" result="Success" success="True" time="0.000" asserts="1" />
                      <test-case name="Umbraco.Tests.UriUtilityTests.Uri_From_Umbraco(&quot;/&quot;,&quot;/&quot;,False,True)" executed="True" result="Success" success="True" time="0.000" asserts="1" />
                      <test-case name="Umbraco.Tests.UriUtilityTests.Uri_From_Umbraco(&quot;/home/sub1&quot;,&quot;/home/sub1.aspx&quot;,False,False)" executed="True" result="Success" success="True" time="0.000" asserts="1" />
                      <test-case name="Umbraco.Tests.UriUtilityTests.Uri_From_Umbraco(&quot;/home&quot;,&quot;/home.aspx&quot;,False,False)" executed="True" result="Success" success="True" time="0.000" asserts="1" />
                      <test-case name="Umbraco.Tests.UriUtilityTests.Uri_From_Umbraco(&quot;/&quot;,&quot;/&quot;,False,False)" executed="True" result="Success" success="True" time="0.000" asserts="1" />
                    </results>
                  </test-suite>
                  <test-suite type="ParameterizedTest" name="Uri_To_Absolute" executed="True" result="Success" success="True" time="0.043" asserts="0">
                    <results>
                      <test-case name="Umbraco.Tests.UriUtilityTests.Uri_To_Absolute(&quot;/vdir&quot;,&quot;~/foo&quot;,&quot;/vdir/foo&quot;)" executed="True" result="Success" success="True" time="0.000" asserts="1" />
                      <test-case name="Umbraco.Tests.UriUtilityTests.Uri_To_Absolute(&quot;/vdir&quot;,&quot;/foo/&quot;,&quot;/vdir/foo/&quot;)" executed="True" result="Success" success="True" time="0.000" asserts="1" />
                      <test-case name="Umbraco.Tests.UriUtilityTests.Uri_To_Absolute(&quot;/vdir&quot;,&quot;/foo&quot;,&quot;/vdir/foo&quot;)" executed="True" result="Success" success="True" time="0.000" asserts="1" />
                      <test-case name="Umbraco.Tests.UriUtilityTests.Uri_To_Absolute(&quot;/vdir&quot;,&quot;/&quot;,&quot;/vdir/&quot;)" executed="True" result="Success" success="True" time="0.000" asserts="1" />
                      <test-case name="Umbraco.Tests.UriUtilityTests.Uri_To_Absolute(&quot;/&quot;,&quot;~/foo&quot;,&quot;/foo&quot;)" executed="True" result="Success" success="True" time="0.000" asserts="1" />
                      <test-case name="Umbraco.Tests.UriUtilityTests.Uri_To_Absolute(&quot;/&quot;,&quot;/foo&quot;,&quot;/foo&quot;)" executed="True" result="Success" success="True" time="0.000" asserts="1" />
                      <test-case name="Umbraco.Tests.UriUtilityTests.Uri_To_Absolute(&quot;/&quot;,&quot;/&quot;,&quot;/&quot;)" executed="True" result="Success" success="True" time="0.000" asserts="1" />
                    </results>
                  </test-suite>
                  <test-suite type="ParameterizedTest" name="Uri_To_Umbraco" executed="True" result="Success" success="True" time="0.089" asserts="0">
                    <results>
                      <test-case name="Umbraco.Tests.UriUtilityTests.Uri_To_Umbraco(&quot;http://Localhost/deFault.aspx/Home.aspx/deFault.aspx/Sub1.aspx&quot;,&quot;http://localhost/home/default/sub1&quot;)" executed="True" result="Success" success="True" time="0.000" asserts="1" />
                      <test-case name="Umbraco.Tests.UriUtilityTests.Uri_To_Umbraco(&quot;http://Localhost/Home.aspx/Sub1.aspx/Sub2?x=y&quot;,&quot;http://localhost/home/sub1/sub2?x=y&quot;)" executed="True" result="Success" success="True" time="0.000" asserts="1" />
                      <test-case name="Umbraco.Tests.UriUtilityTests.Uri_To_Umbraco(&quot;http://Localhost/Home/Sub1.aspx/Sub2?x=y&quot;,&quot;http://localhost/home/sub1/sub2?x=y&quot;)" executed="True" result="Success" success="True" time="0.000" asserts="1" />
                      <test-case name="Umbraco.Tests.UriUtilityTests.Uri_To_Umbraco(&quot;http://Localhost/Home/Sub1.aspx/Sub2&quot;,&quot;http://localhost/home/sub1/sub2&quot;)" executed="True" result="Success" success="True" time="0.000" asserts="1" />
                      <test-case name="Umbraco.Tests.UriUtilityTests.Uri_To_Umbraco(&quot;http://LocalHost/deFault.aspx?x=y&quot;,&quot;http://localhost/?x=y&quot;)" executed="True" result="Success" success="True" time="0.000" asserts="1" />
                      <test-case name="Umbraco.Tests.UriUtilityTests.Uri_To_Umbraco(&quot;http://LocalHost/deFault.aspx&quot;,&quot;http://localhost/&quot;)" executed="True" result="Success" success="True" time="0.000" asserts="1" />
                      <test-case name="Umbraco.Tests.UriUtilityTests.Uri_To_Umbraco(&quot;http://LocalHost/Home/Sub1/?x=y&quot;,&quot;http://localhost/home/sub1?x=y&quot;)" executed="True" result="Success" success="True" time="0.000" asserts="1" />
                      <test-case name="Umbraco.Tests.UriUtilityTests.Uri_To_Umbraco(&quot;http://LocalHost/Home/Sub1/&quot;,&quot;http://localhost/home/sub1&quot;)" executed="True" result="Success" success="True" time="0.000" asserts="1" />
                      <test-case name="Umbraco.Tests.UriUtilityTests.Uri_To_Umbraco(&quot;http://LocalHost/Home/?x=y&quot;,&quot;http://localhost/home?x=y&quot;)" executed="True" result="Success" success="True" time="0.000" asserts="1" />
                      <test-case name="Umbraco.Tests.UriUtilityTests.Uri_To_Umbraco(&quot;http://LocalHost/Home/&quot;,&quot;http://localhost/home&quot;)" executed="True" result="Success" success="True" time="0.000" asserts="1" />
                      <test-case name="Umbraco.Tests.UriUtilityTests.Uri_To_Umbraco(&quot;http://LocalHost/&quot;,&quot;http://localhost/&quot;)" executed="True" result="Success" success="True" time="0.000" asserts="1" />
                      <test-case name="Umbraco.Tests.UriUtilityTests.Uri_To_Umbraco(&quot;http://LocalHost/Home/Sub1.aspx?x=y&quot;,&quot;http://localhost/home/sub1?x=y&quot;)" executed="True" result="Success" success="True" time="0.000" asserts="1" />
                      <test-case name="Umbraco.Tests.UriUtilityTests.Uri_To_Umbraco(&quot;http://LocalHost/Home/Sub1.aspx&quot;,&quot;http://localhost/home/sub1&quot;)" executed="True" result="Success" success="True" time="0.000" asserts="1" />
                      <test-case name="Umbraco.Tests.UriUtilityTests.Uri_To_Umbraco(&quot;http://LocalHost/Home.aspx?x=y&quot;,&quot;http://localhost/home?x=y&quot;)" executed="True" result="Success" success="True" time="0.000" asserts="1" />
                      <test-case name="Umbraco.Tests.UriUtilityTests.Uri_To_Umbraco(&quot;http://LocalHost/Home.aspx&quot;,&quot;http://localhost/home&quot;)" executed="True" result="Success" success="True" time="0.000" asserts="1" />
                      <test-case name="Umbraco.Tests.UriUtilityTests.Uri_To_Umbraco(&quot;http://LocalHost/Home/Sub1?x=y&quot;,&quot;http://localhost/home/sub1?x=y&quot;)" executed="True" result="Success" success="True" time="0.000" asserts="1" />
                      <test-case name="Umbraco.Tests.UriUtilityTests.Uri_To_Umbraco(&quot;http://LocalHost/Home/Sub1&quot;,&quot;http://localhost/home/sub1&quot;)" executed="True" result="Success" success="True" time="0.000" asserts="1" />
                      <test-case name="Umbraco.Tests.UriUtilityTests.Uri_To_Umbraco(&quot;http://LocalHost/Home?x=y&quot;,&quot;http://localhost/home?x=y&quot;)" executed="True" result="Success" success="True" time="0.000" asserts="1" />
                      <test-case name="Umbraco.Tests.UriUtilityTests.Uri_To_Umbraco(&quot;http://LocalHost/Home&quot;,&quot;http://localhost/home&quot;)" executed="True" result="Success" success="True" time="0.000" asserts="1" />
                      <test-case name="Umbraco.Tests.UriUtilityTests.Uri_To_Umbraco(&quot;http://LocalHost/?x=y&quot;,&quot;http://localhost/?x=y&quot;)" executed="True" result="Success" success="True" time="0.000" asserts="1" />
                      <test-case name="Umbraco.Tests.UriUtilityTests.Uri_To_Umbraco(&quot;http://LocalHost/&quot;,&quot;http://localhost/&quot;)" executed="True" result="Success" success="True" time="0.000" asserts="1" />
                    </results>
                  </test-suite>
                  <test-suite type="ParameterizedTest" name="Url_To_App_Relative" executed="True" result="Success" success="True" time="0.026" asserts="0">
                    <results>
                      <test-case name="Umbraco.Tests.UriUtilityTests.Url_To_App_Relative(&quot;/vdir&quot;,&quot;/vdir/foo/&quot;,&quot;/foo/&quot;)" executed="True" result="Success" success="True" time="0.000" asserts="1" />
                      <test-case name="Umbraco.Tests.UriUtilityTests.Url_To_App_Relative(&quot;/vdir&quot;,&quot;/vdir/foo&quot;,&quot;/foo&quot;)" executed="True" result="Success" success="True" time="0.000" asserts="1" />
                      <test-case name="Umbraco.Tests.UriUtilityTests.Url_To_App_Relative(&quot;/vdir&quot;,&quot;/vdir/&quot;,&quot;/&quot;)" executed="True" result="Success" success="True" time="0.000" asserts="1" />
                      <test-case name="Umbraco.Tests.UriUtilityTests.Url_To_App_Relative(&quot;/vdir&quot;,&quot;/vdir&quot;,&quot;/&quot;)" executed="True" result="Success" success="True" time="0.000" asserts="1" />
                      <test-case name="Umbraco.Tests.UriUtilityTests.Url_To_App_Relative(&quot;/&quot;,&quot;/foo/&quot;,&quot;/foo/&quot;)" executed="True" result="Success" success="True" time="0.000" asserts="1" />
                      <test-case name="Umbraco.Tests.UriUtilityTests.Url_To_App_Relative(&quot;/&quot;,&quot;/foo&quot;,&quot;/foo&quot;)" executed="True" result="Success" success="True" time="0.000" asserts="1" />
                      <test-case name="Umbraco.Tests.UriUtilityTests.Url_To_App_Relative(&quot;/&quot;,&quot;/&quot;,&quot;/&quot;)" executed="True" result="Success" success="True" time="0.000" asserts="1" />
                    </results>
                  </test-suite>
                </results>
              </test-suite>
              <test-suite type="TestFixture" name="XmlHelperTests" executed="True" result="Success" success="True" time="0.036" asserts="0">
                <results>
                  <test-case name="Umbraco.Tests.XmlHelperTests.Sort_Nodes" executed="True" result="Success" success="True" time="0.020" asserts="31" />
                  <test-case name="Umbraco.Tests.XmlHelperTests.Sort_Nodes_Benchmark_Legacy" executed="False" result="Ignored">
                    <reason>
                      <message><![CDATA[This is a benchmark test so is ignored by default]]></message>
                    </reason>
                  </test-case>
                  <test-case name="Umbraco.Tests.XmlHelperTests.Sort_Nodes_Benchmark_New" executed="False" result="Ignored">
                    <reason>
                      <message><![CDATA[This is a benchmark test so is ignored by default]]></message>
                    </reason>
                  </test-case>
                </results>
              </test-suite>
            </results>
          </test-suite>
        </results>
      </test-suite>
    </results>
  </test-suite>
</test-results>